2024-06-12 10:08:31.905  INFO DESKTOP-2B56038 --- [kground-preinit] o.h.v.i.u.Version                        : HV000001: Hibernate Validator 6.2.5.Final
2024-06-12 10:08:31.952  INFO DESKTOP-2B56038 --- [  restartedMain] c.i.s.StaffNotificationV2Application     : Starting StaffNotificationV2Application using Java 15.0.2 on DESKTOP-2B56038 with PID 21852 (F:\Workspace_java\staff-notification-v2\target\classes started by nthan in F:\Workspace_java\staff-notification-v2)
2024-06-12 10:08:31.957  INFO DESKTOP-2B56038 --- [  restartedMain] c.i.s.StaffNotificationV2Application     : No active profile set, falling back to 1 default profile: "default"
2024-06-12 10:08:31.993  INFO DESKTOP-2B56038 --- [  restartedMain] .e.DevToolsPropertyDefaultsPostProcessor : Devtools property defaults active! Set 'spring.devtools.add-properties' to 'false' to disable
2024-06-12 10:08:31.994  INFO DESKTOP-2B56038 --- [  restartedMain] .e.DevToolsPropertyDefaultsPostProcessor : For additional web related logging consider setting the 'logging.level.web' property to 'DEBUG'
2024-06-12 10:08:33.375  INFO DESKTOP-2B56038 --- [  restartedMain] .s.d.r.c.RepositoryConfigurationDelegate : Bootstrapping Spring Data JPA repositories in DEFAULT mode.
2024-06-12 10:08:33.441  INFO DESKTOP-2B56038 --- [  restartedMain] .s.d.r.c.RepositoryConfigurationDelegate : Finished Spring Data repository scanning in 59 ms. Found 9 JPA repository interfaces.
2024-06-12 10:08:33.988  INFO DESKTOP-2B56038 --- [  restartedMain] o.s.b.w.e.t.TomcatWebServer              : Tomcat initialized with port(s): 8080 (http)
2024-06-12 10:08:34.001  INFO DESKTOP-2B56038 --- [  restartedMain] o.a.c.h.Http11NioProtocol                : Initializing ProtocolHandler ["http-nio-8080"]
2024-06-12 10:08:34.004  INFO DESKTOP-2B56038 --- [  restartedMain] o.a.c.c.StandardService                  : Starting service [Tomcat]
2024-06-12 10:08:34.004  INFO DESKTOP-2B56038 --- [  restartedMain] o.a.c.c.StandardEngine                   : Starting Servlet engine: [Apache Tomcat/9.0.78]
2024-06-12 10:08:34.119  INFO DESKTOP-2B56038 --- [  restartedMain] o.a.c.c.C.[.[.[/]                        : Initializing Spring embedded WebApplicationContext
2024-06-12 10:08:34.119  INFO DESKTOP-2B56038 --- [  restartedMain] w.s.c.ServletWebServerApplicationContext : Root WebApplicationContext: initialization completed in 2124 ms
2024-06-12 10:08:34.287  WARN DESKTOP-2B56038 --- [  restartedMain] JpaBaseConfiguration$JpaWebConfiguration : spring.jpa.open-in-view is enabled by default. Therefore, database queries may be performed during view rendering. Explicitly configure spring.jpa.open-in-view to disable this warning
2024-06-12 10:08:34.339  INFO DESKTOP-2B56038 --- [  restartedMain] c.z.h.HikariDataSource                   : HikariPool-1 - Starting...
2024-06-12 10:08:34.480  INFO DESKTOP-2B56038 --- [  restartedMain] c.z.h.HikariDataSource                   : HikariPool-1 - Start completed.
2024-06-12 10:08:34.518  INFO DESKTOP-2B56038 --- [  restartedMain] o.h.j.i.u.LogHelper                      : HHH000204: Processing PersistenceUnitInfo [name: default]
2024-06-12 10:08:34.568  INFO DESKTOP-2B56038 --- [  restartedMain] o.h.Version                              : HHH000412: Hibernate ORM core version 5.6.15.Final
2024-06-12 10:08:34.714  INFO DESKTOP-2B56038 --- [  restartedMain] o.h.a.c.Version                          : HCANN000001: Hibernate Commons Annotations {5.1.2.Final}
2024-06-12 10:08:34.811  INFO DESKTOP-2B56038 --- [  restartedMain] o.h.d.Dialect                            : HHH000400: Using dialect: org.hibernate.dialect.MySQL8Dialect
2024-06-12 10:08:35.488  INFO DESKTOP-2B56038 --- [  restartedMain] o.h.e.t.j.p.i.JtaPlatformInitiator       : HHH000490: Using JtaPlatform implementation: [org.hibernate.engine.transaction.jta.platform.internal.NoJtaPlatform]
2024-06-12 10:08:35.495  INFO DESKTOP-2B56038 --- [  restartedMain] j.LocalContainerEntityManagerFactoryBean : Initialized JPA EntityManagerFactory for persistence unit 'default'
2024-06-12 10:08:36.553  INFO DESKTOP-2B56038 --- [  restartedMain] o.s.s.w.DefaultSecurityFilterChain       : Will secure any request with [org.springframework.security.web.session.DisableEncodeUrlFilter@79e1ed04, org.springframework.security.web.context.request.async.WebAsyncManagerIntegrationFilter@7232e420, org.springframework.security.web.context.SecurityContextPersistenceFilter@79919e54, org.springframework.security.web.header.HeaderWriterFilter@257d9308, org.springframework.web.filter.CorsFilter@58a36aec, org.springframework.security.web.authentication.logout.LogoutFilter@c524877, com.istt.staff_notification_v2.security.securityv2.JwtAuthenticationFilter@5b5be318, org.springframework.security.web.savedrequest.RequestCacheAwareFilter@73af9710, org.springframework.security.web.servletapi.SecurityContextHolderAwareRequestFilter@1ac3e816, org.springframework.security.web.authentication.AnonymousAuthenticationFilter@390f7503, org.springframework.security.web.session.SessionManagementFilter@25d51024, org.springframework.security.web.access.ExceptionTranslationFilter@6d81a2d3, org.springframework.security.web.access.intercept.FilterSecurityInterceptor@18ad70cc]
2024-06-12 10:08:37.444  INFO DESKTOP-2B56038 --- [  restartedMain] o.s.b.d.a.OptionalLiveReloadServer       : LiveReload server is running on port 35729
2024-06-12 10:08:37.465  INFO DESKTOP-2B56038 --- [  restartedMain] o.a.c.h.Http11NioProtocol                : Starting ProtocolHandler ["http-nio-8080"]
2024-06-12 10:08:37.491  INFO DESKTOP-2B56038 --- [  restartedMain] o.s.b.w.e.t.TomcatWebServer              : Tomcat started on port(s): 8080 (http) with context path ''
2024-06-12 10:08:37.499  INFO DESKTOP-2B56038 --- [  restartedMain] c.i.s.StaffNotificationV2Application     : Started StaffNotificationV2Application in 5.869 seconds (JVM running for 7.027)
2024-06-12 10:08:37.730  INFO DESKTOP-2B56038 --- [nio-8080-exec-1] o.a.c.c.C.[.[.[/]                        : Initializing Spring DispatcherServlet 'dispatcherServlet'
2024-06-12 10:08:37.731  INFO DESKTOP-2B56038 --- [nio-8080-exec-1] o.s.w.s.DispatcherServlet                : Initializing Servlet 'dispatcherServlet'
2024-06-12 10:08:37.732  INFO DESKTOP-2B56038 --- [nio-8080-exec-1] o.s.w.s.DispatcherServlet                : Completed initialization in 1 ms
2024-06-12 10:08:39.108  INFO DESKTOP-2B56038 --- [nio-8080-exec-3] o.s.a.AbstractOpenApiResource            : Init duration for springdoc-openapi is: 624 ms
2024-06-12 10:14:02.062  WARN DESKTOP-2B56038 --- [nio-8080-exec-7] .m.m.a.ExceptionHandlerExceptionResolver : Resolved [org.springframework.http.converter.HttpMessageNotReadableException: JSON parse error: Cannot deserialize value of type `java.util.Date` from String "2024-06-12T03:13:03.689Z": expected format "dd/MM/yyyy"; nested exception is com.fasterxml.jackson.databind.exc.InvalidFormatException: Cannot deserialize value of type `java.util.Date` from String "2024-06-12T03:13:03.689Z": expected format "dd/MM/yyyy"<EOL> at [Source: (org.springframework.util.StreamUtils$NonClosingInputStream); line: 20, column: 20] (through reference chain: com.istt.staff_notification_v2.dto.AttendanceDTO["employee"]->com.istt.staff_notification_v2.entity.Employee["dateofbirth"])]
2024-06-12 10:15:18.465  INFO DESKTOP-2B56038 --- [   File Watcher] rtingClassPathChangeChangedEventListener : Restarting due to 1 class path change (0 additions, 0 deletions, 1 modification)
2024-06-12 10:15:18.486  INFO DESKTOP-2B56038 --- [       Thread-5] o.a.c.h.Http11NioProtocol                : Pausing ProtocolHandler ["http-nio-8080"]
2024-06-12 10:15:18.486  INFO DESKTOP-2B56038 --- [       Thread-5] o.a.c.c.StandardService                  : Stopping service [Tomcat]
2024-06-12 10:15:18.487  INFO DESKTOP-2B56038 --- [       Thread-5] o.a.c.c.C.[.[.[/]                        : Destroying Spring FrameworkServlet 'dispatcherServlet'
2024-06-12 10:15:18.492  WARN DESKTOP-2B56038 --- [       Thread-5] o.a.c.l.WebappClassLoaderBase            : The web application [ROOT] appears to have started a thread named [HikariPool-1 housekeeper] but has failed to stop it. This is very likely to create a memory leak. Stack trace of thread:
 java.base@15.0.2/jdk.internal.misc.Unsafe.park(Native Method)
 java.base@15.0.2/java.util.concurrent.locks.LockSupport.parkNanos(LockSupport.java:252)
 java.base@15.0.2/java.util.concurrent.locks.AbstractQueuedSynchronizer$ConditionObject.awaitNanos(AbstractQueuedSynchronizer.java:1661)
 java.base@15.0.2/java.util.concurrent.ScheduledThreadPoolExecutor$DelayedWorkQueue.take(ScheduledThreadPoolExecutor.java:1182)
 java.base@15.0.2/java.util.concurrent.ScheduledThreadPoolExecutor$DelayedWorkQueue.take(ScheduledThreadPoolExecutor.java:899)
 java.base@15.0.2/java.util.concurrent.ThreadPoolExecutor.getTask(ThreadPoolExecutor.java:1056)
 java.base@15.0.2/java.util.concurrent.ThreadPoolExecutor.runWorker(ThreadPoolExecutor.java:1116)
 java.base@15.0.2/java.util.concurrent.ThreadPoolExecutor$Worker.run(ThreadPoolExecutor.java:630)
 java.base@15.0.2/java.lang.Thread.run(Thread.java:832)
2024-06-12 10:15:18.493  INFO DESKTOP-2B56038 --- [       Thread-5] o.a.c.h.Http11NioProtocol                : Stopping ProtocolHandler ["http-nio-8080"]
2024-06-12 10:15:18.495  INFO DESKTOP-2B56038 --- [       Thread-5] o.a.c.h.Http11NioProtocol                : Destroying ProtocolHandler ["http-nio-8080"]
2024-06-12 10:15:18.504  INFO DESKTOP-2B56038 --- [       Thread-5] j.LocalContainerEntityManagerFactoryBean : Closing JPA EntityManagerFactory for persistence unit 'default'
2024-06-12 10:15:18.507  INFO DESKTOP-2B56038 --- [       Thread-5] c.z.h.HikariDataSource                   : HikariPool-1 - Shutdown initiated...
2024-06-12 10:15:18.515  INFO DESKTOP-2B56038 --- [       Thread-5] c.z.h.HikariDataSource                   : HikariPool-1 - Shutdown completed.
2024-06-12 10:15:18.617  INFO DESKTOP-2B56038 --- [  restartedMain] c.i.s.StaffNotificationV2Application     : Starting StaffNotificationV2Application using Java 15.0.2 on DESKTOP-2B56038 with PID 21852 (F:\Workspace_java\staff-notification-v2\target\classes started by nthan in F:\Workspace_java\staff-notification-v2)
2024-06-12 10:15:18.618  INFO DESKTOP-2B56038 --- [  restartedMain] c.i.s.StaffNotificationV2Application     : No active profile set, falling back to 1 default profile: "default"
2024-06-12 10:15:18.862  INFO DESKTOP-2B56038 --- [  restartedMain] .s.d.r.c.RepositoryConfigurationDelegate : Bootstrapping Spring Data JPA repositories in DEFAULT mode.
2024-06-12 10:15:18.891  INFO DESKTOP-2B56038 --- [  restartedMain] .s.d.r.c.RepositoryConfigurationDelegate : Finished Spring Data repository scanning in 29 ms. Found 9 JPA repository interfaces.
2024-06-12 10:15:19.020  INFO DESKTOP-2B56038 --- [  restartedMain] o.s.b.w.e.t.TomcatWebServer              : Tomcat initialized with port(s): 8080 (http)
2024-06-12 10:15:19.021  INFO DESKTOP-2B56038 --- [  restartedMain] o.a.c.h.Http11NioProtocol                : Initializing ProtocolHandler ["http-nio-8080"]
2024-06-12 10:15:19.021  INFO DESKTOP-2B56038 --- [  restartedMain] o.a.c.c.StandardService                  : Starting service [Tomcat]
2024-06-12 10:15:19.021  INFO DESKTOP-2B56038 --- [  restartedMain] o.a.c.c.StandardEngine                   : Starting Servlet engine: [Apache Tomcat/9.0.78]
2024-06-12 10:15:19.045  INFO DESKTOP-2B56038 --- [  restartedMain] o.a.c.c.C.[.[.[/]                        : Initializing Spring embedded WebApplicationContext
2024-06-12 10:15:19.045  INFO DESKTOP-2B56038 --- [  restartedMain] w.s.c.ServletWebServerApplicationContext : Root WebApplicationContext: initialization completed in 425 ms
2024-06-12 10:15:19.096  WARN DESKTOP-2B56038 --- [  restartedMain] JpaBaseConfiguration$JpaWebConfiguration : spring.jpa.open-in-view is enabled by default. Therefore, database queries may be performed during view rendering. Explicitly configure spring.jpa.open-in-view to disable this warning
2024-06-12 10:15:19.117  INFO DESKTOP-2B56038 --- [  restartedMain] c.z.h.HikariDataSource                   : HikariPool-2 - Starting...
2024-06-12 10:15:19.121  INFO DESKTOP-2B56038 --- [  restartedMain] c.z.h.HikariDataSource                   : HikariPool-2 - Start completed.
2024-06-12 10:15:19.126  INFO DESKTOP-2B56038 --- [  restartedMain] o.h.j.i.u.LogHelper                      : HHH000204: Processing PersistenceUnitInfo [name: default]
2024-06-12 10:15:19.130  INFO DESKTOP-2B56038 --- [  restartedMain] o.h.d.Dialect                            : HHH000400: Using dialect: org.hibernate.dialect.MySQL8Dialect
2024-06-12 10:15:19.297  INFO DESKTOP-2B56038 --- [  restartedMain] o.h.e.t.j.p.i.JtaPlatformInitiator       : HHH000490: Using JtaPlatform implementation: [org.hibernate.engine.transaction.jta.platform.internal.NoJtaPlatform]
2024-06-12 10:15:19.297  INFO DESKTOP-2B56038 --- [  restartedMain] j.LocalContainerEntityManagerFactoryBean : Initialized JPA EntityManagerFactory for persistence unit 'default'
2024-06-12 10:15:19.946  INFO DESKTOP-2B56038 --- [  restartedMain] o.s.s.w.DefaultSecurityFilterChain       : Will secure any request with [org.springframework.security.web.session.DisableEncodeUrlFilter@7769baad, org.springframework.security.web.context.request.async.WebAsyncManagerIntegrationFilter@3d4bd41, org.springframework.security.web.context.SecurityContextPersistenceFilter@7e3002e7, org.springframework.security.web.header.HeaderWriterFilter@4907e24d, org.springframework.web.filter.CorsFilter@65616807, org.springframework.security.web.authentication.logout.LogoutFilter@98f0f7, com.istt.staff_notification_v2.security.securityv2.JwtAuthenticationFilter@5be0a8, org.springframework.security.web.savedrequest.RequestCacheAwareFilter@6adf7e1e, org.springframework.security.web.servletapi.SecurityContextHolderAwareRequestFilter@1cbcfc82, org.springframework.security.web.authentication.AnonymousAuthenticationFilter@5cf19a41, org.springframework.security.web.session.SessionManagementFilter@23c83ae5, org.springframework.security.web.access.ExceptionTranslationFilter@41fab037, org.springframework.security.web.access.intercept.FilterSecurityInterceptor@6cf24029]
2024-06-12 10:15:20.573  INFO DESKTOP-2B56038 --- [  restartedMain] o.s.b.d.a.OptionalLiveReloadServer       : LiveReload server is running on port 35729
2024-06-12 10:15:20.591  INFO DESKTOP-2B56038 --- [  restartedMain] o.a.c.h.Http11NioProtocol                : Starting ProtocolHandler ["http-nio-8080"]
2024-06-12 10:15:20.594  INFO DESKTOP-2B56038 --- [  restartedMain] o.s.b.w.e.t.TomcatWebServer              : Tomcat started on port(s): 8080 (http) with context path ''
2024-06-12 10:15:20.599  INFO DESKTOP-2B56038 --- [  restartedMain] c.i.s.StaffNotificationV2Application     : Started StaffNotificationV2Application in 2.033 seconds (JVM running for 410.127)
2024-06-12 10:15:20.601  INFO DESKTOP-2B56038 --- [  restartedMain] .ConditionEvaluationDeltaLoggingListener : Condition evaluation unchanged
2024-06-12 10:15:25.127  INFO DESKTOP-2B56038 --- [   File Watcher] rtingClassPathChangeChangedEventListener : Restarting due to 3 class path changes (0 additions, 0 deletions, 3 modifications)
2024-06-12 10:15:25.140  INFO DESKTOP-2B56038 --- [       Thread-7] o.a.c.h.Http11NioProtocol                : Pausing ProtocolHandler ["http-nio-8080"]
2024-06-12 10:15:25.140  INFO DESKTOP-2B56038 --- [       Thread-7] o.a.c.c.StandardService                  : Stopping service [Tomcat]
2024-06-12 10:15:25.142  WARN DESKTOP-2B56038 --- [       Thread-7] o.a.c.l.WebappClassLoaderBase            : The web application [ROOT] appears to have started a thread named [HikariPool-2 housekeeper] but has failed to stop it. This is very likely to create a memory leak. Stack trace of thread:
 java.base@15.0.2/jdk.internal.misc.Unsafe.park(Native Method)
 java.base@15.0.2/java.util.concurrent.locks.LockSupport.parkNanos(LockSupport.java:252)
 java.base@15.0.2/java.util.concurrent.locks.AbstractQueuedSynchronizer$ConditionObject.awaitNanos(AbstractQueuedSynchronizer.java:1661)
 java.base@15.0.2/java.util.concurrent.ScheduledThreadPoolExecutor$DelayedWorkQueue.take(ScheduledThreadPoolExecutor.java:1182)
 java.base@15.0.2/java.util.concurrent.ScheduledThreadPoolExecutor$DelayedWorkQueue.take(ScheduledThreadPoolExecutor.java:899)
 java.base@15.0.2/java.util.concurrent.ThreadPoolExecutor.getTask(ThreadPoolExecutor.java:1056)
 java.base@15.0.2/java.util.concurrent.ThreadPoolExecutor.runWorker(ThreadPoolExecutor.java:1116)
 java.base@15.0.2/java.util.concurrent.ThreadPoolExecutor$Worker.run(ThreadPoolExecutor.java:630)
 java.base@15.0.2/java.lang.Thread.run(Thread.java:832)
2024-06-12 10:15:25.143  INFO DESKTOP-2B56038 --- [       Thread-7] o.a.c.h.Http11NioProtocol                : Stopping ProtocolHandler ["http-nio-8080"]
2024-06-12 10:15:25.144  INFO DESKTOP-2B56038 --- [       Thread-7] o.a.c.h.Http11NioProtocol                : Destroying ProtocolHandler ["http-nio-8080"]
2024-06-12 10:15:25.146  INFO DESKTOP-2B56038 --- [       Thread-7] j.LocalContainerEntityManagerFactoryBean : Closing JPA EntityManagerFactory for persistence unit 'default'
2024-06-12 10:15:25.147  INFO DESKTOP-2B56038 --- [       Thread-7] c.z.h.HikariDataSource                   : HikariPool-2 - Shutdown initiated...
2024-06-12 10:15:25.148  INFO DESKTOP-2B56038 --- [       Thread-7] c.z.h.HikariDataSource                   : HikariPool-2 - Shutdown completed.
2024-06-12 10:15:25.226  INFO DESKTOP-2B56038 --- [  restartedMain] c.i.s.StaffNotificationV2Application     : Starting StaffNotificationV2Application using Java 15.0.2 on DESKTOP-2B56038 with PID 21852 (F:\Workspace_java\staff-notification-v2\target\classes started by nthan in F:\Workspace_java\staff-notification-v2)
2024-06-12 10:15:25.226  INFO DESKTOP-2B56038 --- [  restartedMain] c.i.s.StaffNotificationV2Application     : No active profile set, falling back to 1 default profile: "default"
2024-06-12 10:15:25.380  INFO DESKTOP-2B56038 --- [  restartedMain] .s.d.r.c.RepositoryConfigurationDelegate : Bootstrapping Spring Data JPA repositories in DEFAULT mode.
2024-06-12 10:15:25.404  INFO DESKTOP-2B56038 --- [  restartedMain] .s.d.r.c.RepositoryConfigurationDelegate : Finished Spring Data repository scanning in 23 ms. Found 9 JPA repository interfaces.
2024-06-12 10:15:25.506  INFO DESKTOP-2B56038 --- [  restartedMain] o.s.b.w.e.t.TomcatWebServer              : Tomcat initialized with port(s): 8080 (http)
2024-06-12 10:15:25.507  INFO DESKTOP-2B56038 --- [  restartedMain] o.a.c.h.Http11NioProtocol                : Initializing ProtocolHandler ["http-nio-8080"]
2024-06-12 10:15:25.507  INFO DESKTOP-2B56038 --- [  restartedMain] o.a.c.c.StandardService                  : Starting service [Tomcat]
2024-06-12 10:15:25.507  INFO DESKTOP-2B56038 --- [  restartedMain] o.a.c.c.StandardEngine                   : Starting Servlet engine: [Apache Tomcat/9.0.78]
2024-06-12 10:15:25.525  INFO DESKTOP-2B56038 --- [  restartedMain] o.a.c.c.C.[.[.[/]                        : Initializing Spring embedded WebApplicationContext
2024-06-12 10:15:25.526  INFO DESKTOP-2B56038 --- [  restartedMain] w.s.c.ServletWebServerApplicationContext : Root WebApplicationContext: initialization completed in 298 ms
2024-06-12 10:15:25.564  WARN DESKTOP-2B56038 --- [  restartedMain] JpaBaseConfiguration$JpaWebConfiguration : spring.jpa.open-in-view is enabled by default. Therefore, database queries may be performed during view rendering. Explicitly configure spring.jpa.open-in-view to disable this warning
2024-06-12 10:15:25.580  INFO DESKTOP-2B56038 --- [  restartedMain] c.z.h.HikariDataSource                   : HikariPool-3 - Starting...
2024-06-12 10:15:25.584  INFO DESKTOP-2B56038 --- [  restartedMain] c.z.h.HikariDataSource                   : HikariPool-3 - Start completed.
2024-06-12 10:15:25.588  INFO DESKTOP-2B56038 --- [  restartedMain] o.h.j.i.u.LogHelper                      : HHH000204: Processing PersistenceUnitInfo [name: default]
2024-06-12 10:15:25.592  INFO DESKTOP-2B56038 --- [  restartedMain] o.h.d.Dialect                            : HHH000400: Using dialect: org.hibernate.dialect.MySQL8Dialect
2024-06-12 10:15:25.715  INFO DESKTOP-2B56038 --- [  restartedMain] o.h.e.t.j.p.i.JtaPlatformInitiator       : HHH000490: Using JtaPlatform implementation: [org.hibernate.engine.transaction.jta.platform.internal.NoJtaPlatform]
2024-06-12 10:15:25.715  INFO DESKTOP-2B56038 --- [  restartedMain] j.LocalContainerEntityManagerFactoryBean : Initialized JPA EntityManagerFactory for persistence unit 'default'
2024-06-12 10:15:26.122  INFO DESKTOP-2B56038 --- [  restartedMain] o.s.s.w.DefaultSecurityFilterChain       : Will secure any request with [org.springframework.security.web.session.DisableEncodeUrlFilter@196a753e, org.springframework.security.web.context.request.async.WebAsyncManagerIntegrationFilter@5ebb18da, org.springframework.security.web.context.SecurityContextPersistenceFilter@404fb1ad, org.springframework.security.web.header.HeaderWriterFilter@33b55dc9, org.springframework.web.filter.CorsFilter@591a2f4, org.springframework.security.web.authentication.logout.LogoutFilter@193096e7, com.istt.staff_notification_v2.security.securityv2.JwtAuthenticationFilter@1995a85e, org.springframework.security.web.savedrequest.RequestCacheAwareFilter@5549aadb, org.springframework.security.web.servletapi.SecurityContextHolderAwareRequestFilter@4c0bfeae, org.springframework.security.web.authentication.AnonymousAuthenticationFilter@3ee7b64d, org.springframework.security.web.session.SessionManagementFilter@33fb6af7, org.springframework.security.web.access.ExceptionTranslationFilter@365478ff, org.springframework.security.web.access.intercept.FilterSecurityInterceptor@3815c267]
2024-06-12 10:15:26.579  INFO DESKTOP-2B56038 --- [  restartedMain] o.s.b.d.a.OptionalLiveReloadServer       : LiveReload server is running on port 35729
2024-06-12 10:15:26.589  INFO DESKTOP-2B56038 --- [  restartedMain] o.a.c.h.Http11NioProtocol                : Starting ProtocolHandler ["http-nio-8080"]
2024-06-12 10:15:26.591  INFO DESKTOP-2B56038 --- [  restartedMain] o.s.b.w.e.t.TomcatWebServer              : Tomcat started on port(s): 8080 (http) with context path ''
2024-06-12 10:15:26.596  INFO DESKTOP-2B56038 --- [  restartedMain] c.i.s.StaffNotificationV2Application     : Started StaffNotificationV2Application in 1.406 seconds (JVM running for 416.124)
2024-06-12 10:15:26.597  INFO DESKTOP-2B56038 --- [  restartedMain] .ConditionEvaluationDeltaLoggingListener : Condition evaluation unchanged
2024-06-12 10:21:11.278  INFO DESKTOP-2B56038 --- [nio-8080-exec-1] o.a.c.c.C.[.[.[/]                        : Initializing Spring DispatcherServlet 'dispatcherServlet'
2024-06-12 10:21:11.279  INFO DESKTOP-2B56038 --- [nio-8080-exec-1] o.s.w.s.DispatcherServlet                : Initializing Servlet 'dispatcherServlet'
2024-06-12 10:21:11.280  INFO DESKTOP-2B56038 --- [nio-8080-exec-1] o.s.w.s.DispatcherServlet                : Completed initialization in 1 ms
2024-06-12 10:21:11.292  WARN DESKTOP-2B56038 --- [nio-8080-exec-1] .m.m.a.ExceptionHandlerExceptionResolver : Resolved [org.springframework.http.converter.HttpMessageNotReadableException: JSON parse error: Cannot deserialize value of type `java.util.Date` from String "2024-06-12T03:20:32.505Z": expected format "dd/MM/yyyy"; nested exception is com.fasterxml.jackson.databind.exc.InvalidFormatException: Cannot deserialize value of type `java.util.Date` from String "2024-06-12T03:20:32.505Z": expected format "dd/MM/yyyy"<EOL> at [Source: (org.springframework.util.StreamUtils$NonClosingInputStream); line: 55, column: 22] (through reference chain: com.istt.staff_notification_v2.dto.EmployeeDTO["user"]->com.istt.staff_notification_v2.entity.User["employee"]->com.istt.staff_notification_v2.entity.Employee["dateofbirth"])]
2024-06-12 10:22:01.710  WARN DESKTOP-2B56038 --- [nio-8080-exec-2] .m.m.a.ExceptionHandlerExceptionResolver : Resolved [org.springframework.http.converter.HttpMessageNotReadableException: JSON parse error: Cannot deserialize value of type `java.util.Date` from String "12/06/2024": not a valid representation (error: Failed to parse Date value '12/06/2024': Cannot parse date "12/06/2024": not compatible with any of standard forms ("yyyy-MM-dd'T'HH:mm:ss.SSSX", "yyyy-MM-dd'T'HH:mm:ss.SSS", "EEE, dd MMM yyyy HH:mm:ss zzz", "yyyy-MM-dd")); nested exception is com.fasterxml.jackson.databind.exc.InvalidFormatException: Cannot deserialize value of type `java.util.Date` from String "12/06/2024": not a valid representation (error: Failed to parse Date value '12/06/2024': Cannot parse date "12/06/2024": not compatible with any of standard forms ("yyyy-MM-dd'T'HH:mm:ss.SSSX", "yyyy-MM-dd'T'HH:mm:ss.SSS", "EEE, dd MMM yyyy HH:mm:ss zzz", "yyyy-MM-dd"))<EOL> at [Source: (org.springframework.util.StreamUtils$NonClosingInputStream); line: 13, column: 18] (through reference chain: com.istt.staff_notification_v2.dto.EmployeeDTO["dateofbirth"])]
2024-06-12 10:22:19.110  WARN DESKTOP-2B56038 --- [nio-8080-exec-3] .m.m.a.ExceptionHandlerExceptionResolver : Resolved [org.springframework.http.converter.HttpMessageNotReadableException: JSON parse error: Cannot deserialize value of type `java.util.Date` from String "12/06/2024": not a valid representation (error: Failed to parse Date value '12/06/2024': Cannot parse date "12/06/2024": not compatible with any of standard forms ("yyyy-MM-dd'T'HH:mm:ss.SSSX", "yyyy-MM-dd'T'HH:mm:ss.SSS", "EEE, dd MMM yyyy HH:mm:ss zzz", "yyyy-MM-dd")); nested exception is com.fasterxml.jackson.databind.exc.InvalidFormatException: Cannot deserialize value of type `java.util.Date` from String "12/06/2024": not a valid representation (error: Failed to parse Date value '12/06/2024': Cannot parse date "12/06/2024": not compatible with any of standard forms ("yyyy-MM-dd'T'HH:mm:ss.SSSX", "yyyy-MM-dd'T'HH:mm:ss.SSS", "EEE, dd MMM yyyy HH:mm:ss zzz", "yyyy-MM-dd"))<EOL> at [Source: (org.springframework.util.StreamUtils$NonClosingInputStream); line: 13, column: 18] (through reference chain: com.istt.staff_notification_v2.dto.EmployeeDTO["dateofbirth"])]
2024-06-12 10:22:40.329  INFO DESKTOP-2B56038 --- [   File Watcher] rtingClassPathChangeChangedEventListener : Restarting due to 1 class path change (0 additions, 0 deletions, 1 modification)
2024-06-12 10:22:40.345  INFO DESKTOP-2B56038 --- [      Thread-11] o.a.c.h.Http11NioProtocol                : Pausing ProtocolHandler ["http-nio-8080"]
2024-06-12 10:22:40.345  INFO DESKTOP-2B56038 --- [      Thread-11] o.a.c.c.StandardService                  : Stopping service [Tomcat]
2024-06-12 10:22:40.345  INFO DESKTOP-2B56038 --- [      Thread-11] o.a.c.c.C.[.[.[/]                        : Destroying Spring FrameworkServlet 'dispatcherServlet'
2024-06-12 10:22:40.347  WARN DESKTOP-2B56038 --- [      Thread-11] o.a.c.l.WebappClassLoaderBase            : The web application [ROOT] appears to have started a thread named [HikariPool-3 housekeeper] but has failed to stop it. This is very likely to create a memory leak. Stack trace of thread:
 java.base@15.0.2/jdk.internal.misc.Unsafe.park(Native Method)
 java.base@15.0.2/java.util.concurrent.locks.LockSupport.parkNanos(LockSupport.java:252)
 java.base@15.0.2/java.util.concurrent.locks.AbstractQueuedSynchronizer$ConditionObject.awaitNanos(AbstractQueuedSynchronizer.java:1661)
 java.base@15.0.2/java.util.concurrent.ScheduledThreadPoolExecutor$DelayedWorkQueue.take(ScheduledThreadPoolExecutor.java:1182)
 java.base@15.0.2/java.util.concurrent.ScheduledThreadPoolExecutor$DelayedWorkQueue.take(ScheduledThreadPoolExecutor.java:899)
 java.base@15.0.2/java.util.concurrent.ThreadPoolExecutor.getTask(ThreadPoolExecutor.java:1056)
 java.base@15.0.2/java.util.concurrent.ThreadPoolExecutor.runWorker(ThreadPoolExecutor.java:1116)
 java.base@15.0.2/java.util.concurrent.ThreadPoolExecutor$Worker.run(ThreadPoolExecutor.java:630)
 java.base@15.0.2/java.lang.Thread.run(Thread.java:832)
2024-06-12 10:22:40.347  INFO DESKTOP-2B56038 --- [      Thread-11] o.a.c.h.Http11NioProtocol                : Stopping ProtocolHandler ["http-nio-8080"]
2024-06-12 10:22:40.348  INFO DESKTOP-2B56038 --- [      Thread-11] o.a.c.h.Http11NioProtocol                : Destroying ProtocolHandler ["http-nio-8080"]
2024-06-12 10:22:40.350  INFO DESKTOP-2B56038 --- [      Thread-11] j.LocalContainerEntityManagerFactoryBean : Closing JPA EntityManagerFactory for persistence unit 'default'
2024-06-12 10:22:40.351  INFO DESKTOP-2B56038 --- [      Thread-11] c.z.h.HikariDataSource                   : HikariPool-3 - Shutdown initiated...
2024-06-12 10:22:40.353  INFO DESKTOP-2B56038 --- [      Thread-11] c.z.h.HikariDataSource                   : HikariPool-3 - Shutdown completed.
2024-06-12 10:22:40.431  INFO DESKTOP-2B56038 --- [  restartedMain] c.i.s.StaffNotificationV2Application     : Starting StaffNotificationV2Application using Java 15.0.2 on DESKTOP-2B56038 with PID 21852 (F:\Workspace_java\staff-notification-v2\target\classes started by nthan in F:\Workspace_java\staff-notification-v2)
2024-06-12 10:22:40.432  INFO DESKTOP-2B56038 --- [  restartedMain] c.i.s.StaffNotificationV2Application     : No active profile set, falling back to 1 default profile: "default"
2024-06-12 10:22:40.586  INFO DESKTOP-2B56038 --- [  restartedMain] .s.d.r.c.RepositoryConfigurationDelegate : Bootstrapping Spring Data JPA repositories in DEFAULT mode.
2024-06-12 10:22:40.609  INFO DESKTOP-2B56038 --- [  restartedMain] .s.d.r.c.RepositoryConfigurationDelegate : Finished Spring Data repository scanning in 23 ms. Found 9 JPA repository interfaces.
2024-06-12 10:22:40.703  INFO DESKTOP-2B56038 --- [  restartedMain] o.s.b.w.e.t.TomcatWebServer              : Tomcat initialized with port(s): 8080 (http)
2024-06-12 10:22:40.703  INFO DESKTOP-2B56038 --- [  restartedMain] o.a.c.h.Http11NioProtocol                : Initializing ProtocolHandler ["http-nio-8080"]
2024-06-12 10:22:40.704  INFO DESKTOP-2B56038 --- [  restartedMain] o.a.c.c.StandardService                  : Starting service [Tomcat]
2024-06-12 10:22:40.704  INFO DESKTOP-2B56038 --- [  restartedMain] o.a.c.c.StandardEngine                   : Starting Servlet engine: [Apache Tomcat/9.0.78]
2024-06-12 10:22:40.720  INFO DESKTOP-2B56038 --- [  restartedMain] o.a.c.c.C.[.[.[/]                        : Initializing Spring embedded WebApplicationContext
2024-06-12 10:22:40.720  INFO DESKTOP-2B56038 --- [  restartedMain] w.s.c.ServletWebServerApplicationContext : Root WebApplicationContext: initialization completed in 287 ms
2024-06-12 10:22:40.759  WARN DESKTOP-2B56038 --- [  restartedMain] JpaBaseConfiguration$JpaWebConfiguration : spring.jpa.open-in-view is enabled by default. Therefore, database queries may be performed during view rendering. Explicitly configure spring.jpa.open-in-view to disable this warning
2024-06-12 10:22:40.777  INFO DESKTOP-2B56038 --- [  restartedMain] c.z.h.HikariDataSource                   : HikariPool-4 - Starting...
2024-06-12 10:22:40.781  INFO DESKTOP-2B56038 --- [  restartedMain] c.z.h.HikariDataSource                   : HikariPool-4 - Start completed.
2024-06-12 10:22:40.785  INFO DESKTOP-2B56038 --- [  restartedMain] o.h.j.i.u.LogHelper                      : HHH000204: Processing PersistenceUnitInfo [name: default]
2024-06-12 10:22:40.788  INFO DESKTOP-2B56038 --- [  restartedMain] o.h.d.Dialect                            : HHH000400: Using dialect: org.hibernate.dialect.MySQL8Dialect
2024-06-12 10:22:40.920  INFO DESKTOP-2B56038 --- [  restartedMain] o.h.e.t.j.p.i.JtaPlatformInitiator       : HHH000490: Using JtaPlatform implementation: [org.hibernate.engine.transaction.jta.platform.internal.NoJtaPlatform]
2024-06-12 10:22:40.921  INFO DESKTOP-2B56038 --- [  restartedMain] j.LocalContainerEntityManagerFactoryBean : Initialized JPA EntityManagerFactory for persistence unit 'default'
2024-06-12 10:22:41.336  INFO DESKTOP-2B56038 --- [  restartedMain] o.s.s.w.DefaultSecurityFilterChain       : Will secure any request with [org.springframework.security.web.session.DisableEncodeUrlFilter@6e596968, org.springframework.security.web.context.request.async.WebAsyncManagerIntegrationFilter@40a12f3f, org.springframework.security.web.context.SecurityContextPersistenceFilter@1aeef458, org.springframework.security.web.header.HeaderWriterFilter@3508860c, org.springframework.web.filter.CorsFilter@588be1a0, org.springframework.security.web.authentication.logout.LogoutFilter@228b80b9, com.istt.staff_notification_v2.security.securityv2.JwtAuthenticationFilter@75613a10, org.springframework.security.web.savedrequest.RequestCacheAwareFilter@4553e1e6, org.springframework.security.web.servletapi.SecurityContextHolderAwareRequestFilter@349a37a6, org.springframework.security.web.authentication.AnonymousAuthenticationFilter@73054c9b, org.springframework.security.web.session.SessionManagementFilter@60137b0e, org.springframework.security.web.access.ExceptionTranslationFilter@6d865c87, org.springframework.security.web.access.intercept.FilterSecurityInterceptor@4895e75a]
2024-06-12 10:22:41.795  INFO DESKTOP-2B56038 --- [  restartedMain] o.s.b.d.a.OptionalLiveReloadServer       : LiveReload server is running on port 35729
2024-06-12 10:22:41.806  INFO DESKTOP-2B56038 --- [  restartedMain] o.a.c.h.Http11NioProtocol                : Starting ProtocolHandler ["http-nio-8080"]
2024-06-12 10:22:41.809  INFO DESKTOP-2B56038 --- [  restartedMain] o.s.b.w.e.t.TomcatWebServer              : Tomcat started on port(s): 8080 (http) with context path ''
2024-06-12 10:22:41.813  INFO DESKTOP-2B56038 --- [  restartedMain] c.i.s.StaffNotificationV2Application     : Started StaffNotificationV2Application in 1.416 seconds (JVM running for 851.341)
2024-06-12 10:22:41.815  INFO DESKTOP-2B56038 --- [  restartedMain] .ConditionEvaluationDeltaLoggingListener : Condition evaluation unchanged
2024-06-12 10:22:58.663  INFO DESKTOP-2B56038 --- [   File Watcher] rtingClassPathChangeChangedEventListener : Restarting due to 1 class path change (0 additions, 0 deletions, 1 modification)
2024-06-12 10:22:58.692  INFO DESKTOP-2B56038 --- [      Thread-15] o.a.c.h.Http11NioProtocol                : Pausing ProtocolHandler ["http-nio-8080"]
2024-06-12 10:22:58.692  INFO DESKTOP-2B56038 --- [      Thread-15] o.a.c.c.StandardService                  : Stopping service [Tomcat]
2024-06-12 10:22:58.695  WARN DESKTOP-2B56038 --- [      Thread-15] o.a.c.l.WebappClassLoaderBase            : The web application [ROOT] appears to have started a thread named [HikariPool-4 housekeeper] but has failed to stop it. This is very likely to create a memory leak. Stack trace of thread:
 java.base@15.0.2/jdk.internal.misc.Unsafe.park(Native Method)
 java.base@15.0.2/java.util.concurrent.locks.LockSupport.parkNanos(LockSupport.java:252)
 java.base@15.0.2/java.util.concurrent.locks.AbstractQueuedSynchronizer$ConditionObject.awaitNanos(AbstractQueuedSynchronizer.java:1661)
 java.base@15.0.2/java.util.concurrent.ScheduledThreadPoolExecutor$DelayedWorkQueue.take(ScheduledThreadPoolExecutor.java:1182)
 java.base@15.0.2/java.util.concurrent.ScheduledThreadPoolExecutor$DelayedWorkQueue.take(ScheduledThreadPoolExecutor.java:899)
 java.base@15.0.2/java.util.concurrent.ThreadPoolExecutor.getTask(ThreadPoolExecutor.java:1056)
 java.base@15.0.2/java.util.concurrent.ThreadPoolExecutor.runWorker(ThreadPoolExecutor.java:1116)
 java.base@15.0.2/java.util.concurrent.ThreadPoolExecutor$Worker.run(ThreadPoolExecutor.java:630)
 java.base@15.0.2/java.lang.Thread.run(Thread.java:832)
2024-06-12 10:22:58.695  INFO DESKTOP-2B56038 --- [      Thread-15] o.a.c.h.Http11NioProtocol                : Stopping ProtocolHandler ["http-nio-8080"]
2024-06-12 10:22:58.696  INFO DESKTOP-2B56038 --- [      Thread-15] o.a.c.h.Http11NioProtocol                : Destroying ProtocolHandler ["http-nio-8080"]
2024-06-12 10:22:58.699  INFO DESKTOP-2B56038 --- [      Thread-15] j.LocalContainerEntityManagerFactoryBean : Closing JPA EntityManagerFactory for persistence unit 'default'
2024-06-12 10:22:58.699  INFO DESKTOP-2B56038 --- [      Thread-15] c.z.h.HikariDataSource                   : HikariPool-4 - Shutdown initiated...
2024-06-12 10:22:58.701  INFO DESKTOP-2B56038 --- [      Thread-15] c.z.h.HikariDataSource                   : HikariPool-4 - Shutdown completed.
2024-06-12 10:22:58.777  INFO DESKTOP-2B56038 --- [  restartedMain] c.i.s.StaffNotificationV2Application     : Starting StaffNotificationV2Application using Java 15.0.2 on DESKTOP-2B56038 with PID 21852 (F:\Workspace_java\staff-notification-v2\target\classes started by nthan in F:\Workspace_java\staff-notification-v2)
2024-06-12 10:22:58.777  INFO DESKTOP-2B56038 --- [  restartedMain] c.i.s.StaffNotificationV2Application     : No active profile set, falling back to 1 default profile: "default"
2024-06-12 10:22:58.941  INFO DESKTOP-2B56038 --- [  restartedMain] .s.d.r.c.RepositoryConfigurationDelegate : Bootstrapping Spring Data JPA repositories in DEFAULT mode.
2024-06-12 10:22:58.965  INFO DESKTOP-2B56038 --- [  restartedMain] .s.d.r.c.RepositoryConfigurationDelegate : Finished Spring Data repository scanning in 24 ms. Found 9 JPA repository interfaces.
2024-06-12 10:22:59.057  INFO DESKTOP-2B56038 --- [  restartedMain] o.s.b.w.e.t.TomcatWebServer              : Tomcat initialized with port(s): 8080 (http)
2024-06-12 10:22:59.057  INFO DESKTOP-2B56038 --- [  restartedMain] o.a.c.h.Http11NioProtocol                : Initializing ProtocolHandler ["http-nio-8080"]
2024-06-12 10:22:59.057  INFO DESKTOP-2B56038 --- [  restartedMain] o.a.c.c.StandardService                  : Starting service [Tomcat]
2024-06-12 10:22:59.057  INFO DESKTOP-2B56038 --- [  restartedMain] o.a.c.c.StandardEngine                   : Starting Servlet engine: [Apache Tomcat/9.0.78]
2024-06-12 10:22:59.074  INFO DESKTOP-2B56038 --- [  restartedMain] o.a.c.c.C.[.[.[/]                        : Initializing Spring embedded WebApplicationContext
2024-06-12 10:22:59.074  INFO DESKTOP-2B56038 --- [  restartedMain] w.s.c.ServletWebServerApplicationContext : Root WebApplicationContext: initialization completed in 295 ms
2024-06-12 10:22:59.113  WARN DESKTOP-2B56038 --- [  restartedMain] JpaBaseConfiguration$JpaWebConfiguration : spring.jpa.open-in-view is enabled by default. Therefore, database queries may be performed during view rendering. Explicitly configure spring.jpa.open-in-view to disable this warning
2024-06-12 10:22:59.129  INFO DESKTOP-2B56038 --- [  restartedMain] c.z.h.HikariDataSource                   : HikariPool-5 - Starting...
2024-06-12 10:22:59.134  INFO DESKTOP-2B56038 --- [  restartedMain] c.z.h.HikariDataSource                   : HikariPool-5 - Start completed.
2024-06-12 10:22:59.138  INFO DESKTOP-2B56038 --- [  restartedMain] o.h.j.i.u.LogHelper                      : HHH000204: Processing PersistenceUnitInfo [name: default]
2024-06-12 10:22:59.141  INFO DESKTOP-2B56038 --- [  restartedMain] o.h.d.Dialect                            : HHH000400: Using dialect: org.hibernate.dialect.MySQL8Dialect
2024-06-12 10:22:59.268  INFO DESKTOP-2B56038 --- [  restartedMain] o.h.e.t.j.p.i.JtaPlatformInitiator       : HHH000490: Using JtaPlatform implementation: [org.hibernate.engine.transaction.jta.platform.internal.NoJtaPlatform]
2024-06-12 10:22:59.268  INFO DESKTOP-2B56038 --- [  restartedMain] j.LocalContainerEntityManagerFactoryBean : Initialized JPA EntityManagerFactory for persistence unit 'default'
2024-06-12 10:22:59.665  INFO DESKTOP-2B56038 --- [  restartedMain] o.s.s.w.DefaultSecurityFilterChain       : Will secure any request with [org.springframework.security.web.session.DisableEncodeUrlFilter@5d1e79ec, org.springframework.security.web.context.request.async.WebAsyncManagerIntegrationFilter@6bfb944, org.springframework.security.web.context.SecurityContextPersistenceFilter@6668f4, org.springframework.security.web.header.HeaderWriterFilter@78453d6f, org.springframework.web.filter.CorsFilter@30e29774, org.springframework.security.web.authentication.logout.LogoutFilter@7d5b62df, com.istt.staff_notification_v2.security.securityv2.JwtAuthenticationFilter@65a989e8, org.springframework.security.web.savedrequest.RequestCacheAwareFilter@3999183d, org.springframework.security.web.servletapi.SecurityContextHolderAwareRequestFilter@6866e424, org.springframework.security.web.authentication.AnonymousAuthenticationFilter@71335103, org.springframework.security.web.session.SessionManagementFilter@559e62f0, org.springframework.security.web.access.ExceptionTranslationFilter@1435be63, org.springframework.security.web.access.intercept.FilterSecurityInterceptor@5d9b1ead]
2024-06-12 10:23:00.222  INFO DESKTOP-2B56038 --- [  restartedMain] o.s.b.d.a.OptionalLiveReloadServer       : LiveReload server is running on port 35729
2024-06-12 10:23:00.235  INFO DESKTOP-2B56038 --- [  restartedMain] o.a.c.h.Http11NioProtocol                : Starting ProtocolHandler ["http-nio-8080"]
2024-06-12 10:23:00.237  INFO DESKTOP-2B56038 --- [  restartedMain] o.s.b.w.e.t.TomcatWebServer              : Tomcat started on port(s): 8080 (http) with context path ''
2024-06-12 10:23:00.241  INFO DESKTOP-2B56038 --- [  restartedMain] c.i.s.StaffNotificationV2Application     : Started StaffNotificationV2Application in 1.496 seconds (JVM running for 869.769)
2024-06-12 10:23:00.242  INFO DESKTOP-2B56038 --- [  restartedMain] .ConditionEvaluationDeltaLoggingListener : Condition evaluation unchanged
2024-06-12 10:23:02.692  INFO DESKTOP-2B56038 --- [   File Watcher] rtingClassPathChangeChangedEventListener : Restarting due to 1 class path change (0 additions, 0 deletions, 1 modification)
2024-06-12 10:23:02.713  INFO DESKTOP-2B56038 --- [      Thread-19] o.a.c.h.Http11NioProtocol                : Pausing ProtocolHandler ["http-nio-8080"]
2024-06-12 10:23:02.713  INFO DESKTOP-2B56038 --- [      Thread-19] o.a.c.c.StandardService                  : Stopping service [Tomcat]
2024-06-12 10:23:02.714  WARN DESKTOP-2B56038 --- [      Thread-19] o.a.c.l.WebappClassLoaderBase            : The web application [ROOT] appears to have started a thread named [HikariPool-5 housekeeper] but has failed to stop it. This is very likely to create a memory leak. Stack trace of thread:
 java.base@15.0.2/jdk.internal.misc.Unsafe.park(Native Method)
 java.base@15.0.2/java.util.concurrent.locks.LockSupport.parkNanos(LockSupport.java:252)
 java.base@15.0.2/java.util.concurrent.locks.AbstractQueuedSynchronizer$ConditionObject.awaitNanos(AbstractQueuedSynchronizer.java:1661)
 java.base@15.0.2/java.util.concurrent.ScheduledThreadPoolExecutor$DelayedWorkQueue.take(ScheduledThreadPoolExecutor.java:1182)
 java.base@15.0.2/java.util.concurrent.ScheduledThreadPoolExecutor$DelayedWorkQueue.take(ScheduledThreadPoolExecutor.java:899)
 java.base@15.0.2/java.util.concurrent.ThreadPoolExecutor.getTask(ThreadPoolExecutor.java:1056)
 java.base@15.0.2/java.util.concurrent.ThreadPoolExecutor.runWorker(ThreadPoolExecutor.java:1116)
 java.base@15.0.2/java.util.concurrent.ThreadPoolExecutor$Worker.run(ThreadPoolExecutor.java:630)
 java.base@15.0.2/java.lang.Thread.run(Thread.java:832)
2024-06-12 10:23:02.715  WARN DESKTOP-2B56038 --- [      Thread-19] o.a.c.l.WebappClassLoaderBase            : The web application [ROOT] appears to have started a thread named [HikariPool-5 connection adder] but has failed to stop it. This is very likely to create a memory leak. Stack trace of thread:
 java.base@15.0.2/jdk.internal.misc.Unsafe.park(Native Method)
 java.base@15.0.2/java.util.concurrent.locks.LockSupport.parkNanos(LockSupport.java:252)
 java.base@15.0.2/java.util.concurrent.locks.AbstractQueuedSynchronizer$ConditionObject.awaitNanos(AbstractQueuedSynchronizer.java:1661)
 java.base@15.0.2/java.util.concurrent.LinkedBlockingQueue.poll(LinkedBlockingQueue.java:460)
 java.base@15.0.2/java.util.concurrent.ThreadPoolExecutor.getTask(ThreadPoolExecutor.java:1055)
 java.base@15.0.2/java.util.concurrent.ThreadPoolExecutor.runWorker(ThreadPoolExecutor.java:1116)
 java.base@15.0.2/java.util.concurrent.ThreadPoolExecutor$Worker.run(ThreadPoolExecutor.java:630)
 java.base@15.0.2/java.lang.Thread.run(Thread.java:832)
2024-06-12 10:23:02.715  INFO DESKTOP-2B56038 --- [      Thread-19] o.a.c.h.Http11NioProtocol                : Stopping ProtocolHandler ["http-nio-8080"]
2024-06-12 10:23:02.717  INFO DESKTOP-2B56038 --- [      Thread-19] o.a.c.h.Http11NioProtocol                : Destroying ProtocolHandler ["http-nio-8080"]
2024-06-12 10:23:02.719  INFO DESKTOP-2B56038 --- [      Thread-19] j.LocalContainerEntityManagerFactoryBean : Closing JPA EntityManagerFactory for persistence unit 'default'
2024-06-12 10:23:02.720  INFO DESKTOP-2B56038 --- [      Thread-19] c.z.h.HikariDataSource                   : HikariPool-5 - Shutdown initiated...
2024-06-12 10:23:02.722  INFO DESKTOP-2B56038 --- [      Thread-19] c.z.h.HikariDataSource                   : HikariPool-5 - Shutdown completed.
2024-06-12 10:23:02.814  INFO DESKTOP-2B56038 --- [  restartedMain] c.i.s.StaffNotificationV2Application     : Starting StaffNotificationV2Application using Java 15.0.2 on DESKTOP-2B56038 with PID 21852 (F:\Workspace_java\staff-notification-v2\target\classes started by nthan in F:\Workspace_java\staff-notification-v2)
2024-06-12 10:23:02.814  INFO DESKTOP-2B56038 --- [  restartedMain] c.i.s.StaffNotificationV2Application     : No active profile set, falling back to 1 default profile: "default"
2024-06-12 10:23:02.972  INFO DESKTOP-2B56038 --- [  restartedMain] .s.d.r.c.RepositoryConfigurationDelegate : Bootstrapping Spring Data JPA repositories in DEFAULT mode.
2024-06-12 10:23:02.997  INFO DESKTOP-2B56038 --- [  restartedMain] .s.d.r.c.RepositoryConfigurationDelegate : Finished Spring Data repository scanning in 24 ms. Found 9 JPA repository interfaces.
2024-06-12 10:23:03.088  INFO DESKTOP-2B56038 --- [  restartedMain] o.s.b.w.e.t.TomcatWebServer              : Tomcat initialized with port(s): 8080 (http)
2024-06-12 10:23:03.088  INFO DESKTOP-2B56038 --- [  restartedMain] o.a.c.h.Http11NioProtocol                : Initializing ProtocolHandler ["http-nio-8080"]
2024-06-12 10:23:03.089  INFO DESKTOP-2B56038 --- [  restartedMain] o.a.c.c.StandardService                  : Starting service [Tomcat]
2024-06-12 10:23:03.089  INFO DESKTOP-2B56038 --- [  restartedMain] o.a.c.c.StandardEngine                   : Starting Servlet engine: [Apache Tomcat/9.0.78]
2024-06-12 10:23:03.104  INFO DESKTOP-2B56038 --- [  restartedMain] o.a.c.c.C.[.[.[/]                        : Initializing Spring embedded WebApplicationContext
2024-06-12 10:23:03.104  INFO DESKTOP-2B56038 --- [  restartedMain] w.s.c.ServletWebServerApplicationContext : Root WebApplicationContext: initialization completed in 288 ms
2024-06-12 10:23:03.143  WARN DESKTOP-2B56038 --- [  restartedMain] JpaBaseConfiguration$JpaWebConfiguration : spring.jpa.open-in-view is enabled by default. Therefore, database queries may be performed during view rendering. Explicitly configure spring.jpa.open-in-view to disable this warning
2024-06-12 10:23:03.160  INFO DESKTOP-2B56038 --- [  restartedMain] c.z.h.HikariDataSource                   : HikariPool-6 - Starting...
2024-06-12 10:23:03.163  INFO DESKTOP-2B56038 --- [  restartedMain] c.z.h.HikariDataSource                   : HikariPool-6 - Start completed.
2024-06-12 10:23:03.167  INFO DESKTOP-2B56038 --- [  restartedMain] o.h.j.i.u.LogHelper                      : HHH000204: Processing PersistenceUnitInfo [name: default]
2024-06-12 10:23:03.170  INFO DESKTOP-2B56038 --- [  restartedMain] o.h.d.Dialect                            : HHH000400: Using dialect: org.hibernate.dialect.MySQL8Dialect
2024-06-12 10:23:03.291  INFO DESKTOP-2B56038 --- [  restartedMain] o.h.e.t.j.p.i.JtaPlatformInitiator       : HHH000490: Using JtaPlatform implementation: [org.hibernate.engine.transaction.jta.platform.internal.NoJtaPlatform]
2024-06-12 10:23:03.291  INFO DESKTOP-2B56038 --- [  restartedMain] j.LocalContainerEntityManagerFactoryBean : Initialized JPA EntityManagerFactory for persistence unit 'default'
2024-06-12 10:23:03.689  INFO DESKTOP-2B56038 --- [  restartedMain] o.s.s.w.DefaultSecurityFilterChain       : Will secure any request with [org.springframework.security.web.session.DisableEncodeUrlFilter@48b4dc6f, org.springframework.security.web.context.request.async.WebAsyncManagerIntegrationFilter@720557fd, org.springframework.security.web.context.SecurityContextPersistenceFilter@9646038, org.springframework.security.web.header.HeaderWriterFilter@153511df, org.springframework.web.filter.CorsFilter@77973655, org.springframework.security.web.authentication.logout.LogoutFilter@4e12da5a, com.istt.staff_notification_v2.security.securityv2.JwtAuthenticationFilter@3bfeabaf, org.springframework.security.web.savedrequest.RequestCacheAwareFilter@b9d1039, org.springframework.security.web.servletapi.SecurityContextHolderAwareRequestFilter@369b537c, org.springframework.security.web.authentication.AnonymousAuthenticationFilter@35bc404b, org.springframework.security.web.session.SessionManagementFilter@79057234, org.springframework.security.web.access.ExceptionTranslationFilter@53ea3227, org.springframework.security.web.access.intercept.FilterSecurityInterceptor@19c83083]
2024-06-12 10:23:04.169  INFO DESKTOP-2B56038 --- [  restartedMain] o.s.b.d.a.OptionalLiveReloadServer       : LiveReload server is running on port 35729
2024-06-12 10:23:04.181  INFO DESKTOP-2B56038 --- [  restartedMain] o.a.c.h.Http11NioProtocol                : Starting ProtocolHandler ["http-nio-8080"]
2024-06-12 10:23:04.183  INFO DESKTOP-2B56038 --- [  restartedMain] o.s.b.w.e.t.TomcatWebServer              : Tomcat started on port(s): 8080 (http) with context path ''
2024-06-12 10:23:04.187  INFO DESKTOP-2B56038 --- [  restartedMain] c.i.s.StaffNotificationV2Application     : Started StaffNotificationV2Application in 1.414 seconds (JVM running for 873.715)
2024-06-12 10:23:04.188  INFO DESKTOP-2B56038 --- [  restartedMain] .ConditionEvaluationDeltaLoggingListener : Condition evaluation unchanged
2024-06-12 10:23:09.727  INFO DESKTOP-2B56038 --- [   File Watcher] rtingClassPathChangeChangedEventListener : Restarting due to 1 class path change (0 additions, 0 deletions, 1 modification)
2024-06-12 10:23:09.741  INFO DESKTOP-2B56038 --- [      Thread-23] o.a.c.h.Http11NioProtocol                : Pausing ProtocolHandler ["http-nio-8080"]
2024-06-12 10:23:09.741  INFO DESKTOP-2B56038 --- [      Thread-23] o.a.c.c.StandardService                  : Stopping service [Tomcat]
2024-06-12 10:23:09.743  WARN DESKTOP-2B56038 --- [      Thread-23] o.a.c.l.WebappClassLoaderBase            : The web application [ROOT] appears to have started a thread named [HikariPool-6 housekeeper] but has failed to stop it. This is very likely to create a memory leak. Stack trace of thread:
 java.base@15.0.2/jdk.internal.misc.Unsafe.park(Native Method)
 java.base@15.0.2/java.util.concurrent.locks.LockSupport.parkNanos(LockSupport.java:252)
 java.base@15.0.2/java.util.concurrent.locks.AbstractQueuedSynchronizer$ConditionObject.awaitNanos(AbstractQueuedSynchronizer.java:1661)
 java.base@15.0.2/java.util.concurrent.ScheduledThreadPoolExecutor$DelayedWorkQueue.take(ScheduledThreadPoolExecutor.java:1182)
 java.base@15.0.2/java.util.concurrent.ScheduledThreadPoolExecutor$DelayedWorkQueue.take(ScheduledThreadPoolExecutor.java:899)
 java.base@15.0.2/java.util.concurrent.ThreadPoolExecutor.getTask(ThreadPoolExecutor.java:1056)
 java.base@15.0.2/java.util.concurrent.ThreadPoolExecutor.runWorker(ThreadPoolExecutor.java:1116)
 java.base@15.0.2/java.util.concurrent.ThreadPoolExecutor$Worker.run(ThreadPoolExecutor.java:630)
 java.base@15.0.2/java.lang.Thread.run(Thread.java:832)
2024-06-12 10:23:09.744  INFO DESKTOP-2B56038 --- [      Thread-23] o.a.c.h.Http11NioProtocol                : Stopping ProtocolHandler ["http-nio-8080"]
2024-06-12 10:23:09.745  INFO DESKTOP-2B56038 --- [      Thread-23] o.a.c.h.Http11NioProtocol                : Destroying ProtocolHandler ["http-nio-8080"]
2024-06-12 10:23:09.747  INFO DESKTOP-2B56038 --- [      Thread-23] j.LocalContainerEntityManagerFactoryBean : Closing JPA EntityManagerFactory for persistence unit 'default'
2024-06-12 10:23:09.747  INFO DESKTOP-2B56038 --- [      Thread-23] c.z.h.HikariDataSource                   : HikariPool-6 - Shutdown initiated...
2024-06-12 10:23:09.749  INFO DESKTOP-2B56038 --- [      Thread-23] c.z.h.HikariDataSource                   : HikariPool-6 - Shutdown completed.
2024-06-12 10:23:09.839  INFO DESKTOP-2B56038 --- [  restartedMain] c.i.s.StaffNotificationV2Application     : Starting StaffNotificationV2Application using Java 15.0.2 on DESKTOP-2B56038 with PID 21852 (F:\Workspace_java\staff-notification-v2\target\classes started by nthan in F:\Workspace_java\staff-notification-v2)
2024-06-12 10:23:09.840  INFO DESKTOP-2B56038 --- [  restartedMain] c.i.s.StaffNotificationV2Application     : No active profile set, falling back to 1 default profile: "default"
2024-06-12 10:23:09.993  INFO DESKTOP-2B56038 --- [  restartedMain] .s.d.r.c.RepositoryConfigurationDelegate : Bootstrapping Spring Data JPA repositories in DEFAULT mode.
2024-06-12 10:23:10.026  INFO DESKTOP-2B56038 --- [  restartedMain] .s.d.r.c.RepositoryConfigurationDelegate : Finished Spring Data repository scanning in 31 ms. Found 9 JPA repository interfaces.
2024-06-12 10:23:10.123  INFO DESKTOP-2B56038 --- [  restartedMain] o.s.b.w.e.t.TomcatWebServer              : Tomcat initialized with port(s): 8080 (http)
2024-06-12 10:23:10.124  INFO DESKTOP-2B56038 --- [  restartedMain] o.a.c.h.Http11NioProtocol                : Initializing ProtocolHandler ["http-nio-8080"]
2024-06-12 10:23:10.125  INFO DESKTOP-2B56038 --- [  restartedMain] o.a.c.c.StandardService                  : Starting service [Tomcat]
2024-06-12 10:23:10.125  INFO DESKTOP-2B56038 --- [  restartedMain] o.a.c.c.StandardEngine                   : Starting Servlet engine: [Apache Tomcat/9.0.78]
2024-06-12 10:23:10.141  INFO DESKTOP-2B56038 --- [  restartedMain] o.a.c.c.C.[.[.[/]                        : Initializing Spring embedded WebApplicationContext
2024-06-12 10:23:10.141  INFO DESKTOP-2B56038 --- [  restartedMain] w.s.c.ServletWebServerApplicationContext : Root WebApplicationContext: initialization completed in 299 ms
2024-06-12 10:23:10.181  WARN DESKTOP-2B56038 --- [  restartedMain] JpaBaseConfiguration$JpaWebConfiguration : spring.jpa.open-in-view is enabled by default. Therefore, database queries may be performed during view rendering. Explicitly configure spring.jpa.open-in-view to disable this warning
2024-06-12 10:23:10.197  INFO DESKTOP-2B56038 --- [  restartedMain] c.z.h.HikariDataSource                   : HikariPool-7 - Starting...
2024-06-12 10:23:10.201  INFO DESKTOP-2B56038 --- [  restartedMain] c.z.h.HikariDataSource                   : HikariPool-7 - Start completed.
2024-06-12 10:23:10.204  INFO DESKTOP-2B56038 --- [  restartedMain] o.h.j.i.u.LogHelper                      : HHH000204: Processing PersistenceUnitInfo [name: default]
2024-06-12 10:23:10.207  INFO DESKTOP-2B56038 --- [  restartedMain] o.h.d.Dialect                            : HHH000400: Using dialect: org.hibernate.dialect.MySQL8Dialect
2024-06-12 10:23:10.331  INFO DESKTOP-2B56038 --- [  restartedMain] o.h.e.t.j.p.i.JtaPlatformInitiator       : HHH000490: Using JtaPlatform implementation: [org.hibernate.engine.transaction.jta.platform.internal.NoJtaPlatform]
2024-06-12 10:23:10.331  INFO DESKTOP-2B56038 --- [  restartedMain] j.LocalContainerEntityManagerFactoryBean : Initialized JPA EntityManagerFactory for persistence unit 'default'
2024-06-12 10:23:10.726  INFO DESKTOP-2B56038 --- [  restartedMain] o.s.s.w.DefaultSecurityFilterChain       : Will secure any request with [org.springframework.security.web.session.DisableEncodeUrlFilter@20a0fbe1, org.springframework.security.web.context.request.async.WebAsyncManagerIntegrationFilter@3081af2d, org.springframework.security.web.context.SecurityContextPersistenceFilter@125d20af, org.springframework.security.web.header.HeaderWriterFilter@46316caa, org.springframework.web.filter.CorsFilter@6a332bcf, org.springframework.security.web.authentication.logout.LogoutFilter@4c851f69, com.istt.staff_notification_v2.security.securityv2.JwtAuthenticationFilter@4616367b, org.springframework.security.web.savedrequest.RequestCacheAwareFilter@2cd26e12, org.springframework.security.web.servletapi.SecurityContextHolderAwareRequestFilter@614b131e, org.springframework.security.web.authentication.AnonymousAuthenticationFilter@5eb2b970, org.springframework.security.web.session.SessionManagementFilter@7354bde0, org.springframework.security.web.access.ExceptionTranslationFilter@7719351b, org.springframework.security.web.access.intercept.FilterSecurityInterceptor@a4d8568]
2024-06-12 10:23:11.169  INFO DESKTOP-2B56038 --- [  restartedMain] o.s.b.d.a.OptionalLiveReloadServer       : LiveReload server is running on port 35729
2024-06-12 10:23:11.180  INFO DESKTOP-2B56038 --- [  restartedMain] o.a.c.h.Http11NioProtocol                : Starting ProtocolHandler ["http-nio-8080"]
2024-06-12 10:23:11.182  INFO DESKTOP-2B56038 --- [  restartedMain] o.s.b.w.e.t.TomcatWebServer              : Tomcat started on port(s): 8080 (http) with context path ''
2024-06-12 10:23:11.185  INFO DESKTOP-2B56038 --- [  restartedMain] c.i.s.StaffNotificationV2Application     : Started StaffNotificationV2Application in 1.387 seconds (JVM running for 880.713)
2024-06-12 10:23:11.186  INFO DESKTOP-2B56038 --- [  restartedMain] .ConditionEvaluationDeltaLoggingListener : Condition evaluation unchanged
2024-06-12 10:23:15.683  INFO DESKTOP-2B56038 --- [   File Watcher] rtingClassPathChangeChangedEventListener : Restarting due to 1 class path change (0 additions, 0 deletions, 1 modification)
2024-06-12 10:23:15.708  INFO DESKTOP-2B56038 --- [      Thread-27] o.a.c.h.Http11NioProtocol                : Pausing ProtocolHandler ["http-nio-8080"]
2024-06-12 10:23:15.708  INFO DESKTOP-2B56038 --- [      Thread-27] o.a.c.c.StandardService                  : Stopping service [Tomcat]
2024-06-12 10:23:15.710  WARN DESKTOP-2B56038 --- [      Thread-27] o.a.c.l.WebappClassLoaderBase            : The web application [ROOT] appears to have started a thread named [HikariPool-7 housekeeper] but has failed to stop it. This is very likely to create a memory leak. Stack trace of thread:
 java.base@15.0.2/jdk.internal.misc.Unsafe.park(Native Method)
 java.base@15.0.2/java.util.concurrent.locks.LockSupport.parkNanos(LockSupport.java:252)
 java.base@15.0.2/java.util.concurrent.locks.AbstractQueuedSynchronizer$ConditionObject.awaitNanos(AbstractQueuedSynchronizer.java:1661)
 java.base@15.0.2/java.util.concurrent.ScheduledThreadPoolExecutor$DelayedWorkQueue.take(ScheduledThreadPoolExecutor.java:1182)
 java.base@15.0.2/java.util.concurrent.ScheduledThreadPoolExecutor$DelayedWorkQueue.take(ScheduledThreadPoolExecutor.java:899)
 java.base@15.0.2/java.util.concurrent.ThreadPoolExecutor.getTask(ThreadPoolExecutor.java:1056)
 java.base@15.0.2/java.util.concurrent.ThreadPoolExecutor.runWorker(ThreadPoolExecutor.java:1116)
 java.base@15.0.2/java.util.concurrent.ThreadPoolExecutor$Worker.run(ThreadPoolExecutor.java:630)
 java.base@15.0.2/java.lang.Thread.run(Thread.java:832)
2024-06-12 10:23:15.710  INFO DESKTOP-2B56038 --- [      Thread-27] o.a.c.h.Http11NioProtocol                : Stopping ProtocolHandler ["http-nio-8080"]
2024-06-12 10:23:15.712  INFO DESKTOP-2B56038 --- [      Thread-27] o.a.c.h.Http11NioProtocol                : Destroying ProtocolHandler ["http-nio-8080"]
2024-06-12 10:23:15.714  INFO DESKTOP-2B56038 --- [      Thread-27] j.LocalContainerEntityManagerFactoryBean : Closing JPA EntityManagerFactory for persistence unit 'default'
2024-06-12 10:23:15.714  INFO DESKTOP-2B56038 --- [      Thread-27] c.z.h.HikariDataSource                   : HikariPool-7 - Shutdown initiated...
2024-06-12 10:23:15.716  INFO DESKTOP-2B56038 --- [      Thread-27] c.z.h.HikariDataSource                   : HikariPool-7 - Shutdown completed.
2024-06-12 10:23:15.795  INFO DESKTOP-2B56038 --- [  restartedMain] c.i.s.StaffNotificationV2Application     : Starting StaffNotificationV2Application using Java 15.0.2 on DESKTOP-2B56038 with PID 21852 (F:\Workspace_java\staff-notification-v2\target\classes started by nthan in F:\Workspace_java\staff-notification-v2)
2024-06-12 10:23:15.795  INFO DESKTOP-2B56038 --- [  restartedMain] c.i.s.StaffNotificationV2Application     : No active profile set, falling back to 1 default profile: "default"
2024-06-12 10:23:15.949  INFO DESKTOP-2B56038 --- [  restartedMain] .s.d.r.c.RepositoryConfigurationDelegate : Bootstrapping Spring Data JPA repositories in DEFAULT mode.
2024-06-12 10:23:15.979  INFO DESKTOP-2B56038 --- [  restartedMain] .s.d.r.c.RepositoryConfigurationDelegate : Finished Spring Data repository scanning in 30 ms. Found 9 JPA repository interfaces.
2024-06-12 10:23:16.073  INFO DESKTOP-2B56038 --- [  restartedMain] o.s.b.w.e.t.TomcatWebServer              : Tomcat initialized with port(s): 8080 (http)
2024-06-12 10:23:16.073  INFO DESKTOP-2B56038 --- [  restartedMain] o.a.c.h.Http11NioProtocol                : Initializing ProtocolHandler ["http-nio-8080"]
2024-06-12 10:23:16.073  INFO DESKTOP-2B56038 --- [  restartedMain] o.a.c.c.StandardService                  : Starting service [Tomcat]
2024-06-12 10:23:16.074  INFO DESKTOP-2B56038 --- [  restartedMain] o.a.c.c.StandardEngine                   : Starting Servlet engine: [Apache Tomcat/9.0.78]
2024-06-12 10:23:16.089  INFO DESKTOP-2B56038 --- [  restartedMain] o.a.c.c.C.[.[.[/]                        : Initializing Spring embedded WebApplicationContext
2024-06-12 10:23:16.089  INFO DESKTOP-2B56038 --- [  restartedMain] w.s.c.ServletWebServerApplicationContext : Root WebApplicationContext: initialization completed in 293 ms
2024-06-12 10:23:16.129  WARN DESKTOP-2B56038 --- [  restartedMain] JpaBaseConfiguration$JpaWebConfiguration : spring.jpa.open-in-view is enabled by default. Therefore, database queries may be performed during view rendering. Explicitly configure spring.jpa.open-in-view to disable this warning
2024-06-12 10:23:16.145  INFO DESKTOP-2B56038 --- [  restartedMain] c.z.h.HikariDataSource                   : HikariPool-8 - Starting...
2024-06-12 10:23:16.148  INFO DESKTOP-2B56038 --- [  restartedMain] c.z.h.HikariDataSource                   : HikariPool-8 - Start completed.
2024-06-12 10:23:16.152  INFO DESKTOP-2B56038 --- [  restartedMain] o.h.j.i.u.LogHelper                      : HHH000204: Processing PersistenceUnitInfo [name: default]
2024-06-12 10:23:16.156  INFO DESKTOP-2B56038 --- [  restartedMain] o.h.d.Dialect                            : HHH000400: Using dialect: org.hibernate.dialect.MySQL8Dialect
2024-06-12 10:23:16.270  INFO DESKTOP-2B56038 --- [  restartedMain] o.h.e.t.j.p.i.JtaPlatformInitiator       : HHH000490: Using JtaPlatform implementation: [org.hibernate.engine.transaction.jta.platform.internal.NoJtaPlatform]
2024-06-12 10:23:16.270  INFO DESKTOP-2B56038 --- [  restartedMain] j.LocalContainerEntityManagerFactoryBean : Initialized JPA EntityManagerFactory for persistence unit 'default'
2024-06-12 10:23:16.662  INFO DESKTOP-2B56038 --- [  restartedMain] o.s.s.w.DefaultSecurityFilterChain       : Will secure any request with [org.springframework.security.web.session.DisableEncodeUrlFilter@1f825abd, org.springframework.security.web.context.request.async.WebAsyncManagerIntegrationFilter@7ef8bf6c, org.springframework.security.web.context.SecurityContextPersistenceFilter@79ab8f98, org.springframework.security.web.header.HeaderWriterFilter@69d761bb, org.springframework.web.filter.CorsFilter@239f27d5, org.springframework.security.web.authentication.logout.LogoutFilter@14673ad8, com.istt.staff_notification_v2.security.securityv2.JwtAuthenticationFilter@134a424a, org.springframework.security.web.savedrequest.RequestCacheAwareFilter@59bc5a7e, org.springframework.security.web.servletapi.SecurityContextHolderAwareRequestFilter@bb4324b, org.springframework.security.web.authentication.AnonymousAuthenticationFilter@7633073c, org.springframework.security.web.session.SessionManagementFilter@65fbec1c, org.springframework.security.web.access.ExceptionTranslationFilter@70da0dae, org.springframework.security.web.access.intercept.FilterSecurityInterceptor@1d3cb8b0]
2024-06-12 10:23:17.140  INFO DESKTOP-2B56038 --- [  restartedMain] o.s.b.d.a.OptionalLiveReloadServer       : LiveReload server is running on port 35729
2024-06-12 10:23:17.152  INFO DESKTOP-2B56038 --- [  restartedMain] o.a.c.h.Http11NioProtocol                : Starting ProtocolHandler ["http-nio-8080"]
2024-06-12 10:23:17.154  INFO DESKTOP-2B56038 --- [  restartedMain] o.s.b.w.e.t.TomcatWebServer              : Tomcat started on port(s): 8080 (http) with context path ''
2024-06-12 10:23:17.158  INFO DESKTOP-2B56038 --- [  restartedMain] c.i.s.StaffNotificationV2Application     : Started StaffNotificationV2Application in 1.394 seconds (JVM running for 886.686)
2024-06-12 10:23:17.159  INFO DESKTOP-2B56038 --- [  restartedMain] .ConditionEvaluationDeltaLoggingListener : Condition evaluation unchanged
2024-06-12 10:23:20.644  INFO DESKTOP-2B56038 --- [   File Watcher] rtingClassPathChangeChangedEventListener : Restarting due to 1 class path change (0 additions, 0 deletions, 1 modification)
2024-06-12 10:23:20.661  INFO DESKTOP-2B56038 --- [      Thread-31] o.a.c.h.Http11NioProtocol                : Pausing ProtocolHandler ["http-nio-8080"]
2024-06-12 10:23:20.662  INFO DESKTOP-2B56038 --- [      Thread-31] o.a.c.c.StandardService                  : Stopping service [Tomcat]
2024-06-12 10:23:20.663  WARN DESKTOP-2B56038 --- [      Thread-31] o.a.c.l.WebappClassLoaderBase            : The web application [ROOT] appears to have started a thread named [HikariPool-8 housekeeper] but has failed to stop it. This is very likely to create a memory leak. Stack trace of thread:
 java.base@15.0.2/jdk.internal.misc.Unsafe.park(Native Method)
 java.base@15.0.2/java.util.concurrent.locks.LockSupport.parkNanos(LockSupport.java:252)
 java.base@15.0.2/java.util.concurrent.locks.AbstractQueuedSynchronizer$ConditionObject.awaitNanos(AbstractQueuedSynchronizer.java:1661)
 java.base@15.0.2/java.util.concurrent.ScheduledThreadPoolExecutor$DelayedWorkQueue.take(ScheduledThreadPoolExecutor.java:1182)
 java.base@15.0.2/java.util.concurrent.ScheduledThreadPoolExecutor$DelayedWorkQueue.take(ScheduledThreadPoolExecutor.java:899)
 java.base@15.0.2/java.util.concurrent.ThreadPoolExecutor.getTask(ThreadPoolExecutor.java:1056)
 java.base@15.0.2/java.util.concurrent.ThreadPoolExecutor.runWorker(ThreadPoolExecutor.java:1116)
 java.base@15.0.2/java.util.concurrent.ThreadPoolExecutor$Worker.run(ThreadPoolExecutor.java:630)
 java.base@15.0.2/java.lang.Thread.run(Thread.java:832)
2024-06-12 10:23:20.665  WARN DESKTOP-2B56038 --- [      Thread-31] o.a.c.l.WebappClassLoaderBase            : The web application [ROOT] appears to have started a thread named [HikariPool-8 connection adder] but has failed to stop it. This is very likely to create a memory leak. Stack trace of thread:
 java.base@15.0.2/jdk.internal.misc.Unsafe.park(Native Method)
 java.base@15.0.2/java.util.concurrent.locks.LockSupport.parkNanos(LockSupport.java:252)
 java.base@15.0.2/java.util.concurrent.locks.AbstractQueuedSynchronizer$ConditionObject.awaitNanos(AbstractQueuedSynchronizer.java:1661)
 java.base@15.0.2/java.util.concurrent.LinkedBlockingQueue.poll(LinkedBlockingQueue.java:460)
 java.base@15.0.2/java.util.concurrent.ThreadPoolExecutor.getTask(ThreadPoolExecutor.java:1055)
 java.base@15.0.2/java.util.concurrent.ThreadPoolExecutor.runWorker(ThreadPoolExecutor.java:1116)
 java.base@15.0.2/java.util.concurrent.ThreadPoolExecutor$Worker.run(ThreadPoolExecutor.java:630)
 java.base@15.0.2/java.lang.Thread.run(Thread.java:832)
2024-06-12 10:23:20.665  INFO DESKTOP-2B56038 --- [      Thread-31] o.a.c.h.Http11NioProtocol                : Stopping ProtocolHandler ["http-nio-8080"]
2024-06-12 10:23:20.666  INFO DESKTOP-2B56038 --- [      Thread-31] o.a.c.h.Http11NioProtocol                : Destroying ProtocolHandler ["http-nio-8080"]
2024-06-12 10:23:20.668  INFO DESKTOP-2B56038 --- [      Thread-31] j.LocalContainerEntityManagerFactoryBean : Closing JPA EntityManagerFactory for persistence unit 'default'
2024-06-12 10:23:20.669  INFO DESKTOP-2B56038 --- [      Thread-31] c.z.h.HikariDataSource                   : HikariPool-8 - Shutdown initiated...
2024-06-12 10:23:20.670  INFO DESKTOP-2B56038 --- [      Thread-31] c.z.h.HikariDataSource                   : HikariPool-8 - Shutdown completed.
2024-06-12 10:23:20.770  INFO DESKTOP-2B56038 --- [  restartedMain] c.i.s.StaffNotificationV2Application     : Starting StaffNotificationV2Application using Java 15.0.2 on DESKTOP-2B56038 with PID 21852 (F:\Workspace_java\staff-notification-v2\target\classes started by nthan in F:\Workspace_java\staff-notification-v2)
2024-06-12 10:23:20.770  INFO DESKTOP-2B56038 --- [  restartedMain] c.i.s.StaffNotificationV2Application     : No active profile set, falling back to 1 default profile: "default"
2024-06-12 10:23:20.925  INFO DESKTOP-2B56038 --- [  restartedMain] .s.d.r.c.RepositoryConfigurationDelegate : Bootstrapping Spring Data JPA repositories in DEFAULT mode.
2024-06-12 10:23:20.947  INFO DESKTOP-2B56038 --- [  restartedMain] .s.d.r.c.RepositoryConfigurationDelegate : Finished Spring Data repository scanning in 22 ms. Found 9 JPA repository interfaces.
2024-06-12 10:23:21.034  INFO DESKTOP-2B56038 --- [  restartedMain] o.s.b.w.e.t.TomcatWebServer              : Tomcat initialized with port(s): 8080 (http)
2024-06-12 10:23:21.035  INFO DESKTOP-2B56038 --- [  restartedMain] o.a.c.h.Http11NioProtocol                : Initializing ProtocolHandler ["http-nio-8080"]
2024-06-12 10:23:21.035  INFO DESKTOP-2B56038 --- [  restartedMain] o.a.c.c.StandardService                  : Starting service [Tomcat]
2024-06-12 10:23:21.035  INFO DESKTOP-2B56038 --- [  restartedMain] o.a.c.c.StandardEngine                   : Starting Servlet engine: [Apache Tomcat/9.0.78]
2024-06-12 10:23:21.053  INFO DESKTOP-2B56038 --- [  restartedMain] o.a.c.c.C.[.[.[/]                        : Initializing Spring embedded WebApplicationContext
2024-06-12 10:23:21.053  INFO DESKTOP-2B56038 --- [  restartedMain] w.s.c.ServletWebServerApplicationContext : Root WebApplicationContext: initialization completed in 281 ms
2024-06-12 10:23:21.091  WARN DESKTOP-2B56038 --- [  restartedMain] JpaBaseConfiguration$JpaWebConfiguration : spring.jpa.open-in-view is enabled by default. Therefore, database queries may be performed during view rendering. Explicitly configure spring.jpa.open-in-view to disable this warning
2024-06-12 10:23:21.108  INFO DESKTOP-2B56038 --- [  restartedMain] c.z.h.HikariDataSource                   : HikariPool-9 - Starting...
2024-06-12 10:23:21.111  INFO DESKTOP-2B56038 --- [  restartedMain] c.z.h.HikariDataSource                   : HikariPool-9 - Start completed.
2024-06-12 10:23:21.116  INFO DESKTOP-2B56038 --- [  restartedMain] o.h.j.i.u.LogHelper                      : HHH000204: Processing PersistenceUnitInfo [name: default]
2024-06-12 10:23:21.118  INFO DESKTOP-2B56038 --- [  restartedMain] o.h.d.Dialect                            : HHH000400: Using dialect: org.hibernate.dialect.MySQL8Dialect
2024-06-12 10:23:21.255  INFO DESKTOP-2B56038 --- [  restartedMain] o.h.e.t.j.p.i.JtaPlatformInitiator       : HHH000490: Using JtaPlatform implementation: [org.hibernate.engine.transaction.jta.platform.internal.NoJtaPlatform]
2024-06-12 10:23:21.255  INFO DESKTOP-2B56038 --- [  restartedMain] j.LocalContainerEntityManagerFactoryBean : Initialized JPA EntityManagerFactory for persistence unit 'default'
2024-06-12 10:23:21.655  INFO DESKTOP-2B56038 --- [  restartedMain] o.s.s.w.DefaultSecurityFilterChain       : Will secure any request with [org.springframework.security.web.session.DisableEncodeUrlFilter@722c3950, org.springframework.security.web.context.request.async.WebAsyncManagerIntegrationFilter@179f98a3, org.springframework.security.web.context.SecurityContextPersistenceFilter@6e6c8391, org.springframework.security.web.header.HeaderWriterFilter@61f6107a, org.springframework.web.filter.CorsFilter@233abada, org.springframework.security.web.authentication.logout.LogoutFilter@4937514e, com.istt.staff_notification_v2.security.securityv2.JwtAuthenticationFilter@268d4bb3, org.springframework.security.web.savedrequest.RequestCacheAwareFilter@37246e4a, org.springframework.security.web.servletapi.SecurityContextHolderAwareRequestFilter@6600cd14, org.springframework.security.web.authentication.AnonymousAuthenticationFilter@458318bb, org.springframework.security.web.session.SessionManagementFilter@19b79be2, org.springframework.security.web.access.ExceptionTranslationFilter@bda4967, org.springframework.security.web.access.intercept.FilterSecurityInterceptor@31f12853]
2024-06-12 10:23:22.155  INFO DESKTOP-2B56038 --- [  restartedMain] o.s.b.d.a.OptionalLiveReloadServer       : LiveReload server is running on port 35729
2024-06-12 10:23:22.168  INFO DESKTOP-2B56038 --- [  restartedMain] o.a.c.h.Http11NioProtocol                : Starting ProtocolHandler ["http-nio-8080"]
2024-06-12 10:23:22.170  INFO DESKTOP-2B56038 --- [  restartedMain] o.s.b.w.e.t.TomcatWebServer              : Tomcat started on port(s): 8080 (http) with context path ''
2024-06-12 10:23:22.178  INFO DESKTOP-2B56038 --- [  restartedMain] c.i.s.StaffNotificationV2Application     : Started StaffNotificationV2Application in 1.452 seconds (JVM running for 891.706)
2024-06-12 10:23:22.181  INFO DESKTOP-2B56038 --- [  restartedMain] .ConditionEvaluationDeltaLoggingListener : Condition evaluation unchanged
2024-06-12 10:23:29.752  INFO DESKTOP-2B56038 --- [   File Watcher] rtingClassPathChangeChangedEventListener : Restarting due to 1 class path change (0 additions, 0 deletions, 1 modification)
2024-06-12 10:23:29.769  INFO DESKTOP-2B56038 --- [      Thread-35] o.a.c.h.Http11NioProtocol                : Pausing ProtocolHandler ["http-nio-8080"]
2024-06-12 10:23:29.769  INFO DESKTOP-2B56038 --- [      Thread-35] o.a.c.c.StandardService                  : Stopping service [Tomcat]
2024-06-12 10:23:29.771  WARN DESKTOP-2B56038 --- [      Thread-35] o.a.c.l.WebappClassLoaderBase            : The web application [ROOT] appears to have started a thread named [HikariPool-9 housekeeper] but has failed to stop it. This is very likely to create a memory leak. Stack trace of thread:
 java.base@15.0.2/jdk.internal.misc.Unsafe.park(Native Method)
 java.base@15.0.2/java.util.concurrent.locks.LockSupport.parkNanos(LockSupport.java:252)
 java.base@15.0.2/java.util.concurrent.locks.AbstractQueuedSynchronizer$ConditionObject.awaitNanos(AbstractQueuedSynchronizer.java:1661)
 java.base@15.0.2/java.util.concurrent.ScheduledThreadPoolExecutor$DelayedWorkQueue.take(ScheduledThreadPoolExecutor.java:1182)
 java.base@15.0.2/java.util.concurrent.ScheduledThreadPoolExecutor$DelayedWorkQueue.take(ScheduledThreadPoolExecutor.java:899)
 java.base@15.0.2/java.util.concurrent.ThreadPoolExecutor.getTask(ThreadPoolExecutor.java:1056)
 java.base@15.0.2/java.util.concurrent.ThreadPoolExecutor.runWorker(ThreadPoolExecutor.java:1116)
 java.base@15.0.2/java.util.concurrent.ThreadPoolExecutor$Worker.run(ThreadPoolExecutor.java:630)
 java.base@15.0.2/java.lang.Thread.run(Thread.java:832)
2024-06-12 10:23:29.771  INFO DESKTOP-2B56038 --- [      Thread-35] o.a.c.h.Http11NioProtocol                : Stopping ProtocolHandler ["http-nio-8080"]
2024-06-12 10:23:29.772  INFO DESKTOP-2B56038 --- [      Thread-35] o.a.c.h.Http11NioProtocol                : Destroying ProtocolHandler ["http-nio-8080"]
2024-06-12 10:23:29.774  INFO DESKTOP-2B56038 --- [      Thread-35] j.LocalContainerEntityManagerFactoryBean : Closing JPA EntityManagerFactory for persistence unit 'default'
2024-06-12 10:23:29.775  INFO DESKTOP-2B56038 --- [      Thread-35] c.z.h.HikariDataSource                   : HikariPool-9 - Shutdown initiated...
2024-06-12 10:23:29.776  INFO DESKTOP-2B56038 --- [      Thread-35] c.z.h.HikariDataSource                   : HikariPool-9 - Shutdown completed.
2024-06-12 10:23:29.858  INFO DESKTOP-2B56038 --- [  restartedMain] c.i.s.StaffNotificationV2Application     : Starting StaffNotificationV2Application using Java 15.0.2 on DESKTOP-2B56038 with PID 21852 (F:\Workspace_java\staff-notification-v2\target\classes started by nthan in F:\Workspace_java\staff-notification-v2)
2024-06-12 10:23:29.859  INFO DESKTOP-2B56038 --- [  restartedMain] c.i.s.StaffNotificationV2Application     : No active profile set, falling back to 1 default profile: "default"
2024-06-12 10:23:30.013  INFO DESKTOP-2B56038 --- [  restartedMain] .s.d.r.c.RepositoryConfigurationDelegate : Bootstrapping Spring Data JPA repositories in DEFAULT mode.
2024-06-12 10:23:30.039  INFO DESKTOP-2B56038 --- [  restartedMain] .s.d.r.c.RepositoryConfigurationDelegate : Finished Spring Data repository scanning in 25 ms. Found 9 JPA repository interfaces.
2024-06-12 10:23:30.130  INFO DESKTOP-2B56038 --- [  restartedMain] o.s.b.w.e.t.TomcatWebServer              : Tomcat initialized with port(s): 8080 (http)
2024-06-12 10:23:30.131  INFO DESKTOP-2B56038 --- [  restartedMain] o.a.c.h.Http11NioProtocol                : Initializing ProtocolHandler ["http-nio-8080"]
2024-06-12 10:23:30.131  INFO DESKTOP-2B56038 --- [  restartedMain] o.a.c.c.StandardService                  : Starting service [Tomcat]
2024-06-12 10:23:30.131  INFO DESKTOP-2B56038 --- [  restartedMain] o.a.c.c.StandardEngine                   : Starting Servlet engine: [Apache Tomcat/9.0.78]
2024-06-12 10:23:30.149  INFO DESKTOP-2B56038 --- [  restartedMain] o.a.c.c.C.[.[.[/]                        : Initializing Spring embedded WebApplicationContext
2024-06-12 10:23:30.149  INFO DESKTOP-2B56038 --- [  restartedMain] w.s.c.ServletWebServerApplicationContext : Root WebApplicationContext: initialization completed in 289 ms
2024-06-12 10:23:30.191  WARN DESKTOP-2B56038 --- [  restartedMain] JpaBaseConfiguration$JpaWebConfiguration : spring.jpa.open-in-view is enabled by default. Therefore, database queries may be performed during view rendering. Explicitly configure spring.jpa.open-in-view to disable this warning
2024-06-12 10:23:30.207  INFO DESKTOP-2B56038 --- [  restartedMain] c.z.h.HikariDataSource                   : HikariPool-10 - Starting...
2024-06-12 10:23:30.210  INFO DESKTOP-2B56038 --- [  restartedMain] c.z.h.HikariDataSource                   : HikariPool-10 - Start completed.
2024-06-12 10:23:30.214  INFO DESKTOP-2B56038 --- [  restartedMain] o.h.j.i.u.LogHelper                      : HHH000204: Processing PersistenceUnitInfo [name: default]
2024-06-12 10:23:30.218  INFO DESKTOP-2B56038 --- [  restartedMain] o.h.d.Dialect                            : HHH000400: Using dialect: org.hibernate.dialect.MySQL8Dialect
2024-06-12 10:23:30.330  INFO DESKTOP-2B56038 --- [  restartedMain] o.h.e.t.j.p.i.JtaPlatformInitiator       : HHH000490: Using JtaPlatform implementation: [org.hibernate.engine.transaction.jta.platform.internal.NoJtaPlatform]
2024-06-12 10:23:30.330  INFO DESKTOP-2B56038 --- [  restartedMain] j.LocalContainerEntityManagerFactoryBean : Initialized JPA EntityManagerFactory for persistence unit 'default'
2024-06-12 10:23:30.727  INFO DESKTOP-2B56038 --- [  restartedMain] o.s.s.w.DefaultSecurityFilterChain       : Will secure any request with [org.springframework.security.web.session.DisableEncodeUrlFilter@651da23, org.springframework.security.web.context.request.async.WebAsyncManagerIntegrationFilter@1700f37c, org.springframework.security.web.context.SecurityContextPersistenceFilter@5b58fc12, org.springframework.security.web.header.HeaderWriterFilter@73c43bfc, org.springframework.web.filter.CorsFilter@49b3d838, org.springframework.security.web.authentication.logout.LogoutFilter@1c662c97, com.istt.staff_notification_v2.security.securityv2.JwtAuthenticationFilter@6b5ede3c, org.springframework.security.web.savedrequest.RequestCacheAwareFilter@375c1041, org.springframework.security.web.servletapi.SecurityContextHolderAwareRequestFilter@6515d68d, org.springframework.security.web.authentication.AnonymousAuthenticationFilter@63a4f43b, org.springframework.security.web.session.SessionManagementFilter@62b0e04e, org.springframework.security.web.access.ExceptionTranslationFilter@65d12727, org.springframework.security.web.access.intercept.FilterSecurityInterceptor@140f3730]
2024-06-12 10:23:31.170  INFO DESKTOP-2B56038 --- [  restartedMain] o.s.b.d.a.OptionalLiveReloadServer       : LiveReload server is running on port 35729
2024-06-12 10:23:31.181  INFO DESKTOP-2B56038 --- [  restartedMain] o.a.c.h.Http11NioProtocol                : Starting ProtocolHandler ["http-nio-8080"]
2024-06-12 10:23:31.183  INFO DESKTOP-2B56038 --- [  restartedMain] o.s.b.w.e.t.TomcatWebServer              : Tomcat started on port(s): 8080 (http) with context path ''
2024-06-12 10:23:31.187  INFO DESKTOP-2B56038 --- [  restartedMain] c.i.s.StaffNotificationV2Application     : Started StaffNotificationV2Application in 1.359 seconds (JVM running for 900.715)
2024-06-12 10:23:31.188  INFO DESKTOP-2B56038 --- [  restartedMain] .ConditionEvaluationDeltaLoggingListener : Condition evaluation unchanged
