2024-07-29 15:20:48.758  INFO Camilla --- [kground-preinit] o.h.v.i.u.Version                        : HV000001: Hibernate Validator 6.2.5.Final
2024-07-29 15:20:48.818  INFO Camilla --- [  restartedMain] c.i.s.StaffNotificationV2Application     : Starting StaffNotificationV2Application using Java 11.0.17 on Camilla with PID 9596 (D:\Eclipse\java\staff2\staff-notificationv2\target\classes started by admin in D:\Eclipse\java\staff2\staff-notificationv2)
2024-07-29 15:20:48.823  INFO Camilla --- [  restartedMain] c.i.s.StaffNotificationV2Application     : No active profile set, falling back to 1 default profile: "default"
2024-07-29 15:20:48.864  INFO Camilla --- [  restartedMain] .e.DevToolsPropertyDefaultsPostProcessor : Devtools property defaults active! Set 'spring.devtools.add-properties' to 'false' to disable
2024-07-29 15:20:48.865  INFO Camilla --- [  restartedMain] .e.DevToolsPropertyDefaultsPostProcessor : For additional web related logging consider setting the 'logging.level.web' property to 'DEBUG'
2024-07-29 15:20:49.773  INFO Camilla --- [  restartedMain] .s.d.r.c.RepositoryConfigurationDelegate : Bootstrapping Spring Data JPA repositories in DEFAULT mode.
2024-07-29 15:20:49.892  INFO Camilla --- [  restartedMain] .s.d.r.c.RepositoryConfigurationDelegate : Finished Spring Data repository scanning in 106 ms. Found 12 JPA repository interfaces.
2024-07-29 15:20:51.024  INFO Camilla --- [  restartedMain] o.s.b.w.e.t.TomcatWebServer              : Tomcat initialized with port(s): 5050 (http)
2024-07-29 15:20:51.045  INFO Camilla --- [  restartedMain] o.a.c.h.Http11NioProtocol                : Initializing ProtocolHandler ["http-nio-5050"]
2024-07-29 15:20:51.047  INFO Camilla --- [  restartedMain] o.a.c.c.StandardService                  : Starting service [Tomcat]
2024-07-29 15:20:51.047  INFO Camilla --- [  restartedMain] o.a.c.c.StandardEngine                   : Starting Servlet engine: [Apache Tomcat/9.0.78]
2024-07-29 15:20:51.225  INFO Camilla --- [  restartedMain] o.a.c.c.C.[.[.[/]                        : Initializing Spring embedded WebApplicationContext
2024-07-29 15:20:51.225  INFO Camilla --- [  restartedMain] w.s.c.ServletWebServerApplicationContext : Root WebApplicationContext: initialization completed in 2360 ms
2024-07-29 15:20:51.509  WARN Camilla --- [  restartedMain] JpaBaseConfiguration$JpaWebConfiguration : spring.jpa.open-in-view is enabled by default. Therefore, database queries may be performed during view rendering. Explicitly configure spring.jpa.open-in-view to disable this warning
2024-07-29 15:20:51.582  INFO Camilla --- [  restartedMain] c.z.h.HikariDataSource                   : HikariPool-1 - Starting...
2024-07-29 15:20:51.879  INFO Camilla --- [  restartedMain] c.z.h.HikariDataSource                   : HikariPool-1 - Start completed.
2024-07-29 15:20:51.959  INFO Camilla --- [  restartedMain] o.h.j.i.u.LogHelper                      : HHH000204: Processing PersistenceUnitInfo [name: default]
2024-07-29 15:20:52.043  INFO Camilla --- [  restartedMain] o.h.Version                              : HHH000412: Hibernate ORM core version 5.6.15.Final
2024-07-29 15:20:52.251  INFO Camilla --- [  restartedMain] o.h.a.c.Version                          : HCANN000001: Hibernate Commons Annotations {5.1.2.Final}
2024-07-29 15:20:52.366  INFO Camilla --- [  restartedMain] o.h.d.Dialect                            : HHH000400: Using dialect: org.hibernate.dialect.MySQL8Dialect
2024-07-29 15:20:53.449  INFO Camilla --- [  restartedMain] o.h.e.t.j.p.i.JtaPlatformInitiator       : HHH000490: Using JtaPlatform implementation: [org.hibernate.engine.transaction.jta.platform.internal.NoJtaPlatform]
2024-07-29 15:20:53.458  INFO Camilla --- [  restartedMain] j.LocalContainerEntityManagerFactoryBean : Initialized JPA EntityManagerFactory for persistence unit 'default'
2024-07-29 15:20:54.841  INFO Camilla --- [  restartedMain] o.s.s.w.DefaultSecurityFilterChain       : Will secure any request with [org.springframework.security.web.session.DisableEncodeUrlFilter@78762d74, org.springframework.security.web.context.request.async.WebAsyncManagerIntegrationFilter@1517fb5f, org.springframework.security.web.context.SecurityContextPersistenceFilter@2ae994f3, org.springframework.security.web.header.HeaderWriterFilter@761d6504, org.springframework.web.filter.CorsFilter@68ba354b, org.springframework.security.web.authentication.logout.LogoutFilter@6ff36876, com.istt.staff_notification_v2.security.securityv2.JwtAuthenticationFilter@5096797d, org.springframework.security.web.savedrequest.RequestCacheAwareFilter@6e63beba, org.springframework.security.web.servletapi.SecurityContextHolderAwareRequestFilter@470e24e, org.springframework.security.web.authentication.AnonymousAuthenticationFilter@3e18fb8, org.springframework.security.web.session.SessionManagementFilter@dd58049, org.springframework.security.web.access.ExceptionTranslationFilter@b924d4d, org.springframework.security.web.access.intercept.FilterSecurityInterceptor@79f7026a]
2024-07-29 15:20:56.114  INFO Camilla --- [  restartedMain] o.s.b.d.a.OptionalLiveReloadServer       : LiveReload server is running on port 35729
2024-07-29 15:20:56.148  INFO Camilla --- [  restartedMain] o.a.c.h.Http11NioProtocol                : Starting ProtocolHandler ["http-nio-5050"]
2024-07-29 15:20:56.181  INFO Camilla --- [  restartedMain] o.s.b.w.e.t.TomcatWebServer              : Tomcat started on port(s): 5050 (http) with context path ''
2024-07-29 15:20:56.193  INFO Camilla --- [  restartedMain] c.i.s.StaffNotificationV2Application     : Started StaffNotificationV2Application in 7.785 seconds (JVM running for 8.742)
2024-07-29 15:20:57.784  INFO Camilla --- [nio-5050-exec-1] o.a.c.c.C.[.[.[/]                        : Initializing Spring DispatcherServlet 'dispatcherServlet'
2024-07-29 15:20:57.784  INFO Camilla --- [nio-5050-exec-1] o.s.w.s.DispatcherServlet                : Initializing Servlet 'dispatcherServlet'
2024-07-29 15:20:57.786  INFO Camilla --- [nio-5050-exec-1] o.s.w.s.DispatcherServlet                : Completed initialization in 1 ms
2024-07-29 15:20:59.875  INFO Camilla --- [nio-5050-exec-9] o.s.a.AbstractOpenApiResource            : Init duration for springdoc-openapi is: 1743 ms
2024-07-29 21:19:44.877  INFO Camilla --- [kground-preinit] o.h.v.i.u.Version                        : HV000001: Hibernate Validator 6.2.5.Final
2024-07-29 21:19:44.926  INFO Camilla --- [  restartedMain] c.i.s.StaffNotificationV2Application     : Starting StaffNotificationV2Application using Java 11.0.17 on Camilla with PID 19116 (D:\Eclipse\java\staff2\staff-notificationv2\target\classes started by admin in D:\Eclipse\java\staff2\staff-notificationv2)
2024-07-29 21:19:44.932  INFO Camilla --- [  restartedMain] c.i.s.StaffNotificationV2Application     : No active profile set, falling back to 1 default profile: "default"
2024-07-29 21:19:44.974  INFO Camilla --- [  restartedMain] .e.DevToolsPropertyDefaultsPostProcessor : Devtools property defaults active! Set 'spring.devtools.add-properties' to 'false' to disable
2024-07-29 21:19:44.974  INFO Camilla --- [  restartedMain] .e.DevToolsPropertyDefaultsPostProcessor : For additional web related logging consider setting the 'logging.level.web' property to 'DEBUG'
2024-07-29 21:19:45.943  INFO Camilla --- [  restartedMain] .s.d.r.c.RepositoryConfigurationDelegate : Bootstrapping Spring Data JPA repositories in DEFAULT mode.
2024-07-29 21:19:46.055  INFO Camilla --- [  restartedMain] .s.d.r.c.RepositoryConfigurationDelegate : Finished Spring Data repository scanning in 104 ms. Found 12 JPA repository interfaces.
2024-07-29 21:19:47.126  INFO Camilla --- [  restartedMain] o.s.b.w.e.t.TomcatWebServer              : Tomcat initialized with port(s): 5050 (http)
2024-07-29 21:19:47.149  INFO Camilla --- [  restartedMain] o.a.c.h.Http11NioProtocol                : Initializing ProtocolHandler ["http-nio-5050"]
2024-07-29 21:19:47.152  INFO Camilla --- [  restartedMain] o.a.c.c.StandardService                  : Starting service [Tomcat]
2024-07-29 21:19:47.152  INFO Camilla --- [  restartedMain] o.a.c.c.StandardEngine                   : Starting Servlet engine: [Apache Tomcat/9.0.78]
2024-07-29 21:19:47.294  INFO Camilla --- [  restartedMain] o.a.c.c.C.[.[.[/]                        : Initializing Spring embedded WebApplicationContext
2024-07-29 21:19:47.295  INFO Camilla --- [  restartedMain] w.s.c.ServletWebServerApplicationContext : Root WebApplicationContext: initialization completed in 2320 ms
2024-07-29 21:19:47.552  WARN Camilla --- [  restartedMain] JpaBaseConfiguration$JpaWebConfiguration : spring.jpa.open-in-view is enabled by default. Therefore, database queries may be performed during view rendering. Explicitly configure spring.jpa.open-in-view to disable this warning
2024-07-29 21:19:47.625  INFO Camilla --- [  restartedMain] c.z.h.HikariDataSource                   : HikariPool-1 - Starting...
2024-07-29 21:19:48.439  INFO Camilla --- [  restartedMain] c.z.h.HikariDataSource                   : HikariPool-1 - Start completed.
2024-07-29 21:19:48.484  INFO Camilla --- [  restartedMain] o.h.j.i.u.LogHelper                      : HHH000204: Processing PersistenceUnitInfo [name: default]
2024-07-29 21:19:48.548  INFO Camilla --- [  restartedMain] o.h.Version                              : HHH000412: Hibernate ORM core version 5.6.15.Final
2024-07-29 21:19:48.707  INFO Camilla --- [  restartedMain] o.h.a.c.Version                          : HCANN000001: Hibernate Commons Annotations {5.1.2.Final}
2024-07-29 21:19:48.807  INFO Camilla --- [  restartedMain] o.h.d.Dialect                            : HHH000400: Using dialect: org.hibernate.dialect.MySQL8Dialect
2024-07-29 21:19:59.310  INFO Camilla --- [  restartedMain] o.h.e.t.j.p.i.JtaPlatformInitiator       : HHH000490: Using JtaPlatform implementation: [org.hibernate.engine.transaction.jta.platform.internal.NoJtaPlatform]
2024-07-29 21:19:59.330  INFO Camilla --- [  restartedMain] j.LocalContainerEntityManagerFactoryBean : Initialized JPA EntityManagerFactory for persistence unit 'default'
2024-07-29 21:20:00.640  INFO Camilla --- [  restartedMain] o.s.s.w.DefaultSecurityFilterChain       : Will secure any request with [org.springframework.security.web.session.DisableEncodeUrlFilter@c1a1bf9, org.springframework.security.web.context.request.async.WebAsyncManagerIntegrationFilter@64896201, org.springframework.security.web.context.SecurityContextPersistenceFilter@4e49243c, org.springframework.security.web.header.HeaderWriterFilter@403166f4, org.springframework.web.filter.CorsFilter@1922b4d0, org.springframework.security.web.authentication.logout.LogoutFilter@5bc5b15e, com.istt.staff_notification_v2.security.securityv2.JwtAuthenticationFilter@434fbd0a, org.springframework.security.web.savedrequest.RequestCacheAwareFilter@c181788, org.springframework.security.web.servletapi.SecurityContextHolderAwareRequestFilter@331a486b, org.springframework.security.web.authentication.AnonymousAuthenticationFilter@597fea3c, org.springframework.security.web.session.SessionManagementFilter@2b2936b7, org.springframework.security.web.access.ExceptionTranslationFilter@136e23ec, org.springframework.security.web.access.intercept.FilterSecurityInterceptor@5e86c70d]
2024-07-29 21:20:01.793  INFO Camilla --- [  restartedMain] o.s.b.d.a.OptionalLiveReloadServer       : LiveReload server is running on port 35729
2024-07-29 21:20:01.826  INFO Camilla --- [  restartedMain] o.a.c.h.Http11NioProtocol                : Starting ProtocolHandler ["http-nio-5050"]
2024-07-29 21:20:01.857  INFO Camilla --- [  restartedMain] o.s.b.w.e.t.TomcatWebServer              : Tomcat started on port(s): 5050 (http) with context path ''
2024-07-29 21:20:01.870  INFO Camilla --- [  restartedMain] c.i.s.StaffNotificationV2Application     : Started StaffNotificationV2Application in 17.307 seconds (JVM running for 18.178)
2024-07-29 21:29:49.100  INFO Camilla --- [kground-preinit] o.h.v.i.u.Version                        : HV000001: Hibernate Validator 6.2.5.Final
2024-07-29 21:29:49.146  INFO Camilla --- [  restartedMain] c.i.s.StaffNotificationV2Application     : Starting StaffNotificationV2Application using Java 11.0.17 on Camilla with PID 11952 (D:\Eclipse\java\staff2\staff-notificationv2\target\classes started by admin in D:\Eclipse\java\staff2\staff-notificationv2)
2024-07-29 21:29:49.150  INFO Camilla --- [  restartedMain] c.i.s.StaffNotificationV2Application     : No active profile set, falling back to 1 default profile: "default"
2024-07-29 21:29:49.187  INFO Camilla --- [  restartedMain] .e.DevToolsPropertyDefaultsPostProcessor : Devtools property defaults active! Set 'spring.devtools.add-properties' to 'false' to disable
2024-07-29 21:29:49.188  INFO Camilla --- [  restartedMain] .e.DevToolsPropertyDefaultsPostProcessor : For additional web related logging consider setting the 'logging.level.web' property to 'DEBUG'
2024-07-29 21:29:49.925  INFO Camilla --- [  restartedMain] .s.d.r.c.RepositoryConfigurationDelegate : Bootstrapping Spring Data JPA repositories in DEFAULT mode.
2024-07-29 21:29:50.032  INFO Camilla --- [  restartedMain] .s.d.r.c.RepositoryConfigurationDelegate : Finished Spring Data repository scanning in 98 ms. Found 12 JPA repository interfaces.
2024-07-29 21:29:50.948  INFO Camilla --- [  restartedMain] o.s.b.w.e.t.TomcatWebServer              : Tomcat initialized with port(s): 5050 (http)
2024-07-29 21:29:50.965  INFO Camilla --- [  restartedMain] o.a.c.h.Http11NioProtocol                : Initializing ProtocolHandler ["http-nio-5050"]
2024-07-29 21:29:50.967  INFO Camilla --- [  restartedMain] o.a.c.c.StandardService                  : Starting service [Tomcat]
2024-07-29 21:29:50.967  INFO Camilla --- [  restartedMain] o.a.c.c.StandardEngine                   : Starting Servlet engine: [Apache Tomcat/9.0.78]
2024-07-29 21:29:51.094  INFO Camilla --- [  restartedMain] o.a.c.c.C.[.[.[/]                        : Initializing Spring embedded WebApplicationContext
2024-07-29 21:29:51.094  INFO Camilla --- [  restartedMain] w.s.c.ServletWebServerApplicationContext : Root WebApplicationContext: initialization completed in 1906 ms
2024-07-29 21:29:51.323  WARN Camilla --- [  restartedMain] JpaBaseConfiguration$JpaWebConfiguration : spring.jpa.open-in-view is enabled by default. Therefore, database queries may be performed during view rendering. Explicitly configure spring.jpa.open-in-view to disable this warning
2024-07-29 21:29:51.386  INFO Camilla --- [  restartedMain] c.z.h.HikariDataSource                   : HikariPool-1 - Starting...
2024-07-29 21:29:51.901  INFO Camilla --- [  restartedMain] c.z.h.HikariDataSource                   : HikariPool-1 - Start completed.
2024-07-29 21:29:51.939  INFO Camilla --- [  restartedMain] o.h.j.i.u.LogHelper                      : HHH000204: Processing PersistenceUnitInfo [name: default]
2024-07-29 21:29:51.985  INFO Camilla --- [  restartedMain] o.h.Version                              : HHH000412: Hibernate ORM core version 5.6.15.Final
2024-07-29 21:29:52.121  INFO Camilla --- [  restartedMain] o.h.a.c.Version                          : HCANN000001: Hibernate Commons Annotations {5.1.2.Final}
2024-07-29 21:29:52.231  INFO Camilla --- [  restartedMain] o.h.d.Dialect                            : HHH000400: Using dialect: org.hibernate.dialect.MySQL8Dialect
2024-07-29 21:29:54.082  INFO Camilla --- [  restartedMain] o.h.e.t.j.p.i.JtaPlatformInitiator       : HHH000490: Using JtaPlatform implementation: [org.hibernate.engine.transaction.jta.platform.internal.NoJtaPlatform]
2024-07-29 21:29:54.092  INFO Camilla --- [  restartedMain] j.LocalContainerEntityManagerFactoryBean : Initialized JPA EntityManagerFactory for persistence unit 'default'
2024-07-29 21:29:55.362  INFO Camilla --- [  restartedMain] o.s.s.w.DefaultSecurityFilterChain       : Will secure any request with [org.springframework.security.web.session.DisableEncodeUrlFilter@1bb92967, org.springframework.security.web.context.request.async.WebAsyncManagerIntegrationFilter@179afd, org.springframework.security.web.context.SecurityContextPersistenceFilter@2684cce, org.springframework.security.web.header.HeaderWriterFilter@75f7fdf6, org.springframework.web.filter.CorsFilter@9f0be39, org.springframework.security.web.authentication.logout.LogoutFilter@1e0d5840, com.istt.staff_notification_v2.security.securityv2.JwtAuthenticationFilter@67b37dea, org.springframework.security.web.savedrequest.RequestCacheAwareFilter@65b8413c, org.springframework.security.web.servletapi.SecurityContextHolderAwareRequestFilter@15a46675, org.springframework.security.web.authentication.AnonymousAuthenticationFilter@37c5928c, org.springframework.security.web.session.SessionManagementFilter@df397d1, org.springframework.security.web.access.ExceptionTranslationFilter@65c54951, org.springframework.security.web.access.intercept.FilterSecurityInterceptor@3c136912]
2024-07-29 21:29:56.423  INFO Camilla --- [  restartedMain] o.s.b.d.a.OptionalLiveReloadServer       : LiveReload server is running on port 35729
2024-07-29 21:29:56.458  INFO Camilla --- [  restartedMain] o.a.c.h.Http11NioProtocol                : Starting ProtocolHandler ["http-nio-5050"]
2024-07-29 21:29:56.489  INFO Camilla --- [  restartedMain] o.s.b.w.e.t.TomcatWebServer              : Tomcat started on port(s): 5050 (http) with context path ''
2024-07-29 21:29:56.499  INFO Camilla --- [  restartedMain] c.i.s.StaffNotificationV2Application     : Started StaffNotificationV2Application in 7.669 seconds (JVM running for 8.52)
2024-07-29 21:30:12.410  INFO Camilla --- [nio-5050-exec-1] o.a.c.c.C.[.[.[/]                        : Initializing Spring DispatcherServlet 'dispatcherServlet'
2024-07-29 21:30:12.410  INFO Camilla --- [nio-5050-exec-1] o.s.w.s.DispatcherServlet                : Initializing Servlet 'dispatcherServlet'
2024-07-29 21:30:12.423  INFO Camilla --- [nio-5050-exec-1] o.s.w.s.DispatcherServlet                : Completed initialization in 13 ms
2024-07-29 21:30:14.406  INFO Camilla --- [nio-5050-exec-8] o.s.a.AbstractOpenApiResource            : Init duration for springdoc-openapi is: 1646 ms
2024-07-29 21:37:27.965  INFO Camilla --- [kground-preinit] o.h.v.i.u.Version                        : HV000001: Hibernate Validator 6.2.5.Final
2024-07-29 21:37:28.003  INFO Camilla --- [  restartedMain] c.i.s.StaffNotificationV2Application     : Starting StaffNotificationV2Application using Java 11.0.17 on Camilla with PID 5132 (D:\Eclipse\java\staff2\staff-notificationv2\target\classes started by admin in D:\Eclipse\java\staff2\staff-notificationv2)
2024-07-29 21:37:28.007  INFO Camilla --- [  restartedMain] c.i.s.StaffNotificationV2Application     : No active profile set, falling back to 1 default profile: "default"
2024-07-29 21:37:28.045  INFO Camilla --- [  restartedMain] .e.DevToolsPropertyDefaultsPostProcessor : Devtools property defaults active! Set 'spring.devtools.add-properties' to 'false' to disable
2024-07-29 21:37:28.045  INFO Camilla --- [  restartedMain] .e.DevToolsPropertyDefaultsPostProcessor : For additional web related logging consider setting the 'logging.level.web' property to 'DEBUG'
2024-07-29 21:37:28.815  INFO Camilla --- [  restartedMain] .s.d.r.c.RepositoryConfigurationDelegate : Bootstrapping Spring Data JPA repositories in DEFAULT mode.
2024-07-29 21:37:28.907  INFO Camilla --- [  restartedMain] .s.d.r.c.RepositoryConfigurationDelegate : Finished Spring Data repository scanning in 84 ms. Found 12 JPA repository interfaces.
2024-07-29 21:37:29.809  INFO Camilla --- [  restartedMain] o.s.b.w.e.t.TomcatWebServer              : Tomcat initialized with port(s): 5050 (http)
2024-07-29 21:37:29.825  INFO Camilla --- [  restartedMain] o.a.c.h.Http11NioProtocol                : Initializing ProtocolHandler ["http-nio-5050"]
2024-07-29 21:37:29.826  INFO Camilla --- [  restartedMain] o.a.c.c.StandardService                  : Starting service [Tomcat]
2024-07-29 21:37:29.827  INFO Camilla --- [  restartedMain] o.a.c.c.StandardEngine                   : Starting Servlet engine: [Apache Tomcat/9.0.78]
2024-07-29 21:37:29.940  INFO Camilla --- [  restartedMain] o.a.c.c.C.[.[.[/]                        : Initializing Spring embedded WebApplicationContext
2024-07-29 21:37:29.942  INFO Camilla --- [  restartedMain] w.s.c.ServletWebServerApplicationContext : Root WebApplicationContext: initialization completed in 1896 ms
2024-07-29 21:37:30.120  WARN Camilla --- [  restartedMain] JpaBaseConfiguration$JpaWebConfiguration : spring.jpa.open-in-view is enabled by default. Therefore, database queries may be performed during view rendering. Explicitly configure spring.jpa.open-in-view to disable this warning
2024-07-29 21:37:30.187  INFO Camilla --- [  restartedMain] c.z.h.HikariDataSource                   : HikariPool-1 - Starting...
2024-07-29 21:37:31.081  INFO Camilla --- [  restartedMain] c.z.h.HikariDataSource                   : HikariPool-1 - Start completed.
2024-07-29 21:37:31.118  INFO Camilla --- [  restartedMain] o.h.j.i.u.LogHelper                      : HHH000204: Processing PersistenceUnitInfo [name: default]
2024-07-29 21:37:31.155  INFO Camilla --- [  restartedMain] o.h.Version                              : HHH000412: Hibernate ORM core version 5.6.15.Final
2024-07-29 21:37:31.266  INFO Camilla --- [  restartedMain] o.h.a.c.Version                          : HCANN000001: Hibernate Commons Annotations {5.1.2.Final}
2024-07-29 21:37:31.341  INFO Camilla --- [  restartedMain] o.h.d.Dialect                            : HHH000400: Using dialect: org.hibernate.dialect.MySQL8Dialect
2024-07-29 21:37:33.606  INFO Camilla --- [  restartedMain] o.h.e.t.j.p.i.JtaPlatformInitiator       : HHH000490: Using JtaPlatform implementation: [org.hibernate.engine.transaction.jta.platform.internal.NoJtaPlatform]
2024-07-29 21:37:33.614  INFO Camilla --- [  restartedMain] j.LocalContainerEntityManagerFactoryBean : Initialized JPA EntityManagerFactory for persistence unit 'default'
2024-07-29 21:37:34.836  INFO Camilla --- [  restartedMain] o.s.s.w.DefaultSecurityFilterChain       : Will secure any request with [org.springframework.security.web.session.DisableEncodeUrlFilter@5e86c70d, org.springframework.security.web.context.request.async.WebAsyncManagerIntegrationFilter@7cc5a09f, org.springframework.security.web.context.SecurityContextPersistenceFilter@7782834b, org.springframework.security.web.header.HeaderWriterFilter@2e159037, org.springframework.web.filter.CorsFilter@61fdfa40, org.springframework.security.web.authentication.logout.LogoutFilter@5d72295e, com.istt.staff_notification_v2.security.securityv2.JwtAuthenticationFilter@57bbae86, org.springframework.security.web.savedrequest.RequestCacheAwareFilter@3a795604, org.springframework.security.web.servletapi.SecurityContextHolderAwareRequestFilter@4e49243c, org.springframework.security.web.authentication.AnonymousAuthenticationFilter@1c047fc, org.springframework.security.web.session.SessionManagementFilter@6d378d2a, org.springframework.security.web.access.ExceptionTranslationFilter@72622028, org.springframework.security.web.access.intercept.FilterSecurityInterceptor@40e2fa9b]
2024-07-29 21:37:35.990  INFO Camilla --- [  restartedMain] o.s.b.d.a.OptionalLiveReloadServer       : LiveReload server is running on port 35729
2024-07-29 21:37:36.042  INFO Camilla --- [  restartedMain] o.a.c.h.Http11NioProtocol                : Starting ProtocolHandler ["http-nio-5050"]
2024-07-29 21:37:36.083  INFO Camilla --- [  restartedMain] o.s.b.w.e.t.TomcatWebServer              : Tomcat started on port(s): 5050 (http) with context path ''
2024-07-29 21:37:36.099  INFO Camilla --- [  restartedMain] c.i.s.StaffNotificationV2Application     : Started StaffNotificationV2Application in 8.406 seconds (JVM running for 9.247)
2024-07-29 21:37:40.585  INFO Camilla --- [nio-5050-exec-1] o.a.c.c.C.[.[.[/]                        : Initializing Spring DispatcherServlet 'dispatcherServlet'
2024-07-29 21:37:40.585  INFO Camilla --- [nio-5050-exec-1] o.s.w.s.DispatcherServlet                : Initializing Servlet 'dispatcherServlet'
2024-07-29 21:37:40.586  INFO Camilla --- [nio-5050-exec-1] o.s.w.s.DispatcherServlet                : Completed initialization in 1 ms
2024-07-29 21:37:42.623  INFO Camilla --- [nio-5050-exec-9] o.s.a.AbstractOpenApiResource            : Init duration for springdoc-openapi is: 1667 ms
2024-07-29 21:43:38.040  INFO Camilla --- [kground-preinit] o.h.v.i.u.Version                        : HV000001: Hibernate Validator 6.2.5.Final
2024-07-29 21:43:38.079  INFO Camilla --- [  restartedMain] c.i.s.StaffNotificationV2Application     : Starting StaffNotificationV2Application using Java 11.0.17 on Camilla with PID 2576 (D:\Eclipse\java\staff2\staff-notificationv2\target\classes started by admin in D:\Eclipse\java\staff2\staff-notificationv2)
2024-07-29 21:43:38.083  INFO Camilla --- [  restartedMain] c.i.s.StaffNotificationV2Application     : No active profile set, falling back to 1 default profile: "default"
2024-07-29 21:43:38.121  INFO Camilla --- [  restartedMain] .e.DevToolsPropertyDefaultsPostProcessor : Devtools property defaults active! Set 'spring.devtools.add-properties' to 'false' to disable
2024-07-29 21:43:38.122  INFO Camilla --- [  restartedMain] .e.DevToolsPropertyDefaultsPostProcessor : For additional web related logging consider setting the 'logging.level.web' property to 'DEBUG'
2024-07-29 21:43:38.901  INFO Camilla --- [  restartedMain] .s.d.r.c.RepositoryConfigurationDelegate : Bootstrapping Spring Data JPA repositories in DEFAULT mode.
2024-07-29 21:43:38.998  INFO Camilla --- [  restartedMain] .s.d.r.c.RepositoryConfigurationDelegate : Finished Spring Data repository scanning in 88 ms. Found 12 JPA repository interfaces.
2024-07-29 21:43:39.925  INFO Camilla --- [  restartedMain] o.s.b.w.e.t.TomcatWebServer              : Tomcat initialized with port(s): 5050 (http)
2024-07-29 21:43:39.943  INFO Camilla --- [  restartedMain] o.a.c.h.Http11NioProtocol                : Initializing ProtocolHandler ["http-nio-5050"]
2024-07-29 21:43:39.945  INFO Camilla --- [  restartedMain] o.a.c.c.StandardService                  : Starting service [Tomcat]
2024-07-29 21:43:39.945  INFO Camilla --- [  restartedMain] o.a.c.c.StandardEngine                   : Starting Servlet engine: [Apache Tomcat/9.0.78]
2024-07-29 21:43:40.066  INFO Camilla --- [  restartedMain] o.a.c.c.C.[.[.[/]                        : Initializing Spring embedded WebApplicationContext
2024-07-29 21:43:40.067  INFO Camilla --- [  restartedMain] w.s.c.ServletWebServerApplicationContext : Root WebApplicationContext: initialization completed in 1945 ms
2024-07-29 21:43:40.281  WARN Camilla --- [  restartedMain] JpaBaseConfiguration$JpaWebConfiguration : spring.jpa.open-in-view is enabled by default. Therefore, database queries may be performed during view rendering. Explicitly configure spring.jpa.open-in-view to disable this warning
2024-07-29 21:43:40.347  INFO Camilla --- [  restartedMain] c.z.h.HikariDataSource                   : HikariPool-1 - Starting...
2024-07-29 21:43:42.180  INFO Camilla --- [  restartedMain] c.z.h.HikariDataSource                   : HikariPool-1 - Start completed.
2024-07-29 21:43:42.218  INFO Camilla --- [  restartedMain] o.h.j.i.u.LogHelper                      : HHH000204: Processing PersistenceUnitInfo [name: default]
2024-07-29 21:43:42.256  INFO Camilla --- [  restartedMain] o.h.Version                              : HHH000412: Hibernate ORM core version 5.6.15.Final
2024-07-29 21:43:42.377  INFO Camilla --- [  restartedMain] o.h.a.c.Version                          : HCANN000001: Hibernate Commons Annotations {5.1.2.Final}
2024-07-29 21:43:42.476  INFO Camilla --- [  restartedMain] o.h.d.Dialect                            : HHH000400: Using dialect: org.hibernate.dialect.MySQL8Dialect
2024-07-29 21:43:45.316  INFO Camilla --- [  restartedMain] o.h.e.t.j.p.i.JtaPlatformInitiator       : HHH000490: Using JtaPlatform implementation: [org.hibernate.engine.transaction.jta.platform.internal.NoJtaPlatform]
2024-07-29 21:43:45.324  INFO Camilla --- [  restartedMain] j.LocalContainerEntityManagerFactoryBean : Initialized JPA EntityManagerFactory for persistence unit 'default'
2024-07-29 21:43:46.492  INFO Camilla --- [  restartedMain] o.s.s.w.DefaultSecurityFilterChain       : Will secure any request with [org.springframework.security.web.session.DisableEncodeUrlFilter@78762d74, org.springframework.security.web.context.request.async.WebAsyncManagerIntegrationFilter@1517fb5f, org.springframework.security.web.context.SecurityContextPersistenceFilter@2ae994f3, org.springframework.security.web.header.HeaderWriterFilter@761d6504, org.springframework.web.filter.CorsFilter@28ab2584, org.springframework.security.web.authentication.logout.LogoutFilter@6ff36876, com.istt.staff_notification_v2.security.securityv2.JwtAuthenticationFilter@373c1ccf, org.springframework.security.web.savedrequest.RequestCacheAwareFilter@6e63beba, org.springframework.security.web.servletapi.SecurityContextHolderAwareRequestFilter@470e24e, org.springframework.security.web.authentication.AnonymousAuthenticationFilter@3e18fb8, org.springframework.security.web.session.SessionManagementFilter@dd58049, org.springframework.security.web.access.ExceptionTranslationFilter@b924d4d, org.springframework.security.web.access.intercept.FilterSecurityInterceptor@79f7026a]
2024-07-29 21:43:47.734  INFO Camilla --- [  restartedMain] o.s.b.d.a.OptionalLiveReloadServer       : LiveReload server is running on port 35729
2024-07-29 21:43:47.761  INFO Camilla --- [  restartedMain] o.a.c.h.Http11NioProtocol                : Starting ProtocolHandler ["http-nio-5050"]
2024-07-29 21:43:47.785  INFO Camilla --- [  restartedMain] o.s.b.w.e.t.TomcatWebServer              : Tomcat started on port(s): 5050 (http) with context path ''
2024-07-29 21:43:47.794  INFO Camilla --- [  restartedMain] c.i.s.StaffNotificationV2Application     : Started StaffNotificationV2Application in 10.037 seconds (JVM running for 10.962)
2024-07-29 21:43:52.546  INFO Camilla --- [nio-5050-exec-1] o.a.c.c.C.[.[.[/]                        : Initializing Spring DispatcherServlet 'dispatcherServlet'
2024-07-29 21:43:52.546  INFO Camilla --- [nio-5050-exec-1] o.s.w.s.DispatcherServlet                : Initializing Servlet 'dispatcherServlet'
2024-07-29 21:43:52.547  INFO Camilla --- [nio-5050-exec-1] o.s.w.s.DispatcherServlet                : Completed initialization in 1 ms
2024-07-29 21:44:48.073  INFO Camilla --- [kground-preinit] o.h.v.i.u.Version                        : HV000001: Hibernate Validator 6.2.5.Final
2024-07-29 21:44:48.116  INFO Camilla --- [  restartedMain] c.i.s.StaffNotificationV2Application     : Starting StaffNotificationV2Application using Java 11.0.17 on Camilla with PID 9592 (D:\Eclipse\java\staff2\staff-notificationv2\target\classes started by admin in D:\Eclipse\java\staff2\staff-notificationv2)
2024-07-29 21:44:48.120  INFO Camilla --- [  restartedMain] c.i.s.StaffNotificationV2Application     : No active profile set, falling back to 1 default profile: "default"
2024-07-29 21:44:48.155  INFO Camilla --- [  restartedMain] .e.DevToolsPropertyDefaultsPostProcessor : Devtools property defaults active! Set 'spring.devtools.add-properties' to 'false' to disable
2024-07-29 21:44:48.156  INFO Camilla --- [  restartedMain] .e.DevToolsPropertyDefaultsPostProcessor : For additional web related logging consider setting the 'logging.level.web' property to 'DEBUG'
2024-07-29 21:44:48.944  INFO Camilla --- [  restartedMain] .s.d.r.c.RepositoryConfigurationDelegate : Bootstrapping Spring Data JPA repositories in DEFAULT mode.
2024-07-29 21:44:49.040  INFO Camilla --- [  restartedMain] .s.d.r.c.RepositoryConfigurationDelegate : Finished Spring Data repository scanning in 88 ms. Found 12 JPA repository interfaces.
2024-07-29 21:44:49.964  INFO Camilla --- [  restartedMain] o.s.b.w.e.t.TomcatWebServer              : Tomcat initialized with port(s): 5050 (http)
2024-07-29 21:44:49.981  INFO Camilla --- [  restartedMain] o.a.c.h.Http11NioProtocol                : Initializing ProtocolHandler ["http-nio-5050"]
2024-07-29 21:44:49.983  INFO Camilla --- [  restartedMain] o.a.c.c.StandardService                  : Starting service [Tomcat]
2024-07-29 21:44:49.984  INFO Camilla --- [  restartedMain] o.a.c.c.StandardEngine                   : Starting Servlet engine: [Apache Tomcat/9.0.78]
2024-07-29 21:44:50.105  INFO Camilla --- [  restartedMain] o.a.c.c.C.[.[.[/]                        : Initializing Spring embedded WebApplicationContext
2024-07-29 21:44:50.106  INFO Camilla --- [  restartedMain] w.s.c.ServletWebServerApplicationContext : Root WebApplicationContext: initialization completed in 1950 ms
2024-07-29 21:44:50.320  WARN Camilla --- [  restartedMain] JpaBaseConfiguration$JpaWebConfiguration : spring.jpa.open-in-view is enabled by default. Therefore, database queries may be performed during view rendering. Explicitly configure spring.jpa.open-in-view to disable this warning
2024-07-29 21:44:50.395  INFO Camilla --- [  restartedMain] c.z.h.HikariDataSource                   : HikariPool-1 - Starting...
2024-07-29 21:44:53.212  INFO Camilla --- [  restartedMain] c.z.h.HikariDataSource                   : HikariPool-1 - Start completed.
2024-07-29 21:44:53.253  INFO Camilla --- [  restartedMain] o.h.j.i.u.LogHelper                      : HHH000204: Processing PersistenceUnitInfo [name: default]
2024-07-29 21:44:53.294  INFO Camilla --- [  restartedMain] o.h.Version                              : HHH000412: Hibernate ORM core version 5.6.15.Final
2024-07-29 21:44:53.418  INFO Camilla --- [  restartedMain] o.h.a.c.Version                          : HCANN000001: Hibernate Commons Annotations {5.1.2.Final}
2024-07-29 21:44:53.508  INFO Camilla --- [  restartedMain] o.h.d.Dialect                            : HHH000400: Using dialect: org.hibernate.dialect.MySQL8Dialect
2024-07-29 21:44:58.666  INFO Camilla --- [  restartedMain] o.h.e.t.j.p.i.JtaPlatformInitiator       : HHH000490: Using JtaPlatform implementation: [org.hibernate.engine.transaction.jta.platform.internal.NoJtaPlatform]
2024-07-29 21:44:58.683  INFO Camilla --- [  restartedMain] j.LocalContainerEntityManagerFactoryBean : Initialized JPA EntityManagerFactory for persistence unit 'default'
2024-07-29 21:45:00.089  INFO Camilla --- [  restartedMain] o.s.s.w.DefaultSecurityFilterChain       : Will secure any request with [org.springframework.security.web.session.DisableEncodeUrlFilter@5eb35f20, org.springframework.security.web.context.request.async.WebAsyncManagerIntegrationFilter@5de9a933, org.springframework.security.web.context.SecurityContextPersistenceFilter@495a086b, org.springframework.security.web.header.HeaderWriterFilter@ef8e45e, org.springframework.web.filter.CorsFilter@3d3272e6, org.springframework.security.web.authentication.logout.LogoutFilter@1c1bf951, com.istt.staff_notification_v2.security.securityv2.JwtAuthenticationFilter@ef37d6f, org.springframework.security.web.savedrequest.RequestCacheAwareFilter@2eb93d83, org.springframework.security.web.servletapi.SecurityContextHolderAwareRequestFilter@5e40d87a, org.springframework.security.web.authentication.AnonymousAuthenticationFilter@f3d3572, org.springframework.security.web.session.SessionManagementFilter@f8b7071, org.springframework.security.web.access.ExceptionTranslationFilter@a049aa0, org.springframework.security.web.access.intercept.FilterSecurityInterceptor@17afc3e8]
2024-07-29 21:45:01.368  INFO Camilla --- [  restartedMain] o.s.b.d.a.OptionalLiveReloadServer       : LiveReload server is running on port 35729
2024-07-29 21:45:01.398  INFO Camilla --- [  restartedMain] o.a.c.h.Http11NioProtocol                : Starting ProtocolHandler ["http-nio-5050"]
2024-07-29 21:45:01.432  INFO Camilla --- [  restartedMain] o.s.b.w.e.t.TomcatWebServer              : Tomcat started on port(s): 5050 (http) with context path ''
2024-07-29 21:45:01.447  INFO Camilla --- [  restartedMain] c.i.s.StaffNotificationV2Application     : Started StaffNotificationV2Application in 13.65 seconds (JVM running for 14.5)
2024-07-29 21:46:06.165  INFO Camilla --- [nio-5050-exec-1] o.a.c.c.C.[.[.[/]                        : Initializing Spring DispatcherServlet 'dispatcherServlet'
2024-07-29 21:46:06.165  INFO Camilla --- [nio-5050-exec-1] o.s.w.s.DispatcherServlet                : Initializing Servlet 'dispatcherServlet'
2024-07-29 21:46:06.169  INFO Camilla --- [nio-5050-exec-1] o.s.w.s.DispatcherServlet                : Completed initialization in 4 ms
2024-07-29 21:50:15.903  INFO Camilla --- [   File Watcher] rtingClassPathChangeChangedEventListener : Restarting due to 1 class path change (0 additions, 0 deletions, 1 modification)
2024-07-29 21:50:16.085  INFO Camilla --- [       Thread-5] o.a.c.h.Http11NioProtocol                : Pausing ProtocolHandler ["http-nio-5050"]
2024-07-29 21:50:16.085  INFO Camilla --- [       Thread-5] o.a.c.c.StandardService                  : Stopping service [Tomcat]
2024-07-29 21:50:16.087  INFO Camilla --- [       Thread-5] o.a.c.c.C.[.[.[/]                        : Destroying Spring FrameworkServlet 'dispatcherServlet'
2024-07-29 21:50:16.089  WARN Camilla --- [       Thread-5] o.a.c.l.WebappClassLoaderBase            : The web application [ROOT] appears to have started a thread named [HikariPool-1 housekeeper] but has failed to stop it. This is very likely to create a memory leak. Stack trace of thread:
 java.base@11.0.17/jdk.internal.misc.Unsafe.park(Native Method)
 java.base@11.0.17/java.util.concurrent.locks.LockSupport.parkNanos(LockSupport.java:234)
 java.base@11.0.17/java.util.concurrent.locks.AbstractQueuedSynchronizer$ConditionObject.awaitNanos(AbstractQueuedSynchronizer.java:2123)
 java.base@11.0.17/java.util.concurrent.ScheduledThreadPoolExecutor$DelayedWorkQueue.take(ScheduledThreadPoolExecutor.java:1182)
 java.base@11.0.17/java.util.concurrent.ScheduledThreadPoolExecutor$DelayedWorkQueue.take(ScheduledThreadPoolExecutor.java:899)
 java.base@11.0.17/java.util.concurrent.ThreadPoolExecutor.getTask(ThreadPoolExecutor.java:1054)
 java.base@11.0.17/java.util.concurrent.ThreadPoolExecutor.runWorker(ThreadPoolExecutor.java:1114)
 java.base@11.0.17/java.util.concurrent.ThreadPoolExecutor$Worker.run(ThreadPoolExecutor.java:628)
 java.base@11.0.17/java.lang.Thread.run(Thread.java:834)
2024-07-29 21:50:16.090  INFO Camilla --- [       Thread-5] o.a.c.h.Http11NioProtocol                : Stopping ProtocolHandler ["http-nio-5050"]
2024-07-29 21:50:16.092  INFO Camilla --- [       Thread-5] o.a.c.h.Http11NioProtocol                : Destroying ProtocolHandler ["http-nio-5050"]
2024-07-29 21:50:16.098  INFO Camilla --- [       Thread-5] j.LocalContainerEntityManagerFactoryBean : Closing JPA EntityManagerFactory for persistence unit 'default'
2024-07-29 21:50:16.100  INFO Camilla --- [       Thread-5] c.z.h.HikariDataSource                   : HikariPool-1 - Shutdown initiated...
2024-07-29 21:50:16.109  INFO Camilla --- [       Thread-5] c.z.h.HikariDataSource                   : HikariPool-1 - Shutdown completed.
2024-07-29 21:50:16.216  INFO Camilla --- [  restartedMain] c.i.s.StaffNotificationV2Application     : Starting StaffNotificationV2Application using Java 11.0.17 on Camilla with PID 9592 (D:\Eclipse\java\staff2\staff-notificationv2\target\classes started by admin in D:\Eclipse\java\staff2\staff-notificationv2)
2024-07-29 21:50:16.217  INFO Camilla --- [  restartedMain] c.i.s.StaffNotificationV2Application     : No active profile set, falling back to 1 default profile: "default"
2024-07-29 21:50:16.484  INFO Camilla --- [  restartedMain] .s.d.r.c.RepositoryConfigurationDelegate : Bootstrapping Spring Data JPA repositories in DEFAULT mode.
2024-07-29 21:50:16.540  INFO Camilla --- [  restartedMain] .s.d.r.c.RepositoryConfigurationDelegate : Finished Spring Data repository scanning in 56 ms. Found 12 JPA repository interfaces.
2024-07-29 21:50:16.659  INFO Camilla --- [  restartedMain] o.s.b.w.e.t.TomcatWebServer              : Tomcat initialized with port(s): 5050 (http)
2024-07-29 21:50:16.660  INFO Camilla --- [  restartedMain] o.a.c.h.Http11NioProtocol                : Initializing ProtocolHandler ["http-nio-5050"]
2024-07-29 21:50:16.660  INFO Camilla --- [  restartedMain] o.a.c.c.StandardService                  : Starting service [Tomcat]
2024-07-29 21:50:16.660  INFO Camilla --- [  restartedMain] o.a.c.c.StandardEngine                   : Starting Servlet engine: [Apache Tomcat/9.0.78]
2024-07-29 21:50:16.696  INFO Camilla --- [  restartedMain] o.a.c.c.C.[.[.[/]                        : Initializing Spring embedded WebApplicationContext
2024-07-29 21:50:16.696  INFO Camilla --- [  restartedMain] w.s.c.ServletWebServerApplicationContext : Root WebApplicationContext: initialization completed in 477 ms
2024-07-29 21:50:16.750  WARN Camilla --- [  restartedMain] JpaBaseConfiguration$JpaWebConfiguration : spring.jpa.open-in-view is enabled by default. Therefore, database queries may be performed during view rendering. Explicitly configure spring.jpa.open-in-view to disable this warning
2024-07-29 21:50:16.769  INFO Camilla --- [  restartedMain] c.z.h.HikariDataSource                   : HikariPool-2 - Starting...
2024-07-29 21:50:17.156  INFO Camilla --- [  restartedMain] c.z.h.HikariDataSource                   : HikariPool-2 - Start completed.
2024-07-29 21:50:17.162  INFO Camilla --- [  restartedMain] o.h.j.i.u.LogHelper                      : HHH000204: Processing PersistenceUnitInfo [name: default]
2024-07-29 21:50:17.168  INFO Camilla --- [  restartedMain] o.h.d.Dialect                            : HHH000400: Using dialect: org.hibernate.dialect.MySQL8Dialect
2024-07-29 21:50:18.714  INFO Camilla --- [  restartedMain] o.h.e.t.j.p.i.JtaPlatformInitiator       : HHH000490: Using JtaPlatform implementation: [org.hibernate.engine.transaction.jta.platform.internal.NoJtaPlatform]
2024-07-29 21:50:18.715  INFO Camilla --- [  restartedMain] j.LocalContainerEntityManagerFactoryBean : Initialized JPA EntityManagerFactory for persistence unit 'default'
2024-07-29 21:50:19.183  INFO Camilla --- [  restartedMain] o.s.s.w.DefaultSecurityFilterChain       : Will secure any request with [org.springframework.security.web.session.DisableEncodeUrlFilter@10764308, org.springframework.security.web.context.request.async.WebAsyncManagerIntegrationFilter@6fc2222c, org.springframework.security.web.context.SecurityContextPersistenceFilter@78cabe15, org.springframework.security.web.header.HeaderWriterFilter@7905b540, org.springframework.web.filter.CorsFilter@fbece57, org.springframework.security.web.authentication.logout.LogoutFilter@7166792e, com.istt.staff_notification_v2.security.securityv2.JwtAuthenticationFilter@4a238ab3, org.springframework.security.web.savedrequest.RequestCacheAwareFilter@4c858cc2, org.springframework.security.web.servletapi.SecurityContextHolderAwareRequestFilter@18fe9fa7, org.springframework.security.web.authentication.AnonymousAuthenticationFilter@131f13e1, org.springframework.security.web.session.SessionManagementFilter@78879982, org.springframework.security.web.access.ExceptionTranslationFilter@6c4b1618, org.springframework.security.web.access.intercept.FilterSecurityInterceptor@757a4a66]
2024-07-29 21:50:19.613  INFO Camilla --- [  restartedMain] o.s.b.d.a.OptionalLiveReloadServer       : LiveReload server is running on port 35729
2024-07-29 21:50:19.630  INFO Camilla --- [  restartedMain] o.a.c.h.Http11NioProtocol                : Starting ProtocolHandler ["http-nio-5050"]
2024-07-29 21:50:19.633  INFO Camilla --- [  restartedMain] o.s.b.w.e.t.TomcatWebServer              : Tomcat started on port(s): 5050 (http) with context path ''
2024-07-29 21:50:19.637  INFO Camilla --- [  restartedMain] c.i.s.StaffNotificationV2Application     : Started StaffNotificationV2Application in 3.471 seconds (JVM running for 332.69)
2024-07-29 21:50:19.639  INFO Camilla --- [  restartedMain] .ConditionEvaluationDeltaLoggingListener : Condition evaluation unchanged
2024-07-29 21:56:00.195  INFO Camilla --- [   File Watcher] rtingClassPathChangeChangedEventListener : Restarting due to 2 class path changes (0 additions, 0 deletions, 2 modifications)
2024-07-29 21:56:00.370  INFO Camilla --- [       Thread-7] o.a.c.h.Http11NioProtocol                : Pausing ProtocolHandler ["http-nio-5050"]
2024-07-29 21:56:00.370  INFO Camilla --- [       Thread-7] o.a.c.c.StandardService                  : Stopping service [Tomcat]
2024-07-29 21:56:00.373  WARN Camilla --- [       Thread-7] o.a.c.l.WebappClassLoaderBase            : The web application [ROOT] appears to have started a thread named [HikariPool-2 housekeeper] but has failed to stop it. This is very likely to create a memory leak. Stack trace of thread:
 java.base@11.0.17/jdk.internal.misc.Unsafe.park(Native Method)
 java.base@11.0.17/java.util.concurrent.locks.LockSupport.parkNanos(LockSupport.java:234)
 java.base@11.0.17/java.util.concurrent.locks.AbstractQueuedSynchronizer$ConditionObject.awaitNanos(AbstractQueuedSynchronizer.java:2123)
 java.base@11.0.17/java.util.concurrent.ScheduledThreadPoolExecutor$DelayedWorkQueue.take(ScheduledThreadPoolExecutor.java:1182)
 java.base@11.0.17/java.util.concurrent.ScheduledThreadPoolExecutor$DelayedWorkQueue.take(ScheduledThreadPoolExecutor.java:899)
 java.base@11.0.17/java.util.concurrent.ThreadPoolExecutor.getTask(ThreadPoolExecutor.java:1054)
 java.base@11.0.17/java.util.concurrent.ThreadPoolExecutor.runWorker(ThreadPoolExecutor.java:1114)
 java.base@11.0.17/java.util.concurrent.ThreadPoolExecutor$Worker.run(ThreadPoolExecutor.java:628)
 java.base@11.0.17/java.lang.Thread.run(Thread.java:834)
2024-07-29 21:56:00.373  INFO Camilla --- [       Thread-7] o.a.c.h.Http11NioProtocol                : Stopping ProtocolHandler ["http-nio-5050"]
2024-07-29 21:56:00.375  INFO Camilla --- [       Thread-7] o.a.c.h.Http11NioProtocol                : Destroying ProtocolHandler ["http-nio-5050"]
2024-07-29 21:56:00.377  INFO Camilla --- [       Thread-7] j.LocalContainerEntityManagerFactoryBean : Closing JPA EntityManagerFactory for persistence unit 'default'
2024-07-29 21:56:00.377  INFO Camilla --- [       Thread-7] c.z.h.HikariDataSource                   : HikariPool-2 - Shutdown initiated...
2024-07-29 21:56:00.382  INFO Camilla --- [       Thread-7] c.z.h.HikariDataSource                   : HikariPool-2 - Shutdown completed.
2024-07-29 21:56:00.471  INFO Camilla --- [  restartedMain] c.i.s.StaffNotificationV2Application     : Starting StaffNotificationV2Application using Java 11.0.17 on Camilla with PID 9592 (D:\Eclipse\java\staff2\staff-notificationv2\target\classes started by admin in D:\Eclipse\java\staff2\staff-notificationv2)
2024-07-29 21:56:00.472  INFO Camilla --- [  restartedMain] c.i.s.StaffNotificationV2Application     : No active profile set, falling back to 1 default profile: "default"
2024-07-29 21:56:00.745  INFO Camilla --- [  restartedMain] .s.d.r.c.RepositoryConfigurationDelegate : Bootstrapping Spring Data JPA repositories in DEFAULT mode.
2024-07-29 21:56:00.806  INFO Camilla --- [  restartedMain] .s.d.r.c.RepositoryConfigurationDelegate : Finished Spring Data repository scanning in 60 ms. Found 12 JPA repository interfaces.
2024-07-29 21:56:00.891  INFO Camilla --- [  restartedMain] o.s.b.w.e.t.TomcatWebServer              : Tomcat initialized with port(s): 5050 (http)
2024-07-29 21:56:00.892  INFO Camilla --- [  restartedMain] o.a.c.h.Http11NioProtocol                : Initializing ProtocolHandler ["http-nio-5050"]
2024-07-29 21:56:00.892  INFO Camilla --- [  restartedMain] o.a.c.c.StandardService                  : Starting service [Tomcat]
2024-07-29 21:56:00.892  INFO Camilla --- [  restartedMain] o.a.c.c.StandardEngine                   : Starting Servlet engine: [Apache Tomcat/9.0.78]
2024-07-29 21:56:00.917  INFO Camilla --- [  restartedMain] o.a.c.c.C.[.[.[/]                        : Initializing Spring embedded WebApplicationContext
2024-07-29 21:56:00.917  INFO Camilla --- [  restartedMain] w.s.c.ServletWebServerApplicationContext : Root WebApplicationContext: initialization completed in 444 ms
2024-07-29 21:56:00.950  WARN Camilla --- [  restartedMain] JpaBaseConfiguration$JpaWebConfiguration : spring.jpa.open-in-view is enabled by default. Therefore, database queries may be performed during view rendering. Explicitly configure spring.jpa.open-in-view to disable this warning
2024-07-29 21:56:00.963  INFO Camilla --- [  restartedMain] c.z.h.HikariDataSource                   : HikariPool-3 - Starting...
2024-07-29 21:56:02.953  INFO Camilla --- [  restartedMain] c.z.h.HikariDataSource                   : HikariPool-3 - Start completed.
2024-07-29 21:56:02.960  INFO Camilla --- [  restartedMain] o.h.j.i.u.LogHelper                      : HHH000204: Processing PersistenceUnitInfo [name: default]
2024-07-29 21:56:02.964  INFO Camilla --- [  restartedMain] o.h.d.Dialect                            : HHH000400: Using dialect: org.hibernate.dialect.MySQL8Dialect
2024-07-29 21:56:08.602  INFO Camilla --- [  restartedMain] o.h.e.t.j.p.i.JtaPlatformInitiator       : HHH000490: Using JtaPlatform implementation: [org.hibernate.engine.transaction.jta.platform.internal.NoJtaPlatform]
2024-07-29 21:56:08.603  INFO Camilla --- [  restartedMain] j.LocalContainerEntityManagerFactoryBean : Initialized JPA EntityManagerFactory for persistence unit 'default'
2024-07-29 21:56:09.069  INFO Camilla --- [  restartedMain] o.s.s.w.DefaultSecurityFilterChain       : Will secure any request with [org.springframework.security.web.session.DisableEncodeUrlFilter@5c838325, org.springframework.security.web.context.request.async.WebAsyncManagerIntegrationFilter@1ee13541, org.springframework.security.web.context.SecurityContextPersistenceFilter@53abde69, org.springframework.security.web.header.HeaderWriterFilter@602fa897, org.springframework.web.filter.CorsFilter@5354ca04, org.springframework.security.web.authentication.logout.LogoutFilter@56fa95e7, com.istt.staff_notification_v2.security.securityv2.JwtAuthenticationFilter@8d49ce0, org.springframework.security.web.savedrequest.RequestCacheAwareFilter@7e40783c, org.springframework.security.web.servletapi.SecurityContextHolderAwareRequestFilter@63361c73, org.springframework.security.web.authentication.AnonymousAuthenticationFilter@74014150, org.springframework.security.web.session.SessionManagementFilter@478589ad, org.springframework.security.web.access.ExceptionTranslationFilter@2890baca, org.springframework.security.web.access.intercept.FilterSecurityInterceptor@80ea506]
2024-07-29 21:56:09.482  INFO Camilla --- [  restartedMain] o.s.b.d.a.OptionalLiveReloadServer       : LiveReload server is running on port 35729
2024-07-29 21:56:09.490  INFO Camilla --- [  restartedMain] o.a.c.h.Http11NioProtocol                : Starting ProtocolHandler ["http-nio-5050"]
2024-07-29 21:56:09.492  INFO Camilla --- [  restartedMain] o.s.b.w.e.t.TomcatWebServer              : Tomcat started on port(s): 5050 (http) with context path ''
2024-07-29 21:56:09.497  INFO Camilla --- [  restartedMain] c.i.s.StaffNotificationV2Application     : Started StaffNotificationV2Application in 9.064 seconds (JVM running for 682.549)
2024-07-29 21:56:09.498  INFO Camilla --- [  restartedMain] .ConditionEvaluationDeltaLoggingListener : Condition evaluation unchanged
2024-07-29 21:57:06.223  INFO Camilla --- [   File Watcher] rtingClassPathChangeChangedEventListener : Restarting due to 2 class path changes (0 additions, 0 deletions, 2 modifications)
2024-07-29 21:57:06.403  INFO Camilla --- [      Thread-11] o.a.c.h.Http11NioProtocol                : Pausing ProtocolHandler ["http-nio-5050"]
2024-07-29 21:57:06.404  INFO Camilla --- [      Thread-11] o.a.c.c.StandardService                  : Stopping service [Tomcat]
2024-07-29 21:57:06.406  WARN Camilla --- [      Thread-11] o.a.c.l.WebappClassLoaderBase            : The web application [ROOT] appears to have started a thread named [HikariPool-3 housekeeper] but has failed to stop it. This is very likely to create a memory leak. Stack trace of thread:
 java.base@11.0.17/jdk.internal.misc.Unsafe.park(Native Method)
 java.base@11.0.17/java.util.concurrent.locks.LockSupport.parkNanos(LockSupport.java:234)
 java.base@11.0.17/java.util.concurrent.locks.AbstractQueuedSynchronizer$ConditionObject.awaitNanos(AbstractQueuedSynchronizer.java:2123)
 java.base@11.0.17/java.util.concurrent.ScheduledThreadPoolExecutor$DelayedWorkQueue.take(ScheduledThreadPoolExecutor.java:1182)
 java.base@11.0.17/java.util.concurrent.ScheduledThreadPoolExecutor$DelayedWorkQueue.take(ScheduledThreadPoolExecutor.java:899)
 java.base@11.0.17/java.util.concurrent.ThreadPoolExecutor.getTask(ThreadPoolExecutor.java:1054)
 java.base@11.0.17/java.util.concurrent.ThreadPoolExecutor.runWorker(ThreadPoolExecutor.java:1114)
 java.base@11.0.17/java.util.concurrent.ThreadPoolExecutor$Worker.run(ThreadPoolExecutor.java:628)
 java.base@11.0.17/java.lang.Thread.run(Thread.java:834)
2024-07-29 21:57:06.407  INFO Camilla --- [      Thread-11] o.a.c.h.Http11NioProtocol                : Stopping ProtocolHandler ["http-nio-5050"]
2024-07-29 21:57:06.408  INFO Camilla --- [      Thread-11] o.a.c.h.Http11NioProtocol                : Destroying ProtocolHandler ["http-nio-5050"]
2024-07-29 21:57:06.410  INFO Camilla --- [      Thread-11] j.LocalContainerEntityManagerFactoryBean : Closing JPA EntityManagerFactory for persistence unit 'default'
2024-07-29 21:57:06.411  INFO Camilla --- [      Thread-11] c.z.h.HikariDataSource                   : HikariPool-3 - Shutdown initiated...
2024-07-29 21:57:06.415  INFO Camilla --- [      Thread-11] c.z.h.HikariDataSource                   : HikariPool-3 - Shutdown completed.
2024-07-29 21:57:06.519  INFO Camilla --- [  restartedMain] c.i.s.StaffNotificationV2Application     : Starting StaffNotificationV2Application using Java 11.0.17 on Camilla with PID 9592 (D:\Eclipse\java\staff2\staff-notificationv2\target\classes started by admin in D:\Eclipse\java\staff2\staff-notificationv2)
2024-07-29 21:57:06.521  INFO Camilla --- [  restartedMain] c.i.s.StaffNotificationV2Application     : No active profile set, falling back to 1 default profile: "default"
2024-07-29 21:57:06.799  INFO Camilla --- [  restartedMain] .s.d.r.c.RepositoryConfigurationDelegate : Bootstrapping Spring Data JPA repositories in DEFAULT mode.
2024-07-29 21:57:06.844  INFO Camilla --- [  restartedMain] .s.d.r.c.RepositoryConfigurationDelegate : Finished Spring Data repository scanning in 45 ms. Found 12 JPA repository interfaces.
2024-07-29 21:57:06.919  INFO Camilla --- [  restartedMain] o.s.b.w.e.t.TomcatWebServer              : Tomcat initialized with port(s): 5050 (http)
2024-07-29 21:57:06.919  INFO Camilla --- [  restartedMain] o.a.c.h.Http11NioProtocol                : Initializing ProtocolHandler ["http-nio-5050"]
2024-07-29 21:57:06.920  INFO Camilla --- [  restartedMain] o.a.c.c.StandardService                  : Starting service [Tomcat]
2024-07-29 21:57:06.920  INFO Camilla --- [  restartedMain] o.a.c.c.StandardEngine                   : Starting Servlet engine: [Apache Tomcat/9.0.78]
2024-07-29 21:57:06.944  INFO Camilla --- [  restartedMain] o.a.c.c.C.[.[.[/]                        : Initializing Spring embedded WebApplicationContext
2024-07-29 21:57:06.945  INFO Camilla --- [  restartedMain] w.s.c.ServletWebServerApplicationContext : Root WebApplicationContext: initialization completed in 422 ms
2024-07-29 21:57:06.978  WARN Camilla --- [  restartedMain] JpaBaseConfiguration$JpaWebConfiguration : spring.jpa.open-in-view is enabled by default. Therefore, database queries may be performed during view rendering. Explicitly configure spring.jpa.open-in-view to disable this warning
2024-07-29 21:57:06.992  INFO Camilla --- [  restartedMain] c.z.h.HikariDataSource                   : HikariPool-4 - Starting...
2024-07-29 21:57:10.202  INFO Camilla --- [  restartedMain] c.z.h.HikariDataSource                   : HikariPool-4 - Start completed.
2024-07-29 21:57:10.208  INFO Camilla --- [  restartedMain] o.h.j.i.u.LogHelper                      : HHH000204: Processing PersistenceUnitInfo [name: default]
2024-07-29 21:57:10.212  INFO Camilla --- [  restartedMain] o.h.d.Dialect                            : HHH000400: Using dialect: org.hibernate.dialect.MySQL8Dialect
2024-07-29 21:57:13.892  INFO Camilla --- [  restartedMain] o.h.e.t.j.p.i.JtaPlatformInitiator       : HHH000490: Using JtaPlatform implementation: [org.hibernate.engine.transaction.jta.platform.internal.NoJtaPlatform]
2024-07-29 21:57:13.892  INFO Camilla --- [  restartedMain] j.LocalContainerEntityManagerFactoryBean : Initialized JPA EntityManagerFactory for persistence unit 'default'
2024-07-29 21:57:14.321  INFO Camilla --- [  restartedMain] o.s.s.w.DefaultSecurityFilterChain       : Will secure any request with [org.springframework.security.web.session.DisableEncodeUrlFilter@4ca6f290, org.springframework.security.web.context.request.async.WebAsyncManagerIntegrationFilter@2d5dfab8, org.springframework.security.web.context.SecurityContextPersistenceFilter@fb7d39e, org.springframework.security.web.header.HeaderWriterFilter@795f602, org.springframework.web.filter.CorsFilter@4939f315, org.springframework.security.web.authentication.logout.LogoutFilter@2bc1f4fb, com.istt.staff_notification_v2.security.securityv2.JwtAuthenticationFilter@1adc2ffc, org.springframework.security.web.savedrequest.RequestCacheAwareFilter@7e9c7b13, org.springframework.security.web.servletapi.SecurityContextHolderAwareRequestFilter@5691b724, org.springframework.security.web.authentication.AnonymousAuthenticationFilter@d1b509f, org.springframework.security.web.session.SessionManagementFilter@55632caf, org.springframework.security.web.access.ExceptionTranslationFilter@44c6b388, org.springframework.security.web.access.intercept.FilterSecurityInterceptor@6dec515a]
2024-07-29 21:57:14.835  INFO Camilla --- [  restartedMain] o.s.b.d.a.OptionalLiveReloadServer       : LiveReload server is running on port 35729
2024-07-29 21:57:14.846  INFO Camilla --- [  restartedMain] o.a.c.h.Http11NioProtocol                : Starting ProtocolHandler ["http-nio-5050"]
2024-07-29 21:57:14.850  INFO Camilla --- [  restartedMain] o.s.b.w.e.t.TomcatWebServer              : Tomcat started on port(s): 5050 (http) with context path ''
2024-07-29 21:57:14.860  INFO Camilla --- [  restartedMain] c.i.s.StaffNotificationV2Application     : Started StaffNotificationV2Application in 8.387 seconds (JVM running for 747.913)
2024-07-29 21:57:14.862  INFO Camilla --- [  restartedMain] .ConditionEvaluationDeltaLoggingListener : Condition evaluation unchanged
2024-07-29 21:58:52.522  INFO Camilla --- [   File Watcher] rtingClassPathChangeChangedEventListener : Restarting due to 1 class path change (0 additions, 0 deletions, 1 modification)
2024-07-29 21:58:52.699  INFO Camilla --- [      Thread-15] o.a.c.h.Http11NioProtocol                : Pausing ProtocolHandler ["http-nio-5050"]
2024-07-29 21:58:52.700  INFO Camilla --- [      Thread-15] o.a.c.c.StandardService                  : Stopping service [Tomcat]
2024-07-29 21:58:52.701  WARN Camilla --- [      Thread-15] o.a.c.l.WebappClassLoaderBase            : The web application [ROOT] appears to have started a thread named [HikariPool-4 housekeeper] but has failed to stop it. This is very likely to create a memory leak. Stack trace of thread:
 java.base@11.0.17/jdk.internal.misc.Unsafe.park(Native Method)
 java.base@11.0.17/java.util.concurrent.locks.LockSupport.parkNanos(LockSupport.java:234)
 java.base@11.0.17/java.util.concurrent.locks.AbstractQueuedSynchronizer$ConditionObject.awaitNanos(AbstractQueuedSynchronizer.java:2123)
 java.base@11.0.17/java.util.concurrent.ScheduledThreadPoolExecutor$DelayedWorkQueue.take(ScheduledThreadPoolExecutor.java:1182)
 java.base@11.0.17/java.util.concurrent.ScheduledThreadPoolExecutor$DelayedWorkQueue.take(ScheduledThreadPoolExecutor.java:899)
 java.base@11.0.17/java.util.concurrent.ThreadPoolExecutor.getTask(ThreadPoolExecutor.java:1054)
 java.base@11.0.17/java.util.concurrent.ThreadPoolExecutor.runWorker(ThreadPoolExecutor.java:1114)
 java.base@11.0.17/java.util.concurrent.ThreadPoolExecutor$Worker.run(ThreadPoolExecutor.java:628)
 java.base@11.0.17/java.lang.Thread.run(Thread.java:834)
2024-07-29 21:58:52.702  INFO Camilla --- [      Thread-15] o.a.c.h.Http11NioProtocol                : Stopping ProtocolHandler ["http-nio-5050"]
2024-07-29 21:58:52.703  INFO Camilla --- [      Thread-15] o.a.c.h.Http11NioProtocol                : Destroying ProtocolHandler ["http-nio-5050"]
2024-07-29 21:58:52.705  INFO Camilla --- [      Thread-15] j.LocalContainerEntityManagerFactoryBean : Closing JPA EntityManagerFactory for persistence unit 'default'
2024-07-29 21:58:52.706  INFO Camilla --- [      Thread-15] c.z.h.HikariDataSource                   : HikariPool-4 - Shutdown initiated...
2024-07-29 21:58:52.709  INFO Camilla --- [      Thread-15] c.z.h.HikariDataSource                   : HikariPool-4 - Shutdown completed.
2024-07-29 21:58:52.802  INFO Camilla --- [  restartedMain] c.i.s.StaffNotificationV2Application     : Starting StaffNotificationV2Application using Java 11.0.17 on Camilla with PID 9592 (D:\Eclipse\java\staff2\staff-notificationv2\target\classes started by admin in D:\Eclipse\java\staff2\staff-notificationv2)
2024-07-29 21:58:52.803  INFO Camilla --- [  restartedMain] c.i.s.StaffNotificationV2Application     : No active profile set, falling back to 1 default profile: "default"
2024-07-29 21:58:53.058  INFO Camilla --- [  restartedMain] .s.d.r.c.RepositoryConfigurationDelegate : Bootstrapping Spring Data JPA repositories in DEFAULT mode.
2024-07-29 21:58:53.105  INFO Camilla --- [  restartedMain] .s.d.r.c.RepositoryConfigurationDelegate : Finished Spring Data repository scanning in 47 ms. Found 12 JPA repository interfaces.
2024-07-29 21:58:53.180  INFO Camilla --- [  restartedMain] o.s.b.w.e.t.TomcatWebServer              : Tomcat initialized with port(s): 5050 (http)
2024-07-29 21:58:53.181  INFO Camilla --- [  restartedMain] o.a.c.h.Http11NioProtocol                : Initializing ProtocolHandler ["http-nio-5050"]
2024-07-29 21:58:53.181  INFO Camilla --- [  restartedMain] o.a.c.c.StandardService                  : Starting service [Tomcat]
2024-07-29 21:58:53.181  INFO Camilla --- [  restartedMain] o.a.c.c.StandardEngine                   : Starting Servlet engine: [Apache Tomcat/9.0.78]
2024-07-29 21:58:53.226  INFO Camilla --- [  restartedMain] o.a.c.c.C.[.[.[/]                        : Initializing Spring embedded WebApplicationContext
2024-07-29 21:58:53.227  INFO Camilla --- [  restartedMain] w.s.c.ServletWebServerApplicationContext : Root WebApplicationContext: initialization completed in 423 ms
2024-07-29 21:58:53.266  WARN Camilla --- [  restartedMain] JpaBaseConfiguration$JpaWebConfiguration : spring.jpa.open-in-view is enabled by default. Therefore, database queries may be performed during view rendering. Explicitly configure spring.jpa.open-in-view to disable this warning
2024-07-29 21:58:53.277  INFO Camilla --- [  restartedMain] c.z.h.HikariDataSource                   : HikariPool-5 - Starting...
2024-07-29 21:58:54.272  INFO Camilla --- [  restartedMain] c.z.h.HikariDataSource                   : HikariPool-5 - Start completed.
2024-07-29 21:58:54.276  INFO Camilla --- [  restartedMain] o.h.j.i.u.LogHelper                      : HHH000204: Processing PersistenceUnitInfo [name: default]
2024-07-29 21:58:54.281  INFO Camilla --- [  restartedMain] o.h.d.Dialect                            : HHH000400: Using dialect: org.hibernate.dialect.MySQL8Dialect
2024-07-29 21:58:56.020  INFO Camilla --- [  restartedMain] o.h.e.t.j.p.i.JtaPlatformInitiator       : HHH000490: Using JtaPlatform implementation: [org.hibernate.engine.transaction.jta.platform.internal.NoJtaPlatform]
2024-07-29 21:58:56.021  INFO Camilla --- [  restartedMain] j.LocalContainerEntityManagerFactoryBean : Initialized JPA EntityManagerFactory for persistence unit 'default'
2024-07-29 21:58:56.381  INFO Camilla --- [  restartedMain] o.s.s.w.DefaultSecurityFilterChain       : Will secure any request with [org.springframework.security.web.session.DisableEncodeUrlFilter@75b048bd, org.springframework.security.web.context.request.async.WebAsyncManagerIntegrationFilter@e28121e, org.springframework.security.web.context.SecurityContextPersistenceFilter@2783d30b, org.springframework.security.web.header.HeaderWriterFilter@5ec79c, org.springframework.web.filter.CorsFilter@7964cb7d, org.springframework.security.web.authentication.logout.LogoutFilter@3497fc44, com.istt.staff_notification_v2.security.securityv2.JwtAuthenticationFilter@1513463f, org.springframework.security.web.savedrequest.RequestCacheAwareFilter@64017e75, org.springframework.security.web.servletapi.SecurityContextHolderAwareRequestFilter@1215374e, org.springframework.security.web.authentication.AnonymousAuthenticationFilter@1c960677, org.springframework.security.web.session.SessionManagementFilter@26c73f09, org.springframework.security.web.access.ExceptionTranslationFilter@710658e6, org.springframework.security.web.access.intercept.FilterSecurityInterceptor@54ccf0d8]
2024-07-29 21:58:56.750  INFO Camilla --- [  restartedMain] o.s.b.d.a.OptionalLiveReloadServer       : LiveReload server is running on port 35729
2024-07-29 21:58:56.756  INFO Camilla --- [  restartedMain] o.a.c.h.Http11NioProtocol                : Starting ProtocolHandler ["http-nio-5050"]
2024-07-29 21:58:56.759  INFO Camilla --- [  restartedMain] o.s.b.w.e.t.TomcatWebServer              : Tomcat started on port(s): 5050 (http) with context path ''
2024-07-29 21:58:56.761  INFO Camilla --- [  restartedMain] c.i.s.StaffNotificationV2Application     : Started StaffNotificationV2Application in 3.998 seconds (JVM running for 849.814)
2024-07-29 21:58:56.762  INFO Camilla --- [  restartedMain] .ConditionEvaluationDeltaLoggingListener : Condition evaluation unchanged
2024-07-29 21:58:56.947  INFO Camilla --- [nio-5050-exec-1] o.a.c.c.C.[.[.[/]                        : Initializing Spring DispatcherServlet 'dispatcherServlet'
2024-07-29 21:58:56.947  INFO Camilla --- [nio-5050-exec-1] o.s.w.s.DispatcherServlet                : Initializing Servlet 'dispatcherServlet'
2024-07-29 21:58:56.947  INFO Camilla --- [nio-5050-exec-1] o.s.w.s.DispatcherServlet                : Completed initialization in 0 ms
2024-07-29 21:58:58.622  INFO Camilla --- [nio-5050-exec-9] o.s.a.AbstractOpenApiResource            : Init duration for springdoc-openapi is: 1468 ms
2024-07-29 22:00:13.081 ERROR Camilla --- [nio-5050-exec-8] c.i.s.s.s.JwtAuthenticationFilter        : Could not set user authentication in security context
io.jsonwebtoken.ExpiredJwtException: JWT expired at 2024-07-29T22:00:13Z. Current time: 2024-07-29T22:00:13Z, a difference of 81 milliseconds.  Allowed clock skew: 0 milliseconds.
	at io.jsonwebtoken.impl.DefaultJwtParser.parse(DefaultJwtParser.java:385)
	at io.jsonwebtoken.impl.DefaultJwtParser.parse(DefaultJwtParser.java:481)
	at io.jsonwebtoken.impl.DefaultJwtParser.parseClaimsJws(DefaultJwtParser.java:541)
	at com.istt.staff_notification_v2.security.securityv2.JwtTokenProvider.getUserIdFromJWT(JwtTokenProvider.java:78)
	at com.istt.staff_notification_v2.security.securityv2.JwtAuthenticationFilter.doFilterInternal(JwtAuthenticationFilter.java:48)
	at org.springframework.web.filter.OncePerRequestFilter.doFilter(OncePerRequestFilter.java:117)
	at org.springframework.security.web.FilterChainProxy$VirtualFilterChain.doFilter(FilterChainProxy.java:346)
	at org.springframework.security.web.authentication.logout.LogoutFilter.doFilter(LogoutFilter.java:103)
	at org.springframework.security.web.authentication.logout.LogoutFilter.doFilter(LogoutFilter.java:89)
	at org.springframework.security.web.FilterChainProxy$VirtualFilterChain.doFilter(FilterChainProxy.java:346)
	at org.springframework.web.filter.CorsFilter.doFilterInternal(CorsFilter.java:91)
	at org.springframework.web.filter.OncePerRequestFilter.doFilter(OncePerRequestFilter.java:117)
	at org.springframework.security.web.FilterChainProxy$VirtualFilterChain.doFilter(FilterChainProxy.java:346)
	at org.springframework.security.web.header.HeaderWriterFilter.doHeadersAfter(HeaderWriterFilter.java:90)
	at org.springframework.security.web.header.HeaderWriterFilter.doFilterInternal(HeaderWriterFilter.java:75)
	at org.springframework.web.filter.OncePerRequestFilter.doFilter(OncePerRequestFilter.java:117)
	at org.springframework.security.web.FilterChainProxy$VirtualFilterChain.doFilter(FilterChainProxy.java:346)
	at org.springframework.security.web.context.SecurityContextPersistenceFilter.doFilter(SecurityContextPersistenceFilter.java:112)
	at org.springframework.security.web.context.SecurityContextPersistenceFilter.doFilter(SecurityContextPersistenceFilter.java:82)
	at org.springframework.security.web.FilterChainProxy$VirtualFilterChain.doFilter(FilterChainProxy.java:346)
	at org.springframework.security.web.context.request.async.WebAsyncManagerIntegrationFilter.doFilterInternal(WebAsyncManagerIntegrationFilter.java:55)
	at org.springframework.web.filter.OncePerRequestFilter.doFilter(OncePerRequestFilter.java:117)
	at org.springframework.security.web.FilterChainProxy$VirtualFilterChain.doFilter(FilterChainProxy.java:346)
	at org.springframework.security.web.session.DisableEncodeUrlFilter.doFilterInternal(DisableEncodeUrlFilter.java:42)
	at org.springframework.web.filter.OncePerRequestFilter.doFilter(OncePerRequestFilter.java:117)
	at org.springframework.security.web.FilterChainProxy$VirtualFilterChain.doFilter(FilterChainProxy.java:346)
	at org.springframework.security.web.FilterChainProxy.doFilterInternal(FilterChainProxy.java:221)
	at org.springframework.security.web.FilterChainProxy.doFilter(FilterChainProxy.java:186)
	at org.springframework.web.filter.DelegatingFilterProxy.invokeDelegate(DelegatingFilterProxy.java:354)
	at org.springframework.web.filter.DelegatingFilterProxy.doFilter(DelegatingFilterProxy.java:267)
	at org.apache.catalina.core.ApplicationFilterChain.internalDoFilter(ApplicationFilterChain.java:178)
	at org.apache.catalina.core.ApplicationFilterChain.doFilter(ApplicationFilterChain.java:153)
	at org.springframework.web.filter.RequestContextFilter.doFilterInternal(RequestContextFilter.java:100)
	at org.springframework.web.filter.OncePerRequestFilter.doFilter(OncePerRequestFilter.java:117)
	at org.apache.catalina.core.ApplicationFilterChain.internalDoFilter(ApplicationFilterChain.java:178)
	at org.apache.catalina.core.ApplicationFilterChain.doFilter(ApplicationFilterChain.java:153)
	at org.springframework.web.filter.FormContentFilter.doFilterInternal(FormContentFilter.java:93)
	at org.springframework.web.filter.OncePerRequestFilter.doFilter(OncePerRequestFilter.java:117)
	at org.apache.catalina.core.ApplicationFilterChain.internalDoFilter(ApplicationFilterChain.java:178)
	at org.apache.catalina.core.ApplicationFilterChain.doFilter(ApplicationFilterChain.java:153)
	at org.springframework.web.filter.CharacterEncodingFilter.doFilterInternal(CharacterEncodingFilter.java:201)
	at org.springframework.web.filter.OncePerRequestFilter.doFilter(OncePerRequestFilter.java:117)
	at org.apache.catalina.core.ApplicationFilterChain.internalDoFilter(ApplicationFilterChain.java:178)
	at org.apache.catalina.core.ApplicationFilterChain.doFilter(ApplicationFilterChain.java:153)
	at org.apache.catalina.core.StandardWrapperValve.invoke(StandardWrapperValve.java:167)
	at org.apache.catalina.core.StandardContextValve.invoke(StandardContextValve.java:90)
	at org.apache.catalina.authenticator.AuthenticatorBase.invoke(AuthenticatorBase.java:481)
	at org.apache.catalina.core.StandardHostValve.invoke(StandardHostValve.java:130)
	at org.apache.catalina.valves.ErrorReportValve.invoke(ErrorReportValve.java:93)
	at org.apache.catalina.core.StandardEngineValve.invoke(StandardEngineValve.java:74)
	at org.apache.catalina.connector.CoyoteAdapter.service(CoyoteAdapter.java:343)
	at org.apache.coyote.http11.Http11Processor.service(Http11Processor.java:390)
	at org.apache.coyote.AbstractProcessorLight.process(AbstractProcessorLight.java:63)
	at org.apache.coyote.AbstractProtocol$ConnectionHandler.process(AbstractProtocol.java:926)
	at org.apache.tomcat.util.net.NioEndpoint$SocketProcessor.doRun(NioEndpoint.java:1791)
	at org.apache.tomcat.util.net.SocketProcessorBase.run(SocketProcessorBase.java:52)
	at org.apache.tomcat.util.threads.ThreadPoolExecutor.runWorker(ThreadPoolExecutor.java:1191)
	at org.apache.tomcat.util.threads.ThreadPoolExecutor$Worker.run(ThreadPoolExecutor.java:659)
	at org.apache.tomcat.util.threads.TaskThread$WrappingRunnable.run(TaskThread.java:61)
	at java.base/java.lang.Thread.run(Thread.java:834)
2024-07-29 22:00:25.994 ERROR Camilla --- [nio-5050-exec-9] c.i.s.s.s.JwtAuthenticationFilter        : Could not set user authentication in security context
com.istt.staff_notification_v2.utils.exception.UnauthorizedException: Invalid JWT signature
	at com.istt.staff_notification_v2.security.securityv2.JwtTokenProvider.validateToken(JwtTokenProvider.java:107)
	at com.istt.staff_notification_v2.security.securityv2.JwtAuthenticationFilter.doFilterInternal(JwtAuthenticationFilter.java:46)
	at org.springframework.web.filter.OncePerRequestFilter.doFilter(OncePerRequestFilter.java:117)
	at org.springframework.security.web.FilterChainProxy$VirtualFilterChain.doFilter(FilterChainProxy.java:346)
	at org.springframework.security.web.authentication.logout.LogoutFilter.doFilter(LogoutFilter.java:103)
	at org.springframework.security.web.authentication.logout.LogoutFilter.doFilter(LogoutFilter.java:89)
	at org.springframework.security.web.FilterChainProxy$VirtualFilterChain.doFilter(FilterChainProxy.java:346)
	at org.springframework.web.filter.CorsFilter.doFilterInternal(CorsFilter.java:91)
	at org.springframework.web.filter.OncePerRequestFilter.doFilter(OncePerRequestFilter.java:117)
	at org.springframework.security.web.FilterChainProxy$VirtualFilterChain.doFilter(FilterChainProxy.java:346)
	at org.springframework.security.web.header.HeaderWriterFilter.doHeadersAfter(HeaderWriterFilter.java:90)
	at org.springframework.security.web.header.HeaderWriterFilter.doFilterInternal(HeaderWriterFilter.java:75)
	at org.springframework.web.filter.OncePerRequestFilter.doFilter(OncePerRequestFilter.java:117)
	at org.springframework.security.web.FilterChainProxy$VirtualFilterChain.doFilter(FilterChainProxy.java:346)
	at org.springframework.security.web.context.SecurityContextPersistenceFilter.doFilter(SecurityContextPersistenceFilter.java:112)
	at org.springframework.security.web.context.SecurityContextPersistenceFilter.doFilter(SecurityContextPersistenceFilter.java:82)
	at org.springframework.security.web.FilterChainProxy$VirtualFilterChain.doFilter(FilterChainProxy.java:346)
	at org.springframework.security.web.context.request.async.WebAsyncManagerIntegrationFilter.doFilterInternal(WebAsyncManagerIntegrationFilter.java:55)
	at org.springframework.web.filter.OncePerRequestFilter.doFilter(OncePerRequestFilter.java:117)
	at org.springframework.security.web.FilterChainProxy$VirtualFilterChain.doFilter(FilterChainProxy.java:346)
	at org.springframework.security.web.session.DisableEncodeUrlFilter.doFilterInternal(DisableEncodeUrlFilter.java:42)
	at org.springframework.web.filter.OncePerRequestFilter.doFilter(OncePerRequestFilter.java:117)
	at org.springframework.security.web.FilterChainProxy$VirtualFilterChain.doFilter(FilterChainProxy.java:346)
	at org.springframework.security.web.FilterChainProxy.doFilterInternal(FilterChainProxy.java:221)
	at org.springframework.security.web.FilterChainProxy.doFilter(FilterChainProxy.java:186)
	at org.springframework.web.filter.DelegatingFilterProxy.invokeDelegate(DelegatingFilterProxy.java:354)
	at org.springframework.web.filter.DelegatingFilterProxy.doFilter(DelegatingFilterProxy.java:267)
	at org.apache.catalina.core.ApplicationFilterChain.internalDoFilter(ApplicationFilterChain.java:178)
	at org.apache.catalina.core.ApplicationFilterChain.doFilter(ApplicationFilterChain.java:153)
	at org.springframework.web.filter.RequestContextFilter.doFilterInternal(RequestContextFilter.java:100)
	at org.springframework.web.filter.OncePerRequestFilter.doFilter(OncePerRequestFilter.java:117)
	at org.apache.catalina.core.ApplicationFilterChain.internalDoFilter(ApplicationFilterChain.java:178)
	at org.apache.catalina.core.ApplicationFilterChain.doFilter(ApplicationFilterChain.java:153)
	at org.springframework.web.filter.FormContentFilter.doFilterInternal(FormContentFilter.java:93)
	at org.springframework.web.filter.OncePerRequestFilter.doFilter(OncePerRequestFilter.java:117)
	at org.apache.catalina.core.ApplicationFilterChain.internalDoFilter(ApplicationFilterChain.java:178)
	at org.apache.catalina.core.ApplicationFilterChain.doFilter(ApplicationFilterChain.java:153)
	at org.springframework.web.filter.CharacterEncodingFilter.doFilterInternal(CharacterEncodingFilter.java:201)
	at org.springframework.web.filter.OncePerRequestFilter.doFilter(OncePerRequestFilter.java:117)
	at org.apache.catalina.core.ApplicationFilterChain.internalDoFilter(ApplicationFilterChain.java:178)
	at org.apache.catalina.core.ApplicationFilterChain.doFilter(ApplicationFilterChain.java:153)
	at org.apache.catalina.core.StandardWrapperValve.invoke(StandardWrapperValve.java:167)
	at org.apache.catalina.core.StandardContextValve.invoke(StandardContextValve.java:90)
	at org.apache.catalina.authenticator.AuthenticatorBase.invoke(AuthenticatorBase.java:481)
	at org.apache.catalina.core.StandardHostValve.invoke(StandardHostValve.java:130)
	at org.apache.catalina.valves.ErrorReportValve.invoke(ErrorReportValve.java:93)
	at org.apache.catalina.core.StandardEngineValve.invoke(StandardEngineValve.java:74)
	at org.apache.catalina.connector.CoyoteAdapter.service(CoyoteAdapter.java:343)
	at org.apache.coyote.http11.Http11Processor.service(Http11Processor.java:390)
	at org.apache.coyote.AbstractProcessorLight.process(AbstractProcessorLight.java:63)
	at org.apache.coyote.AbstractProtocol$ConnectionHandler.process(AbstractProtocol.java:926)
	at org.apache.tomcat.util.net.NioEndpoint$SocketProcessor.doRun(NioEndpoint.java:1791)
	at org.apache.tomcat.util.net.SocketProcessorBase.run(SocketProcessorBase.java:52)
	at org.apache.tomcat.util.threads.ThreadPoolExecutor.runWorker(ThreadPoolExecutor.java:1191)
	at org.apache.tomcat.util.threads.ThreadPoolExecutor$Worker.run(ThreadPoolExecutor.java:659)
	at org.apache.tomcat.util.threads.TaskThread$WrappingRunnable.run(TaskThread.java:61)
	at java.base/java.lang.Thread.run(Thread.java:834)
2024-07-29 22:00:26.014  WARN Camilla --- [nio-5050-exec-9] .m.m.a.ExceptionHandlerExceptionResolver : Resolved [https://www.jhipster.tech/problem/problem-with-message{400, not found user, message=error.missingdata, params=isttFeature}]
2024-07-29 22:02:49.665  INFO Camilla --- [kground-preinit] o.h.v.i.u.Version                        : HV000001: Hibernate Validator 6.2.5.Final
2024-07-29 22:02:49.704  INFO Camilla --- [  restartedMain] c.i.s.StaffNotificationV2Application     : Starting StaffNotificationV2Application using Java 11.0.17 on Camilla with PID 5172 (D:\Eclipse\java\staff2\staff-notificationv2\target\classes started by admin in D:\Eclipse\java\staff2\staff-notificationv2)
2024-07-29 22:02:49.708  INFO Camilla --- [  restartedMain] c.i.s.StaffNotificationV2Application     : No active profile set, falling back to 1 default profile: "default"
2024-07-29 22:02:49.743  INFO Camilla --- [  restartedMain] .e.DevToolsPropertyDefaultsPostProcessor : Devtools property defaults active! Set 'spring.devtools.add-properties' to 'false' to disable
2024-07-29 22:02:49.743  INFO Camilla --- [  restartedMain] .e.DevToolsPropertyDefaultsPostProcessor : For additional web related logging consider setting the 'logging.level.web' property to 'DEBUG'
2024-07-29 22:02:50.533  INFO Camilla --- [  restartedMain] .s.d.r.c.RepositoryConfigurationDelegate : Bootstrapping Spring Data JPA repositories in DEFAULT mode.
2024-07-29 22:02:50.628  INFO Camilla --- [  restartedMain] .s.d.r.c.RepositoryConfigurationDelegate : Finished Spring Data repository scanning in 87 ms. Found 12 JPA repository interfaces.
2024-07-29 22:02:51.555  INFO Camilla --- [  restartedMain] o.s.b.w.e.t.TomcatWebServer              : Tomcat initialized with port(s): 5050 (http)
2024-07-29 22:02:51.572  INFO Camilla --- [  restartedMain] o.a.c.h.Http11NioProtocol                : Initializing ProtocolHandler ["http-nio-5050"]
2024-07-29 22:02:51.573  INFO Camilla --- [  restartedMain] o.a.c.c.StandardService                  : Starting service [Tomcat]
2024-07-29 22:02:51.574  INFO Camilla --- [  restartedMain] o.a.c.c.StandardEngine                   : Starting Servlet engine: [Apache Tomcat/9.0.78]
2024-07-29 22:02:51.691  INFO Camilla --- [  restartedMain] o.a.c.c.C.[.[.[/]                        : Initializing Spring embedded WebApplicationContext
2024-07-29 22:02:51.691  INFO Camilla --- [  restartedMain] w.s.c.ServletWebServerApplicationContext : Root WebApplicationContext: initialization completed in 1946 ms
2024-07-29 22:02:51.880  WARN Camilla --- [  restartedMain] JpaBaseConfiguration$JpaWebConfiguration : spring.jpa.open-in-view is enabled by default. Therefore, database queries may be performed during view rendering. Explicitly configure spring.jpa.open-in-view to disable this warning
2024-07-29 22:02:51.951  INFO Camilla --- [  restartedMain] c.z.h.HikariDataSource                   : HikariPool-1 - Starting...
2024-07-29 22:02:52.409  INFO Camilla --- [  restartedMain] c.z.h.HikariDataSource                   : HikariPool-1 - Start completed.
2024-07-29 22:02:52.449  INFO Camilla --- [  restartedMain] o.h.j.i.u.LogHelper                      : HHH000204: Processing PersistenceUnitInfo [name: default]
2024-07-29 22:02:52.491  INFO Camilla --- [  restartedMain] o.h.Version                              : HHH000412: Hibernate ORM core version 5.6.15.Final
2024-07-29 22:02:52.609  INFO Camilla --- [  restartedMain] o.h.a.c.Version                          : HCANN000001: Hibernate Commons Annotations {5.1.2.Final}
2024-07-29 22:02:52.682  INFO Camilla --- [  restartedMain] o.h.d.Dialect                            : HHH000400: Using dialect: org.hibernate.dialect.MySQL8Dialect
2024-07-29 22:02:54.710  INFO Camilla --- [  restartedMain] o.h.e.t.j.p.i.JtaPlatformInitiator       : HHH000490: Using JtaPlatform implementation: [org.hibernate.engine.transaction.jta.platform.internal.NoJtaPlatform]
2024-07-29 22:02:54.719  INFO Camilla --- [  restartedMain] j.LocalContainerEntityManagerFactoryBean : Initialized JPA EntityManagerFactory for persistence unit 'default'
2024-07-29 22:02:55.924  INFO Camilla --- [  restartedMain] o.s.s.w.DefaultSecurityFilterChain       : Will secure any request with [org.springframework.security.web.session.DisableEncodeUrlFilter@33ea751e, org.springframework.security.web.context.request.async.WebAsyncManagerIntegrationFilter@4c796ca4, org.springframework.security.web.context.SecurityContextPersistenceFilter@2a0fa9fa, org.springframework.security.web.header.HeaderWriterFilter@48c3abe, org.springframework.web.filter.CorsFilter@545a367e, org.springframework.security.web.authentication.logout.LogoutFilter@5944bdee, com.istt.staff_notification_v2.security.securityv2.JwtAuthenticationFilter@270a20fc, org.springframework.security.web.savedrequest.RequestCacheAwareFilter@760daae0, org.springframework.security.web.servletapi.SecurityContextHolderAwareRequestFilter@62ae5c1d, org.springframework.security.web.authentication.AnonymousAuthenticationFilter@22a6a6a4, org.springframework.security.web.session.SessionManagementFilter@7d9d1339, org.springframework.security.web.access.ExceptionTranslationFilter@b924d4d, org.springframework.security.web.access.intercept.FilterSecurityInterceptor@1517fb5f]
2024-07-29 22:02:56.994  INFO Camilla --- [  restartedMain] o.s.b.d.a.OptionalLiveReloadServer       : LiveReload server is running on port 35729
2024-07-29 22:02:57.024  INFO Camilla --- [  restartedMain] o.a.c.h.Http11NioProtocol                : Starting ProtocolHandler ["http-nio-5050"]
2024-07-29 22:02:57.046  INFO Camilla --- [  restartedMain] o.s.b.w.e.t.TomcatWebServer              : Tomcat started on port(s): 5050 (http) with context path ''
2024-07-29 22:02:57.056  INFO Camilla --- [  restartedMain] c.i.s.StaffNotificationV2Application     : Started StaffNotificationV2Application in 7.669 seconds (JVM running for 8.528)
2024-07-29 22:04:12.456  INFO Camilla --- [kground-preinit] o.h.v.i.u.Version                        : HV000001: Hibernate Validator 6.2.5.Final
2024-07-29 22:04:12.501  INFO Camilla --- [  restartedMain] c.i.s.StaffNotificationV2Application     : Starting StaffNotificationV2Application using Java 11.0.17 on Camilla with PID 13928 (D:\Eclipse\java\staff2\staff-notificationv2\target\classes started by admin in D:\Eclipse\java\staff2\staff-notificationv2)
2024-07-29 22:04:12.504  INFO Camilla --- [  restartedMain] c.i.s.StaffNotificationV2Application     : No active profile set, falling back to 1 default profile: "default"
2024-07-29 22:04:12.540  INFO Camilla --- [  restartedMain] .e.DevToolsPropertyDefaultsPostProcessor : Devtools property defaults active! Set 'spring.devtools.add-properties' to 'false' to disable
2024-07-29 22:04:12.540  INFO Camilla --- [  restartedMain] .e.DevToolsPropertyDefaultsPostProcessor : For additional web related logging consider setting the 'logging.level.web' property to 'DEBUG'
2024-07-29 22:04:13.283  INFO Camilla --- [  restartedMain] .s.d.r.c.RepositoryConfigurationDelegate : Bootstrapping Spring Data JPA repositories in DEFAULT mode.
2024-07-29 22:04:13.378  INFO Camilla --- [  restartedMain] .s.d.r.c.RepositoryConfigurationDelegate : Finished Spring Data repository scanning in 87 ms. Found 12 JPA repository interfaces.
2024-07-29 22:04:14.260  INFO Camilla --- [  restartedMain] o.s.b.w.e.t.TomcatWebServer              : Tomcat initialized with port(s): 5050 (http)
2024-07-29 22:04:14.274  INFO Camilla --- [  restartedMain] o.a.c.h.Http11NioProtocol                : Initializing ProtocolHandler ["http-nio-5050"]
2024-07-29 22:04:14.275  INFO Camilla --- [  restartedMain] o.a.c.c.StandardService                  : Starting service [Tomcat]
2024-07-29 22:04:14.277  INFO Camilla --- [  restartedMain] o.a.c.c.StandardEngine                   : Starting Servlet engine: [Apache Tomcat/9.0.78]
2024-07-29 22:04:14.397  INFO Camilla --- [  restartedMain] o.a.c.c.C.[.[.[/]                        : Initializing Spring embedded WebApplicationContext
2024-07-29 22:04:14.398  INFO Camilla --- [  restartedMain] w.s.c.ServletWebServerApplicationContext : Root WebApplicationContext: initialization completed in 1857 ms
2024-07-29 22:04:14.593  WARN Camilla --- [  restartedMain] JpaBaseConfiguration$JpaWebConfiguration : spring.jpa.open-in-view is enabled by default. Therefore, database queries may be performed during view rendering. Explicitly configure spring.jpa.open-in-view to disable this warning
2024-07-29 22:04:14.648  INFO Camilla --- [  restartedMain] c.z.h.HikariDataSource                   : HikariPool-1 - Starting...
2024-07-29 22:04:15.017  INFO Camilla --- [  restartedMain] c.z.h.HikariDataSource                   : HikariPool-1 - Start completed.
2024-07-29 22:04:15.054  INFO Camilla --- [  restartedMain] o.h.j.i.u.LogHelper                      : HHH000204: Processing PersistenceUnitInfo [name: default]
2024-07-29 22:04:15.092  INFO Camilla --- [  restartedMain] o.h.Version                              : HHH000412: Hibernate ORM core version 5.6.15.Final
2024-07-29 22:04:15.205  INFO Camilla --- [  restartedMain] o.h.a.c.Version                          : HCANN000001: Hibernate Commons Annotations {5.1.2.Final}
2024-07-29 22:04:15.280  INFO Camilla --- [  restartedMain] o.h.d.Dialect                            : HHH000400: Using dialect: org.hibernate.dialect.MySQL8Dialect
2024-07-29 22:04:24.749  INFO Camilla --- [  restartedMain] o.h.e.t.j.p.i.JtaPlatformInitiator       : HHH000490: Using JtaPlatform implementation: [org.hibernate.engine.transaction.jta.platform.internal.NoJtaPlatform]
2024-07-29 22:04:24.756  INFO Camilla --- [  restartedMain] j.LocalContainerEntityManagerFactoryBean : Initialized JPA EntityManagerFactory for persistence unit 'default'
2024-07-29 22:04:26.004  INFO Camilla --- [  restartedMain] o.s.s.w.DefaultSecurityFilterChain       : Will secure any request with [org.springframework.security.web.session.DisableEncodeUrlFilter@2d46f298, org.springframework.security.web.context.request.async.WebAsyncManagerIntegrationFilter@4a03369f, org.springframework.security.web.context.SecurityContextPersistenceFilter@79fda6aa, org.springframework.security.web.header.HeaderWriterFilter@183ee83d, org.springframework.web.filter.CorsFilter@1a2c04fb, org.springframework.security.web.authentication.logout.LogoutFilter@5e7a905, com.istt.staff_notification_v2.security.securityv2.JwtAuthenticationFilter@7180c8a4, org.springframework.security.web.savedrequest.RequestCacheAwareFilter@43c72f9f, org.springframework.security.web.servletapi.SecurityContextHolderAwareRequestFilter@4f3ab05c, org.springframework.security.web.authentication.AnonymousAuthenticationFilter@667a7a66, org.springframework.security.web.session.SessionManagementFilter@6dd9ab96, org.springframework.security.web.access.ExceptionTranslationFilter@57598ae5, org.springframework.security.web.access.intercept.FilterSecurityInterceptor@6045cb7f]
2024-07-29 22:04:27.234  INFO Camilla --- [  restartedMain] o.s.b.d.a.OptionalLiveReloadServer       : LiveReload server is running on port 35729
2024-07-29 22:04:27.262  INFO Camilla --- [  restartedMain] o.a.c.h.Http11NioProtocol                : Starting ProtocolHandler ["http-nio-5050"]
2024-07-29 22:04:27.286  INFO Camilla --- [  restartedMain] o.s.b.w.e.t.TomcatWebServer              : Tomcat started on port(s): 5050 (http) with context path ''
2024-07-29 22:04:27.298  INFO Camilla --- [  restartedMain] c.i.s.StaffNotificationV2Application     : Started StaffNotificationV2Application in 15.114 seconds (JVM running for 15.985)
2024-07-29 22:04:27.972  INFO Camilla --- [nio-5050-exec-1] o.a.c.c.C.[.[.[/]                        : Initializing Spring DispatcherServlet 'dispatcherServlet'
2024-07-29 22:04:27.972  INFO Camilla --- [nio-5050-exec-1] o.s.w.s.DispatcherServlet                : Initializing Servlet 'dispatcherServlet'
2024-07-29 22:04:27.973  INFO Camilla --- [nio-5050-exec-1] o.s.w.s.DispatcherServlet                : Completed initialization in 1 ms
2024-07-29 22:04:28.040 ERROR Camilla --- [nio-5050-exec-1] c.i.s.s.s.JwtAuthenticationFilter        : Could not set user authentication in security context
com.istt.staff_notification_v2.utils.exception.UnauthorizedException: Invalid JWT signature
	at com.istt.staff_notification_v2.security.securityv2.JwtTokenProvider.validateToken(JwtTokenProvider.java:107)
	at com.istt.staff_notification_v2.security.securityv2.JwtAuthenticationFilter.doFilterInternal(JwtAuthenticationFilter.java:46)
	at org.springframework.web.filter.OncePerRequestFilter.doFilter(OncePerRequestFilter.java:117)
	at org.springframework.security.web.FilterChainProxy$VirtualFilterChain.doFilter(FilterChainProxy.java:346)
	at org.springframework.security.web.authentication.logout.LogoutFilter.doFilter(LogoutFilter.java:103)
	at org.springframework.security.web.authentication.logout.LogoutFilter.doFilter(LogoutFilter.java:89)
	at org.springframework.security.web.FilterChainProxy$VirtualFilterChain.doFilter(FilterChainProxy.java:346)
	at org.springframework.web.filter.CorsFilter.doFilterInternal(CorsFilter.java:91)
	at org.springframework.web.filter.OncePerRequestFilter.doFilter(OncePerRequestFilter.java:117)
	at org.springframework.security.web.FilterChainProxy$VirtualFilterChain.doFilter(FilterChainProxy.java:346)
	at org.springframework.security.web.header.HeaderWriterFilter.doHeadersAfter(HeaderWriterFilter.java:90)
	at org.springframework.security.web.header.HeaderWriterFilter.doFilterInternal(HeaderWriterFilter.java:75)
	at org.springframework.web.filter.OncePerRequestFilter.doFilter(OncePerRequestFilter.java:117)
	at org.springframework.security.web.FilterChainProxy$VirtualFilterChain.doFilter(FilterChainProxy.java:346)
	at org.springframework.security.web.context.SecurityContextPersistenceFilter.doFilter(SecurityContextPersistenceFilter.java:112)
	at org.springframework.security.web.context.SecurityContextPersistenceFilter.doFilter(SecurityContextPersistenceFilter.java:82)
	at org.springframework.security.web.FilterChainProxy$VirtualFilterChain.doFilter(FilterChainProxy.java:346)
	at org.springframework.security.web.context.request.async.WebAsyncManagerIntegrationFilter.doFilterInternal(WebAsyncManagerIntegrationFilter.java:55)
	at org.springframework.web.filter.OncePerRequestFilter.doFilter(OncePerRequestFilter.java:117)
	at org.springframework.security.web.FilterChainProxy$VirtualFilterChain.doFilter(FilterChainProxy.java:346)
	at org.springframework.security.web.session.DisableEncodeUrlFilter.doFilterInternal(DisableEncodeUrlFilter.java:42)
	at org.springframework.web.filter.OncePerRequestFilter.doFilter(OncePerRequestFilter.java:117)
	at org.springframework.security.web.FilterChainProxy$VirtualFilterChain.doFilter(FilterChainProxy.java:346)
	at org.springframework.security.web.FilterChainProxy.doFilterInternal(FilterChainProxy.java:221)
	at org.springframework.security.web.FilterChainProxy.doFilter(FilterChainProxy.java:186)
	at org.springframework.web.filter.DelegatingFilterProxy.invokeDelegate(DelegatingFilterProxy.java:354)
	at org.springframework.web.filter.DelegatingFilterProxy.doFilter(DelegatingFilterProxy.java:267)
	at org.apache.catalina.core.ApplicationFilterChain.internalDoFilter(ApplicationFilterChain.java:178)
	at org.apache.catalina.core.ApplicationFilterChain.doFilter(ApplicationFilterChain.java:153)
	at org.springframework.web.filter.RequestContextFilter.doFilterInternal(RequestContextFilter.java:100)
	at org.springframework.web.filter.OncePerRequestFilter.doFilter(OncePerRequestFilter.java:117)
	at org.apache.catalina.core.ApplicationFilterChain.internalDoFilter(ApplicationFilterChain.java:178)
	at org.apache.catalina.core.ApplicationFilterChain.doFilter(ApplicationFilterChain.java:153)
	at org.springframework.web.filter.FormContentFilter.doFilterInternal(FormContentFilter.java:93)
	at org.springframework.web.filter.OncePerRequestFilter.doFilter(OncePerRequestFilter.java:117)
	at org.apache.catalina.core.ApplicationFilterChain.internalDoFilter(ApplicationFilterChain.java:178)
	at org.apache.catalina.core.ApplicationFilterChain.doFilter(ApplicationFilterChain.java:153)
	at org.springframework.web.filter.CharacterEncodingFilter.doFilterInternal(CharacterEncodingFilter.java:201)
	at org.springframework.web.filter.OncePerRequestFilter.doFilter(OncePerRequestFilter.java:117)
	at org.apache.catalina.core.ApplicationFilterChain.internalDoFilter(ApplicationFilterChain.java:178)
	at org.apache.catalina.core.ApplicationFilterChain.doFilter(ApplicationFilterChain.java:153)
	at org.apache.catalina.core.StandardWrapperValve.invoke(StandardWrapperValve.java:167)
	at org.apache.catalina.core.StandardContextValve.invoke(StandardContextValve.java:90)
	at org.apache.catalina.authenticator.AuthenticatorBase.invoke(AuthenticatorBase.java:481)
	at org.apache.catalina.core.StandardHostValve.invoke(StandardHostValve.java:130)
	at org.apache.catalina.valves.ErrorReportValve.invoke(ErrorReportValve.java:93)
	at org.apache.catalina.core.StandardEngineValve.invoke(StandardEngineValve.java:74)
	at org.apache.catalina.connector.CoyoteAdapter.service(CoyoteAdapter.java:343)
	at org.apache.coyote.http11.Http11Processor.service(Http11Processor.java:390)
	at org.apache.coyote.AbstractProcessorLight.process(AbstractProcessorLight.java:63)
	at org.apache.coyote.AbstractProtocol$ConnectionHandler.process(AbstractProtocol.java:926)
	at org.apache.tomcat.util.net.NioEndpoint$SocketProcessor.doRun(NioEndpoint.java:1791)
	at org.apache.tomcat.util.net.SocketProcessorBase.run(SocketProcessorBase.java:52)
	at org.apache.tomcat.util.threads.ThreadPoolExecutor.runWorker(ThreadPoolExecutor.java:1191)
	at org.apache.tomcat.util.threads.ThreadPoolExecutor$Worker.run(ThreadPoolExecutor.java:659)
	at org.apache.tomcat.util.threads.TaskThread$WrappingRunnable.run(TaskThread.java:61)
	at java.base/java.lang.Thread.run(Thread.java:834)
2024-07-29 22:04:28.132  WARN Camilla --- [nio-5050-exec-1] .m.m.a.ExceptionHandlerExceptionResolver : Resolved [https://www.jhipster.tech/problem/problem-with-message{400, not found user, message=error.missingdata, params=isttFeature}]
