2024-08-05 09:25:16.136  INFO Camilla --- [kground-preinit] o.h.v.i.u.Version                        : HV000001: Hibernate Validator 6.2.5.Final
2024-08-05 09:25:16.191  INFO Camilla --- [  restartedMain] c.i.s.StaffNotificationV2Application     : Starting StaffNotificationV2Application using Java 11.0.17 on Camilla with PID 19632 (D:\Eclipse\java\staff2\staff-notificationv2\target\classes started by admin in D:\Eclipse\java\staff2\staff-notificationv2)
2024-08-05 09:25:16.196  INFO Camilla --- [  restartedMain] c.i.s.StaffNotificationV2Application     : No active profile set, falling back to 1 default profile: "default"
2024-08-05 09:25:16.241  INFO Camilla --- [  restartedMain] .e.DevToolsPropertyDefaultsPostProcessor : Devtools property defaults active! Set 'spring.devtools.add-properties' to 'false' to disable
2024-08-05 09:25:16.242  INFO Camilla --- [  restartedMain] .e.DevToolsPropertyDefaultsPostProcessor : For additional web related logging consider setting the 'logging.level.web' property to 'DEBUG'
2024-08-05 09:25:17.280  INFO Camilla --- [  restartedMain] .s.d.r.c.RepositoryConfigurationDelegate : Bootstrapping Spring Data JPA repositories in DEFAULT mode.
2024-08-05 09:25:17.401  INFO Camilla --- [  restartedMain] .s.d.r.c.RepositoryConfigurationDelegate : Finished Spring Data repository scanning in 111 ms. Found 12 JPA repository interfaces.
2024-08-05 09:25:18.572  INFO Camilla --- [  restartedMain] o.s.b.w.e.t.TomcatWebServer              : Tomcat initialized with port(s): 5050 (http)
2024-08-05 09:25:18.589  INFO Camilla --- [  restartedMain] o.a.c.h.Http11NioProtocol                : Initializing ProtocolHandler ["http-nio-5050"]
2024-08-05 09:25:18.591  INFO Camilla --- [  restartedMain] o.a.c.c.StandardService                  : Starting service [Tomcat]
2024-08-05 09:25:18.592  INFO Camilla --- [  restartedMain] o.a.c.c.StandardEngine                   : Starting Servlet engine: [Apache Tomcat/9.0.78]
2024-08-05 09:25:18.728  INFO Camilla --- [  restartedMain] o.a.c.c.C.[.[.[/]                        : Initializing Spring embedded WebApplicationContext
2024-08-05 09:25:18.729  INFO Camilla --- [  restartedMain] w.s.c.ServletWebServerApplicationContext : Root WebApplicationContext: initialization completed in 2486 ms
2024-08-05 09:25:18.954  WARN Camilla --- [  restartedMain] JpaBaseConfiguration$JpaWebConfiguration : spring.jpa.open-in-view is enabled by default. Therefore, database queries may be performed during view rendering. Explicitly configure spring.jpa.open-in-view to disable this warning
2024-08-05 09:25:19.044  INFO Camilla --- [  restartedMain] c.z.h.HikariDataSource                   : HikariPool-1 - Starting...
2024-08-05 09:25:19.615  INFO Camilla --- [  restartedMain] c.z.h.HikariDataSource                   : HikariPool-1 - Start completed.
2024-08-05 09:25:19.670  INFO Camilla --- [  restartedMain] o.h.j.i.u.LogHelper                      : HHH000204: Processing PersistenceUnitInfo [name: default]
2024-08-05 09:25:19.742  INFO Camilla --- [  restartedMain] o.h.Version                              : HHH000412: Hibernate ORM core version 5.6.15.Final
2024-08-05 09:25:19.914  INFO Camilla --- [  restartedMain] o.h.a.c.Version                          : HCANN000001: Hibernate Commons Annotations {5.1.2.Final}
2024-08-05 09:25:20.030  INFO Camilla --- [  restartedMain] o.h.d.Dialect                            : HHH000400: Using dialect: org.hibernate.dialect.MySQL8Dialect
2024-08-05 09:25:21.179  INFO Camilla --- [  restartedMain] o.h.e.t.j.p.i.JtaPlatformInitiator       : HHH000490: Using JtaPlatform implementation: [org.hibernate.engine.transaction.jta.platform.internal.NoJtaPlatform]
2024-08-05 09:25:21.188  INFO Camilla --- [  restartedMain] j.LocalContainerEntityManagerFactoryBean : Initialized JPA EntityManagerFactory for persistence unit 'default'
2024-08-05 09:25:22.612  INFO Camilla --- [  restartedMain] o.s.s.w.DefaultSecurityFilterChain       : Will secure any request with [org.springframework.security.web.session.DisableEncodeUrlFilter@2b9f4f2c, org.springframework.security.web.context.request.async.WebAsyncManagerIntegrationFilter@35e70e95, org.springframework.security.web.context.SecurityContextPersistenceFilter@57a74560, org.springframework.security.web.header.HeaderWriterFilter@e1eb101, org.springframework.web.filter.CorsFilter@274e8724, org.springframework.security.web.authentication.logout.LogoutFilter@35cb5907, com.istt.staff_notification_v2.security.securityv2.JwtAuthenticationFilter@ea6ff2a, org.springframework.security.web.savedrequest.RequestCacheAwareFilter@79f90df2, org.springframework.security.web.servletapi.SecurityContextHolderAwareRequestFilter@7b92020a, org.springframework.security.web.authentication.AnonymousAuthenticationFilter@6d2d1115, org.springframework.security.web.session.SessionManagementFilter@d6b0176, org.springframework.security.web.access.ExceptionTranslationFilter@558de0, org.springframework.security.web.access.intercept.FilterSecurityInterceptor@51ab7fbb]
2024-08-05 09:25:23.985  INFO Camilla --- [  restartedMain] o.s.b.d.a.OptionalLiveReloadServer       : LiveReload server is running on port 35729
2024-08-05 09:25:24.023  INFO Camilla --- [  restartedMain] o.a.c.h.Http11NioProtocol                : Starting ProtocolHandler ["http-nio-5050"]
2024-08-05 09:25:24.063  INFO Camilla --- [  restartedMain] o.s.b.w.e.t.TomcatWebServer              : Tomcat started on port(s): 5050 (http) with context path ''
2024-08-05 09:25:24.075  INFO Camilla --- [  restartedMain] c.i.s.StaffNotificationV2Application     : Started StaffNotificationV2Application in 8.327 seconds (JVM running for 9.586)
2024-08-05 09:31:35.405  INFO Camilla --- [kground-preinit] o.h.v.i.u.Version                        : HV000001: Hibernate Validator 6.2.5.Final
2024-08-05 09:31:35.447  INFO Camilla --- [  restartedMain] c.i.s.StaffNotificationV2Application     : Starting StaffNotificationV2Application using Java 11.0.17 on Camilla with PID 17384 (D:\Eclipse\java\staff2\staff-notificationv2\target\classes started by admin in D:\Eclipse\java\staff2\staff-notificationv2)
2024-08-05 09:31:35.450  INFO Camilla --- [  restartedMain] c.i.s.StaffNotificationV2Application     : No active profile set, falling back to 1 default profile: "default"
2024-08-05 09:31:35.486  INFO Camilla --- [  restartedMain] .e.DevToolsPropertyDefaultsPostProcessor : Devtools property defaults active! Set 'spring.devtools.add-properties' to 'false' to disable
2024-08-05 09:31:35.486  INFO Camilla --- [  restartedMain] .e.DevToolsPropertyDefaultsPostProcessor : For additional web related logging consider setting the 'logging.level.web' property to 'DEBUG'
2024-08-05 09:31:36.286  INFO Camilla --- [  restartedMain] .s.d.r.c.RepositoryConfigurationDelegate : Bootstrapping Spring Data JPA repositories in DEFAULT mode.
2024-08-05 09:31:36.388  INFO Camilla --- [  restartedMain] .s.d.r.c.RepositoryConfigurationDelegate : Finished Spring Data repository scanning in 93 ms. Found 12 JPA repository interfaces.
2024-08-05 09:31:37.306  INFO Camilla --- [  restartedMain] o.s.b.w.e.t.TomcatWebServer              : Tomcat initialized with port(s): 5050 (http)
2024-08-05 09:31:37.326  INFO Camilla --- [  restartedMain] o.a.c.h.Http11NioProtocol                : Initializing ProtocolHandler ["http-nio-5050"]
2024-08-05 09:31:37.328  INFO Camilla --- [  restartedMain] o.a.c.c.StandardService                  : Starting service [Tomcat]
2024-08-05 09:31:37.328  INFO Camilla --- [  restartedMain] o.a.c.c.StandardEngine                   : Starting Servlet engine: [Apache Tomcat/9.0.78]
2024-08-05 09:31:37.468  INFO Camilla --- [  restartedMain] o.a.c.c.C.[.[.[/]                        : Initializing Spring embedded WebApplicationContext
2024-08-05 09:31:37.469  INFO Camilla --- [  restartedMain] w.s.c.ServletWebServerApplicationContext : Root WebApplicationContext: initialization completed in 1982 ms
2024-08-05 09:31:37.668  WARN Camilla --- [  restartedMain] JpaBaseConfiguration$JpaWebConfiguration : spring.jpa.open-in-view is enabled by default. Therefore, database queries may be performed during view rendering. Explicitly configure spring.jpa.open-in-view to disable this warning
2024-08-05 09:31:37.737  INFO Camilla --- [  restartedMain] c.z.h.HikariDataSource                   : HikariPool-1 - Starting...
2024-08-05 09:31:37.968  INFO Camilla --- [  restartedMain] c.z.h.HikariDataSource                   : HikariPool-1 - Start completed.
2024-08-05 09:31:38.011  INFO Camilla --- [  restartedMain] o.h.j.i.u.LogHelper                      : HHH000204: Processing PersistenceUnitInfo [name: default]
2024-08-05 09:31:38.061  INFO Camilla --- [  restartedMain] o.h.Version                              : HHH000412: Hibernate ORM core version 5.6.15.Final
2024-08-05 09:31:38.190  INFO Camilla --- [  restartedMain] o.h.a.c.Version                          : HCANN000001: Hibernate Commons Annotations {5.1.2.Final}
2024-08-05 09:31:38.282  INFO Camilla --- [  restartedMain] o.h.d.Dialect                            : HHH000400: Using dialect: org.hibernate.dialect.MySQL8Dialect
2024-08-05 09:31:39.384  INFO Camilla --- [  restartedMain] o.h.e.t.j.p.i.JtaPlatformInitiator       : HHH000490: Using JtaPlatform implementation: [org.hibernate.engine.transaction.jta.platform.internal.NoJtaPlatform]
2024-08-05 09:31:39.392  INFO Camilla --- [  restartedMain] j.LocalContainerEntityManagerFactoryBean : Initialized JPA EntityManagerFactory for persistence unit 'default'
2024-08-05 09:31:40.693  INFO Camilla --- [  restartedMain] o.s.s.w.DefaultSecurityFilterChain       : Will secure any request with [org.springframework.security.web.session.DisableEncodeUrlFilter@11bbb285, org.springframework.security.web.context.request.async.WebAsyncManagerIntegrationFilter@558a1935, org.springframework.security.web.context.SecurityContextPersistenceFilter@5cbff2ac, org.springframework.security.web.header.HeaderWriterFilter@279486d0, org.springframework.web.filter.CorsFilter@2e83b432, org.springframework.security.web.authentication.logout.LogoutFilter@9b1077d, com.istt.staff_notification_v2.security.securityv2.JwtAuthenticationFilter@6f310b2a, org.springframework.security.web.savedrequest.RequestCacheAwareFilter@7b2c5bb6, org.springframework.security.web.servletapi.SecurityContextHolderAwareRequestFilter@841a4f4, org.springframework.security.web.authentication.AnonymousAuthenticationFilter@6770a923, org.springframework.security.web.session.SessionManagementFilter@1231a46c, org.springframework.security.web.access.ExceptionTranslationFilter@2a1d8651, org.springframework.security.web.access.intercept.FilterSecurityInterceptor@742515c]
2024-08-05 09:31:41.823  INFO Camilla --- [  restartedMain] o.s.b.d.a.OptionalLiveReloadServer       : LiveReload server is running on port 35729
2024-08-05 09:31:41.857  INFO Camilla --- [  restartedMain] o.a.c.h.Http11NioProtocol                : Starting ProtocolHandler ["http-nio-5050"]
2024-08-05 09:31:41.881  INFO Camilla --- [  restartedMain] o.s.b.w.e.t.TomcatWebServer              : Tomcat started on port(s): 5050 (http) with context path ''
2024-08-05 09:31:41.892  INFO Camilla --- [  restartedMain] c.i.s.StaffNotificationV2Application     : Started StaffNotificationV2Application in 6.776 seconds (JVM running for 7.678)
2024-08-05 09:32:23.629  INFO Camilla --- [nio-5050-exec-2] o.a.c.c.C.[.[.[/]                        : Initializing Spring DispatcherServlet 'dispatcherServlet'
2024-08-05 09:32:23.629  INFO Camilla --- [nio-5050-exec-2] o.s.w.s.DispatcherServlet                : Initializing Servlet 'dispatcherServlet'
2024-08-05 09:32:23.631  INFO Camilla --- [nio-5050-exec-2] o.s.w.s.DispatcherServlet                : Completed initialization in 2 ms
2024-08-05 09:32:26.198  WARN Camilla --- [nio-5050-exec-2] .m.m.a.ExceptionHandlerExceptionResolver : Resolved [https://www.jhipster.tech/problem/problem-with-message{400, Bad request: Password wrong !!!, message=error.Password wrong, params=isttAuth}]
2024-08-05 09:33:46.992  WARN Camilla --- [nio-5050-exec-4] .m.m.a.ExceptionHandlerExceptionResolver : Resolved [https://www.jhipster.tech/problem/problem-with-message{400, Bad request: Password wrong !!!, message=error.Password wrong, params=isttAuth}]
2024-08-05 09:36:44.626  WARN Camilla --- [nio-5050-exec-6] .m.m.a.ExceptionHandlerExceptionResolver : Resolved [https://www.jhipster.tech/problem/problem-with-message{400, Bad request: Password wrong !!!, message=error.Password wrong, params=isttAuth}]
2024-08-05 09:41:54.681  INFO Camilla --- [   File Watcher] rtingClassPathChangeChangedEventListener : Restarting due to 2 class path changes (0 additions, 0 deletions, 2 modifications)
2024-08-05 09:41:54.834  INFO Camilla --- [       Thread-5] o.a.c.h.Http11NioProtocol                : Pausing ProtocolHandler ["http-nio-5050"]
2024-08-05 09:41:54.834  INFO Camilla --- [       Thread-5] o.a.c.c.StandardService                  : Stopping service [Tomcat]
2024-08-05 09:41:54.835  INFO Camilla --- [       Thread-5] o.a.c.c.C.[.[.[/]                        : Destroying Spring FrameworkServlet 'dispatcherServlet'
2024-08-05 09:41:54.838  WARN Camilla --- [       Thread-5] o.a.c.l.WebappClassLoaderBase            : The web application [ROOT] appears to have started a thread named [HikariPool-1 housekeeper] but has failed to stop it. This is very likely to create a memory leak. Stack trace of thread:
 java.base@11.0.17/jdk.internal.misc.Unsafe.park(Native Method)
 java.base@11.0.17/java.util.concurrent.locks.LockSupport.parkNanos(LockSupport.java:234)
 java.base@11.0.17/java.util.concurrent.locks.AbstractQueuedSynchronizer$ConditionObject.awaitNanos(AbstractQueuedSynchronizer.java:2123)
 java.base@11.0.17/java.util.concurrent.ScheduledThreadPoolExecutor$DelayedWorkQueue.take(ScheduledThreadPoolExecutor.java:1182)
 java.base@11.0.17/java.util.concurrent.ScheduledThreadPoolExecutor$DelayedWorkQueue.take(ScheduledThreadPoolExecutor.java:899)
 java.base@11.0.17/java.util.concurrent.ThreadPoolExecutor.getTask(ThreadPoolExecutor.java:1054)
 java.base@11.0.17/java.util.concurrent.ThreadPoolExecutor.runWorker(ThreadPoolExecutor.java:1114)
 java.base@11.0.17/java.util.concurrent.ThreadPoolExecutor$Worker.run(ThreadPoolExecutor.java:628)
 java.base@11.0.17/java.lang.Thread.run(Thread.java:834)
2024-08-05 09:41:54.839  INFO Camilla --- [       Thread-5] o.a.c.h.Http11NioProtocol                : Stopping ProtocolHandler ["http-nio-5050"]
2024-08-05 09:41:54.841  INFO Camilla --- [       Thread-5] o.a.c.h.Http11NioProtocol                : Destroying ProtocolHandler ["http-nio-5050"]
2024-08-05 09:41:54.849  INFO Camilla --- [       Thread-5] j.LocalContainerEntityManagerFactoryBean : Closing JPA EntityManagerFactory for persistence unit 'default'
2024-08-05 09:41:54.851  INFO Camilla --- [       Thread-5] c.z.h.HikariDataSource                   : HikariPool-1 - Shutdown initiated...
2024-08-05 09:41:54.862  INFO Camilla --- [       Thread-5] c.z.h.HikariDataSource                   : HikariPool-1 - Shutdown completed.
2024-08-05 09:41:54.983  INFO Camilla --- [  restartedMain] c.i.s.StaffNotificationV2Application     : Starting StaffNotificationV2Application using Java 11.0.17 on Camilla with PID 17384 (D:\Eclipse\java\staff2\staff-notificationv2\target\classes started by admin in D:\Eclipse\java\staff2\staff-notificationv2)
2024-08-05 09:41:54.984  INFO Camilla --- [  restartedMain] c.i.s.StaffNotificationV2Application     : No active profile set, falling back to 1 default profile: "default"
2024-08-05 09:41:55.272  INFO Camilla --- [  restartedMain] .s.d.r.c.RepositoryConfigurationDelegate : Bootstrapping Spring Data JPA repositories in DEFAULT mode.
2024-08-05 09:41:55.330  INFO Camilla --- [  restartedMain] .s.d.r.c.RepositoryConfigurationDelegate : Finished Spring Data repository scanning in 58 ms. Found 12 JPA repository interfaces.
2024-08-05 09:41:55.461  INFO Camilla --- [  restartedMain] o.s.b.w.e.t.TomcatWebServer              : Tomcat initialized with port(s): 5050 (http)
2024-08-05 09:41:55.462  INFO Camilla --- [  restartedMain] o.a.c.h.Http11NioProtocol                : Initializing ProtocolHandler ["http-nio-5050"]
2024-08-05 09:41:55.462  INFO Camilla --- [  restartedMain] o.a.c.c.StandardService                  : Starting service [Tomcat]
2024-08-05 09:41:55.463  INFO Camilla --- [  restartedMain] o.a.c.c.StandardEngine                   : Starting Servlet engine: [Apache Tomcat/9.0.78]
2024-08-05 09:41:55.489  INFO Camilla --- [  restartedMain] o.a.c.c.C.[.[.[/]                        : Initializing Spring embedded WebApplicationContext
2024-08-05 09:41:55.489  INFO Camilla --- [  restartedMain] w.s.c.ServletWebServerApplicationContext : Root WebApplicationContext: initialization completed in 503 ms
2024-08-05 09:41:55.532  WARN Camilla --- [  restartedMain] JpaBaseConfiguration$JpaWebConfiguration : spring.jpa.open-in-view is enabled by default. Therefore, database queries may be performed during view rendering. Explicitly configure spring.jpa.open-in-view to disable this warning
2024-08-05 09:41:55.552  INFO Camilla --- [  restartedMain] c.z.h.HikariDataSource                   : HikariPool-2 - Starting...
2024-08-05 09:41:55.582  INFO Camilla --- [  restartedMain] c.z.h.HikariDataSource                   : HikariPool-2 - Start completed.
2024-08-05 09:41:55.588  INFO Camilla --- [  restartedMain] o.h.j.i.u.LogHelper                      : HHH000204: Processing PersistenceUnitInfo [name: default]
2024-08-05 09:41:55.593  INFO Camilla --- [  restartedMain] o.h.d.Dialect                            : HHH000400: Using dialect: org.hibernate.dialect.MySQL8Dialect
2024-08-05 09:41:55.982  INFO Camilla --- [  restartedMain] o.h.e.t.j.p.i.JtaPlatformInitiator       : HHH000490: Using JtaPlatform implementation: [org.hibernate.engine.transaction.jta.platform.internal.NoJtaPlatform]
2024-08-05 09:41:55.983  INFO Camilla --- [  restartedMain] j.LocalContainerEntityManagerFactoryBean : Initialized JPA EntityManagerFactory for persistence unit 'default'
2024-08-05 09:41:56.479  INFO Camilla --- [  restartedMain] o.s.s.w.DefaultSecurityFilterChain       : Will secure any request with [org.springframework.security.web.session.DisableEncodeUrlFilter@762640bc, org.springframework.security.web.context.request.async.WebAsyncManagerIntegrationFilter@17c87f0b, org.springframework.security.web.context.SecurityContextPersistenceFilter@4aca06b8, org.springframework.security.web.header.HeaderWriterFilter@15dae8e6, org.springframework.web.filter.CorsFilter@54b3e23c, org.springframework.security.web.authentication.logout.LogoutFilter@39d04cf, com.istt.staff_notification_v2.security.securityv2.JwtAuthenticationFilter@6bbf1450, org.springframework.security.web.savedrequest.RequestCacheAwareFilter@6eaab21c, org.springframework.security.web.servletapi.SecurityContextHolderAwareRequestFilter@2c75faf7, org.springframework.security.web.authentication.AnonymousAuthenticationFilter@1ff6a05a, org.springframework.security.web.session.SessionManagementFilter@35f0191e, org.springframework.security.web.access.ExceptionTranslationFilter@6288c994, org.springframework.security.web.access.intercept.FilterSecurityInterceptor@54cb2ae1]
2024-08-05 09:41:56.966  INFO Camilla --- [  restartedMain] o.s.b.d.a.OptionalLiveReloadServer       : LiveReload server is running on port 35729
2024-08-05 09:41:56.981  INFO Camilla --- [  restartedMain] o.a.c.h.Http11NioProtocol                : Starting ProtocolHandler ["http-nio-5050"]
2024-08-05 09:41:56.984  INFO Camilla --- [  restartedMain] o.s.b.w.e.t.TomcatWebServer              : Tomcat started on port(s): 5050 (http) with context path ''
2024-08-05 09:41:56.988  INFO Camilla --- [  restartedMain] c.i.s.StaffNotificationV2Application     : Started StaffNotificationV2Application in 2.05 seconds (JVM running for 622.774)
2024-08-05 09:41:56.990  INFO Camilla --- [  restartedMain] .ConditionEvaluationDeltaLoggingListener : Condition evaluation unchanged
2024-08-05 09:42:02.066  INFO Camilla --- [nio-5050-exec-2] o.a.c.c.C.[.[.[/]                        : Initializing Spring DispatcherServlet 'dispatcherServlet'
2024-08-05 09:42:02.068  INFO Camilla --- [nio-5050-exec-2] o.s.w.s.DispatcherServlet                : Initializing Servlet 'dispatcherServlet'
2024-08-05 09:42:02.068  INFO Camilla --- [nio-5050-exec-2] o.s.w.s.DispatcherServlet                : Completed initialization in 0 ms
2024-08-05 09:42:04.595  WARN Camilla --- [nio-5050-exec-2] .m.m.a.ExceptionHandlerExceptionResolver : Resolved [https://www.jhipster.tech/problem/problem-with-message{400, Bad request: Password wrong !!!, message=error.Password wrong, params=isttAuth}]
2024-08-05 09:43:12.334  WARN Camilla --- [nio-5050-exec-4] .m.m.a.ExceptionHandlerExceptionResolver : Resolved [https://www.jhipster.tech/problem/problem-with-message{400, Bad request: Password wrong !!!, message=error.Password wrong, params=isttAuth}]
2024-08-05 09:43:42.514  INFO Camilla --- [   File Watcher] rtingClassPathChangeChangedEventListener : Restarting due to 2 class path changes (0 additions, 0 deletions, 2 modifications)
2024-08-05 09:43:42.664  INFO Camilla --- [       Thread-7] o.a.c.h.Http11NioProtocol                : Pausing ProtocolHandler ["http-nio-5050"]
2024-08-05 09:43:42.665  INFO Camilla --- [       Thread-7] o.a.c.c.StandardService                  : Stopping service [Tomcat]
2024-08-05 09:43:42.665  INFO Camilla --- [       Thread-7] o.a.c.c.C.[.[.[/]                        : Destroying Spring FrameworkServlet 'dispatcherServlet'
2024-08-05 09:43:42.666  WARN Camilla --- [       Thread-7] o.a.c.l.WebappClassLoaderBase            : The web application [ROOT] appears to have started a thread named [HikariPool-2 housekeeper] but has failed to stop it. This is very likely to create a memory leak. Stack trace of thread:
 java.base@11.0.17/jdk.internal.misc.Unsafe.park(Native Method)
 java.base@11.0.17/java.util.concurrent.locks.LockSupport.parkNanos(LockSupport.java:234)
 java.base@11.0.17/java.util.concurrent.locks.AbstractQueuedSynchronizer$ConditionObject.awaitNanos(AbstractQueuedSynchronizer.java:2123)
 java.base@11.0.17/java.util.concurrent.ScheduledThreadPoolExecutor$DelayedWorkQueue.take(ScheduledThreadPoolExecutor.java:1182)
 java.base@11.0.17/java.util.concurrent.ScheduledThreadPoolExecutor$DelayedWorkQueue.take(ScheduledThreadPoolExecutor.java:899)
 java.base@11.0.17/java.util.concurrent.ThreadPoolExecutor.getTask(ThreadPoolExecutor.java:1054)
 java.base@11.0.17/java.util.concurrent.ThreadPoolExecutor.runWorker(ThreadPoolExecutor.java:1114)
 java.base@11.0.17/java.util.concurrent.ThreadPoolExecutor$Worker.run(ThreadPoolExecutor.java:628)
 java.base@11.0.17/java.lang.Thread.run(Thread.java:834)
2024-08-05 09:43:42.666  INFO Camilla --- [       Thread-7] o.a.c.h.Http11NioProtocol                : Stopping ProtocolHandler ["http-nio-5050"]
2024-08-05 09:43:42.668  INFO Camilla --- [       Thread-7] o.a.c.h.Http11NioProtocol                : Destroying ProtocolHandler ["http-nio-5050"]
2024-08-05 09:43:42.670  INFO Camilla --- [       Thread-7] j.LocalContainerEntityManagerFactoryBean : Closing JPA EntityManagerFactory for persistence unit 'default'
2024-08-05 09:43:42.670  INFO Camilla --- [       Thread-7] c.z.h.HikariDataSource                   : HikariPool-2 - Shutdown initiated...
2024-08-05 09:43:42.672  INFO Camilla --- [       Thread-7] c.z.h.HikariDataSource                   : HikariPool-2 - Shutdown completed.
2024-08-05 09:43:42.763  INFO Camilla --- [  restartedMain] c.i.s.StaffNotificationV2Application     : Starting StaffNotificationV2Application using Java 11.0.17 on Camilla with PID 17384 (D:\Eclipse\java\staff2\staff-notificationv2\target\classes started by admin in D:\Eclipse\java\staff2\staff-notificationv2)
2024-08-05 09:43:42.764  INFO Camilla --- [  restartedMain] c.i.s.StaffNotificationV2Application     : No active profile set, falling back to 1 default profile: "default"
2024-08-05 09:43:43.010  INFO Camilla --- [  restartedMain] .s.d.r.c.RepositoryConfigurationDelegate : Bootstrapping Spring Data JPA repositories in DEFAULT mode.
2024-08-05 09:43:43.068  INFO Camilla --- [  restartedMain] .s.d.r.c.RepositoryConfigurationDelegate : Finished Spring Data repository scanning in 57 ms. Found 12 JPA repository interfaces.
2024-08-05 09:43:43.151  INFO Camilla --- [  restartedMain] o.s.b.w.e.t.TomcatWebServer              : Tomcat initialized with port(s): 5050 (http)
2024-08-05 09:43:43.152  INFO Camilla --- [  restartedMain] o.a.c.h.Http11NioProtocol                : Initializing ProtocolHandler ["http-nio-5050"]
2024-08-05 09:43:43.152  INFO Camilla --- [  restartedMain] o.a.c.c.StandardService                  : Starting service [Tomcat]
2024-08-05 09:43:43.153  INFO Camilla --- [  restartedMain] o.a.c.c.StandardEngine                   : Starting Servlet engine: [Apache Tomcat/9.0.78]
2024-08-05 09:43:43.179  INFO Camilla --- [  restartedMain] o.a.c.c.C.[.[.[/]                        : Initializing Spring embedded WebApplicationContext
2024-08-05 09:43:43.180  INFO Camilla --- [  restartedMain] w.s.c.ServletWebServerApplicationContext : Root WebApplicationContext: initialization completed in 414 ms
2024-08-05 09:43:43.224  WARN Camilla --- [  restartedMain] JpaBaseConfiguration$JpaWebConfiguration : spring.jpa.open-in-view is enabled by default. Therefore, database queries may be performed during view rendering. Explicitly configure spring.jpa.open-in-view to disable this warning
2024-08-05 09:43:43.239  INFO Camilla --- [  restartedMain] c.z.h.HikariDataSource                   : HikariPool-3 - Starting...
2024-08-05 09:43:43.270  INFO Camilla --- [  restartedMain] c.z.h.HikariDataSource                   : HikariPool-3 - Start completed.
2024-08-05 09:43:43.276  INFO Camilla --- [  restartedMain] o.h.j.i.u.LogHelper                      : HHH000204: Processing PersistenceUnitInfo [name: default]
2024-08-05 09:43:43.281  INFO Camilla --- [  restartedMain] o.h.d.Dialect                            : HHH000400: Using dialect: org.hibernate.dialect.MySQL8Dialect
2024-08-05 09:43:43.621  INFO Camilla --- [  restartedMain] o.h.e.t.j.p.i.JtaPlatformInitiator       : HHH000490: Using JtaPlatform implementation: [org.hibernate.engine.transaction.jta.platform.internal.NoJtaPlatform]
2024-08-05 09:43:43.621  INFO Camilla --- [  restartedMain] j.LocalContainerEntityManagerFactoryBean : Initialized JPA EntityManagerFactory for persistence unit 'default'
2024-08-05 09:43:44.077  INFO Camilla --- [  restartedMain] o.s.s.w.DefaultSecurityFilterChain       : Will secure any request with [org.springframework.security.web.session.DisableEncodeUrlFilter@290208ff, org.springframework.security.web.context.request.async.WebAsyncManagerIntegrationFilter@75abd2fb, org.springframework.security.web.context.SecurityContextPersistenceFilter@df0f906, org.springframework.security.web.header.HeaderWriterFilter@5e36ceb3, org.springframework.web.filter.CorsFilter@672f65a6, org.springframework.security.web.authentication.logout.LogoutFilter@706fff06, com.istt.staff_notification_v2.security.securityv2.JwtAuthenticationFilter@52585553, org.springframework.security.web.savedrequest.RequestCacheAwareFilter@67fdfc95, org.springframework.security.web.servletapi.SecurityContextHolderAwareRequestFilter@fd6f58f, org.springframework.security.web.authentication.AnonymousAuthenticationFilter@2ce9cd6, org.springframework.security.web.session.SessionManagementFilter@5aa5fb6c, org.springframework.security.web.access.ExceptionTranslationFilter@67d835e, org.springframework.security.web.access.intercept.FilterSecurityInterceptor@574ff8b5]
2024-08-05 09:43:44.541  INFO Camilla --- [  restartedMain] o.s.b.d.a.OptionalLiveReloadServer       : LiveReload server is running on port 35729
2024-08-05 09:43:44.550  INFO Camilla --- [  restartedMain] o.a.c.h.Http11NioProtocol                : Starting ProtocolHandler ["http-nio-5050"]
2024-08-05 09:43:44.555  INFO Camilla --- [  restartedMain] o.s.b.w.e.t.TomcatWebServer              : Tomcat started on port(s): 5050 (http) with context path ''
2024-08-05 09:43:44.564  INFO Camilla --- [  restartedMain] c.i.s.StaffNotificationV2Application     : Started StaffNotificationV2Application in 1.841 seconds (JVM running for 730.351)
2024-08-05 09:43:44.565  INFO Camilla --- [  restartedMain] .ConditionEvaluationDeltaLoggingListener : Condition evaluation unchanged
2024-08-05 09:43:47.828  INFO Camilla --- [nio-5050-exec-2] o.a.c.c.C.[.[.[/]                        : Initializing Spring DispatcherServlet 'dispatcherServlet'
2024-08-05 09:43:47.828  INFO Camilla --- [nio-5050-exec-2] o.s.w.s.DispatcherServlet                : Initializing Servlet 'dispatcherServlet'
2024-08-05 09:43:47.829  INFO Camilla --- [nio-5050-exec-2] o.s.w.s.DispatcherServlet                : Completed initialization in 1 ms
2024-08-05 09:43:49.407  WARN Camilla --- [nio-5050-exec-2] .m.m.a.ExceptionHandlerExceptionResolver : Resolved [https://www.jhipster.tech/problem/problem-with-message{400, Bad request: response is null !!!, message=error.Password wrong, params=isttAuth}]
2024-08-05 09:43:50.242  WARN Camilla --- [nio-5050-exec-4] .m.m.a.ExceptionHandlerExceptionResolver : Resolved [https://www.jhipster.tech/problem/problem-with-message{400, Bad request: response is null !!!, message=error.Password wrong, params=isttAuth}]
2024-08-05 09:55:33.111  WARN Camilla --- [nio-5050-exec-6] .m.m.a.ExceptionHandlerExceptionResolver : Resolved [https://www.jhipster.tech/problem/problem-with-message{400, Bad request: response is null !!!, message=error.Password wrong, params=isttAuth}]
2024-08-05 09:55:34.281  WARN Camilla --- [nio-5050-exec-8] .m.m.a.ExceptionHandlerExceptionResolver : Resolved [https://www.jhipster.tech/problem/problem-with-message{400, Bad request: response is null !!!, message=error.Password wrong, params=isttAuth}]
2024-08-05 10:21:11.855  WARN Camilla --- [io-5050-exec-10] .m.m.a.ExceptionHandlerExceptionResolver : Resolved [https://www.jhipster.tech/problem/problem-with-message{400, Bad request: response is null !!!, message=error.Password wrong, params=isttAuth}]
2024-08-05 10:51:48.879  WARN Camilla --- [nio-5050-exec-1] .m.m.a.ExceptionHandlerExceptionResolver : Resolved [https://www.jhipster.tech/problem/problem-with-message{400, Bad request: response is null !!!, message=error.Password wrong, params=isttAuth}]
2024-08-05 10:51:50.191  WARN Camilla --- [nio-5050-exec-4] .m.m.a.ExceptionHandlerExceptionResolver : Resolved [https://www.jhipster.tech/problem/problem-with-message{400, Bad request: response is null !!!, message=error.Password wrong, params=isttAuth}]
2024-08-05 10:51:52.533  WARN Camilla --- [nio-5050-exec-7] .m.m.a.ExceptionHandlerExceptionResolver : Resolved [https://www.jhipster.tech/problem/problem-with-message{400, Bad request: response is null !!!, message=error.Password wrong, params=isttAuth}]
2024-08-05 11:03:38.076  INFO Camilla --- [kground-preinit] o.h.v.i.u.Version                        : HV000001: Hibernate Validator 6.2.5.Final
2024-08-05 11:03:38.118  INFO Camilla --- [  restartedMain] c.i.s.StaffNotificationV2Application     : Starting StaffNotificationV2Application using Java 11.0.17 on Camilla with PID 17744 (D:\Eclipse\java\staff2\staff-notificationv2\target\classes started by admin in D:\Eclipse\java\staff2\staff-notificationv2)
2024-08-05 11:03:38.123  INFO Camilla --- [  restartedMain] c.i.s.StaffNotificationV2Application     : No active profile set, falling back to 1 default profile: "default"
2024-08-05 11:03:38.160  INFO Camilla --- [  restartedMain] .e.DevToolsPropertyDefaultsPostProcessor : Devtools property defaults active! Set 'spring.devtools.add-properties' to 'false' to disable
2024-08-05 11:03:38.160  INFO Camilla --- [  restartedMain] .e.DevToolsPropertyDefaultsPostProcessor : For additional web related logging consider setting the 'logging.level.web' property to 'DEBUG'
2024-08-05 11:03:39.061  INFO Camilla --- [  restartedMain] .s.d.r.c.RepositoryConfigurationDelegate : Bootstrapping Spring Data JPA repositories in DEFAULT mode.
2024-08-05 11:03:39.160  INFO Camilla --- [  restartedMain] .s.d.r.c.RepositoryConfigurationDelegate : Finished Spring Data repository scanning in 89 ms. Found 12 JPA repository interfaces.
2024-08-05 11:03:40.244  INFO Camilla --- [  restartedMain] o.s.b.w.e.t.TomcatWebServer              : Tomcat initialized with port(s): 5050 (http)
2024-08-05 11:03:40.264  INFO Camilla --- [  restartedMain] o.a.c.h.Http11NioProtocol                : Initializing ProtocolHandler ["http-nio-5050"]
2024-08-05 11:03:40.266  INFO Camilla --- [  restartedMain] o.a.c.c.StandardService                  : Starting service [Tomcat]
2024-08-05 11:03:40.266  INFO Camilla --- [  restartedMain] o.a.c.c.StandardEngine                   : Starting Servlet engine: [Apache Tomcat/9.0.78]
2024-08-05 11:03:40.397  INFO Camilla --- [  restartedMain] o.a.c.c.C.[.[.[/]                        : Initializing Spring embedded WebApplicationContext
2024-08-05 11:03:40.398  INFO Camilla --- [  restartedMain] w.s.c.ServletWebServerApplicationContext : Root WebApplicationContext: initialization completed in 2236 ms
2024-08-05 11:03:40.597  WARN Camilla --- [  restartedMain] JpaBaseConfiguration$JpaWebConfiguration : spring.jpa.open-in-view is enabled by default. Therefore, database queries may be performed during view rendering. Explicitly configure spring.jpa.open-in-view to disable this warning
2024-08-05 11:03:40.677  INFO Camilla --- [  restartedMain] c.z.h.HikariDataSource                   : HikariPool-1 - Starting...
2024-08-05 11:03:40.903  INFO Camilla --- [  restartedMain] c.z.h.HikariDataSource                   : HikariPool-1 - Start completed.
2024-08-05 11:03:40.968  INFO Camilla --- [  restartedMain] o.h.j.i.u.LogHelper                      : HHH000204: Processing PersistenceUnitInfo [name: default]
2024-08-05 11:03:41.045  INFO Camilla --- [  restartedMain] o.h.Version                              : HHH000412: Hibernate ORM core version 5.6.15.Final
2024-08-05 11:03:41.204  INFO Camilla --- [  restartedMain] o.h.a.c.Version                          : HCANN000001: Hibernate Commons Annotations {5.1.2.Final}
2024-08-05 11:03:41.311  INFO Camilla --- [  restartedMain] o.h.d.Dialect                            : HHH000400: Using dialect: org.hibernate.dialect.MySQL8Dialect
2024-08-05 11:03:42.526  INFO Camilla --- [  restartedMain] o.h.e.t.j.p.i.JtaPlatformInitiator       : HHH000490: Using JtaPlatform implementation: [org.hibernate.engine.transaction.jta.platform.internal.NoJtaPlatform]
2024-08-05 11:03:42.544  INFO Camilla --- [  restartedMain] j.LocalContainerEntityManagerFactoryBean : Initialized JPA EntityManagerFactory for persistence unit 'default'
2024-08-05 11:03:43.788  INFO Camilla --- [  restartedMain] o.s.s.w.DefaultSecurityFilterChain       : Will secure any request with [org.springframework.security.web.session.DisableEncodeUrlFilter@15611a17, org.springframework.security.web.context.request.async.WebAsyncManagerIntegrationFilter@4486952c, org.springframework.security.web.context.SecurityContextPersistenceFilter@52090392, org.springframework.security.web.header.HeaderWriterFilter@1bc22355, org.springframework.web.filter.CorsFilter@11d804e8, org.springframework.security.web.authentication.logout.LogoutFilter@59ec5ef7, com.istt.staff_notification_v2.security.securityv2.JwtAuthenticationFilter@55ed10ca, org.springframework.security.web.savedrequest.RequestCacheAwareFilter@783ecabd, org.springframework.security.web.servletapi.SecurityContextHolderAwareRequestFilter@7401dded, org.springframework.security.web.authentication.AnonymousAuthenticationFilter@798a8551, org.springframework.security.web.session.SessionManagementFilter@3f57eed8, org.springframework.security.web.access.ExceptionTranslationFilter@293ce787, org.springframework.security.web.access.intercept.FilterSecurityInterceptor@5f1c7a2e]
2024-08-05 11:03:44.911  INFO Camilla --- [  restartedMain] o.s.b.d.a.OptionalLiveReloadServer       : LiveReload server is running on port 35729
2024-08-05 11:03:44.942  INFO Camilla --- [  restartedMain] o.a.c.h.Http11NioProtocol                : Starting ProtocolHandler ["http-nio-5050"]
2024-08-05 11:03:44.969  INFO Camilla --- [  restartedMain] o.s.b.w.e.t.TomcatWebServer              : Tomcat started on port(s): 5050 (http) with context path ''
2024-08-05 11:03:44.979  INFO Camilla --- [  restartedMain] c.i.s.StaffNotificationV2Application     : Started StaffNotificationV2Application in 7.282 seconds (JVM running for 8.243)
2024-08-05 11:56:47.504  INFO Camilla --- [kground-preinit] o.h.v.i.u.Version                        : HV000001: Hibernate Validator 6.2.5.Final
2024-08-05 11:56:47.557  INFO Camilla --- [  restartedMain] c.i.s.StaffNotificationV2Application     : Starting StaffNotificationV2Application using Java 11.0.17 on Camilla with PID 25584 (D:\Eclipse\java\staff2\staff-notificationv2\target\classes started by admin in D:\Eclipse\java\staff2\staff-notificationv2)
2024-08-05 11:56:47.561  INFO Camilla --- [  restartedMain] c.i.s.StaffNotificationV2Application     : No active profile set, falling back to 1 default profile: "default"
2024-08-05 11:56:47.600  INFO Camilla --- [  restartedMain] .e.DevToolsPropertyDefaultsPostProcessor : Devtools property defaults active! Set 'spring.devtools.add-properties' to 'false' to disable
2024-08-05 11:56:47.601  INFO Camilla --- [  restartedMain] .e.DevToolsPropertyDefaultsPostProcessor : For additional web related logging consider setting the 'logging.level.web' property to 'DEBUG'
2024-08-05 11:56:48.431  INFO Camilla --- [  restartedMain] .s.d.r.c.RepositoryConfigurationDelegate : Bootstrapping Spring Data JPA repositories in DEFAULT mode.
2024-08-05 11:56:48.520  INFO Camilla --- [  restartedMain] .s.d.r.c.RepositoryConfigurationDelegate : Finished Spring Data repository scanning in 81 ms. Found 12 JPA repository interfaces.
2024-08-05 11:56:49.421  INFO Camilla --- [  restartedMain] o.s.b.w.e.t.TomcatWebServer              : Tomcat initialized with port(s): 5050 (http)
2024-08-05 11:56:49.438  INFO Camilla --- [  restartedMain] o.a.c.h.Http11NioProtocol                : Initializing ProtocolHandler ["http-nio-5050"]
2024-08-05 11:56:49.439  INFO Camilla --- [  restartedMain] o.a.c.c.StandardService                  : Starting service [Tomcat]
2024-08-05 11:56:49.440  INFO Camilla --- [  restartedMain] o.a.c.c.StandardEngine                   : Starting Servlet engine: [Apache Tomcat/9.0.78]
2024-08-05 11:56:49.554  INFO Camilla --- [  restartedMain] o.a.c.c.C.[.[.[/]                        : Initializing Spring embedded WebApplicationContext
2024-08-05 11:56:49.554  INFO Camilla --- [  restartedMain] w.s.c.ServletWebServerApplicationContext : Root WebApplicationContext: initialization completed in 1953 ms
2024-08-05 11:56:49.765  WARN Camilla --- [  restartedMain] JpaBaseConfiguration$JpaWebConfiguration : spring.jpa.open-in-view is enabled by default. Therefore, database queries may be performed during view rendering. Explicitly configure spring.jpa.open-in-view to disable this warning
2024-08-05 11:56:49.825  INFO Camilla --- [  restartedMain] c.z.h.HikariDataSource                   : HikariPool-1 - Starting...
2024-08-05 11:56:50.070  INFO Camilla --- [  restartedMain] c.z.h.HikariDataSource                   : HikariPool-1 - Start completed.
2024-08-05 11:56:50.113  INFO Camilla --- [  restartedMain] o.h.j.i.u.LogHelper                      : HHH000204: Processing PersistenceUnitInfo [name: default]
2024-08-05 11:56:50.160  INFO Camilla --- [  restartedMain] o.h.Version                              : HHH000412: Hibernate ORM core version 5.6.15.Final
2024-08-05 11:56:50.295  INFO Camilla --- [  restartedMain] o.h.a.c.Version                          : HCANN000001: Hibernate Commons Annotations {5.1.2.Final}
2024-08-05 11:56:50.386  INFO Camilla --- [  restartedMain] o.h.d.Dialect                            : HHH000400: Using dialect: org.hibernate.dialect.MySQL8Dialect
2024-08-05 11:56:51.381  INFO Camilla --- [  restartedMain] o.h.e.t.j.p.i.JtaPlatformInitiator       : HHH000490: Using JtaPlatform implementation: [org.hibernate.engine.transaction.jta.platform.internal.NoJtaPlatform]
2024-08-05 11:56:51.389  INFO Camilla --- [  restartedMain] j.LocalContainerEntityManagerFactoryBean : Initialized JPA EntityManagerFactory for persistence unit 'default'
2024-08-05 11:56:52.587  INFO Camilla --- [  restartedMain] o.s.s.w.DefaultSecurityFilterChain       : Will secure any request with [org.springframework.security.web.session.DisableEncodeUrlFilter@41e2c1ab, org.springframework.security.web.context.request.async.WebAsyncManagerIntegrationFilter@7f07a4d9, org.springframework.security.web.context.SecurityContextPersistenceFilter@5ab54d43, org.springframework.security.web.header.HeaderWriterFilter@6851fb6c, org.springframework.web.filter.CorsFilter@4743c13a, org.springframework.security.web.authentication.logout.LogoutFilter@667a7a66, com.istt.staff_notification_v2.security.securityv2.JwtAuthenticationFilter@2bdd0efd, org.springframework.security.web.savedrequest.RequestCacheAwareFilter@ee0d168, org.springframework.security.web.servletapi.SecurityContextHolderAwareRequestFilter@547d1462, org.springframework.security.web.authentication.AnonymousAuthenticationFilter@518887, org.springframework.security.web.session.SessionManagementFilter@1ec9afaf, org.springframework.security.web.access.ExceptionTranslationFilter@a6608fe, org.springframework.security.web.access.intercept.FilterSecurityInterceptor@2dd93771]
2024-08-05 11:56:53.639  INFO Camilla --- [  restartedMain] o.s.b.d.a.OptionalLiveReloadServer       : LiveReload server is running on port 35729
2024-08-05 11:56:53.669  INFO Camilla --- [  restartedMain] o.a.c.h.Http11NioProtocol                : Starting ProtocolHandler ["http-nio-5050"]
2024-08-05 11:56:53.691  INFO Camilla --- [  restartedMain] o.s.b.w.e.t.TomcatWebServer              : Tomcat started on port(s): 5050 (http) with context path ''
2024-08-05 11:56:53.701  INFO Camilla --- [  restartedMain] c.i.s.StaffNotificationV2Application     : Started StaffNotificationV2Application in 6.472 seconds (JVM running for 7.356)
2024-08-05 14:34:26.740  INFO Camilla --- [kground-preinit] o.h.v.i.u.Version                        : HV000001: Hibernate Validator 6.2.5.Final
2024-08-05 14:34:26.785  INFO Camilla --- [  restartedMain] c.i.s.StaffNotificationV2Application     : Starting StaffNotificationV2Application using Java 11.0.17 on Camilla with PID 2188 (D:\Eclipse\java\staff2\staff-notificationv2\target\classes started by admin in D:\Eclipse\java\staff2\staff-notificationv2)
2024-08-05 14:34:26.789  INFO Camilla --- [  restartedMain] c.i.s.StaffNotificationV2Application     : No active profile set, falling back to 1 default profile: "default"
2024-08-05 14:34:26.829  INFO Camilla --- [  restartedMain] .e.DevToolsPropertyDefaultsPostProcessor : Devtools property defaults active! Set 'spring.devtools.add-properties' to 'false' to disable
2024-08-05 14:34:26.830  INFO Camilla --- [  restartedMain] .e.DevToolsPropertyDefaultsPostProcessor : For additional web related logging consider setting the 'logging.level.web' property to 'DEBUG'
2024-08-05 14:34:27.669  INFO Camilla --- [  restartedMain] .s.d.r.c.RepositoryConfigurationDelegate : Bootstrapping Spring Data JPA repositories in DEFAULT mode.
2024-08-05 14:34:27.760  INFO Camilla --- [  restartedMain] .s.d.r.c.RepositoryConfigurationDelegate : Finished Spring Data repository scanning in 83 ms. Found 12 JPA repository interfaces.
2024-08-05 14:34:28.813  INFO Camilla --- [  restartedMain] o.s.b.w.e.t.TomcatWebServer              : Tomcat initialized with port(s): 5050 (http)
2024-08-05 14:34:28.831  INFO Camilla --- [  restartedMain] o.a.c.h.Http11NioProtocol                : Initializing ProtocolHandler ["http-nio-5050"]
2024-08-05 14:34:28.833  INFO Camilla --- [  restartedMain] o.a.c.c.StandardService                  : Starting service [Tomcat]
2024-08-05 14:34:28.833  INFO Camilla --- [  restartedMain] o.a.c.c.StandardEngine                   : Starting Servlet engine: [Apache Tomcat/9.0.78]
2024-08-05 14:34:28.975  INFO Camilla --- [  restartedMain] o.a.c.c.C.[.[.[/]                        : Initializing Spring embedded WebApplicationContext
2024-08-05 14:34:28.975  INFO Camilla --- [  restartedMain] w.s.c.ServletWebServerApplicationContext : Root WebApplicationContext: initialization completed in 2145 ms
2024-08-05 14:34:29.185  WARN Camilla --- [  restartedMain] JpaBaseConfiguration$JpaWebConfiguration : spring.jpa.open-in-view is enabled by default. Therefore, database queries may be performed during view rendering. Explicitly configure spring.jpa.open-in-view to disable this warning
2024-08-05 14:34:29.266  INFO Camilla --- [  restartedMain] c.z.h.HikariDataSource                   : HikariPool-1 - Starting...
2024-08-05 14:34:29.544  INFO Camilla --- [  restartedMain] c.z.h.HikariDataSource                   : HikariPool-1 - Start completed.
2024-08-05 14:34:29.599  INFO Camilla --- [  restartedMain] o.h.j.i.u.LogHelper                      : HHH000204: Processing PersistenceUnitInfo [name: default]
2024-08-05 14:34:29.672  INFO Camilla --- [  restartedMain] o.h.Version                              : HHH000412: Hibernate ORM core version 5.6.15.Final
2024-08-05 14:34:29.816  INFO Camilla --- [  restartedMain] o.h.a.c.Version                          : HCANN000001: Hibernate Commons Annotations {5.1.2.Final}
2024-08-05 14:34:29.917  INFO Camilla --- [  restartedMain] o.h.d.Dialect                            : HHH000400: Using dialect: org.hibernate.dialect.MySQL8Dialect
2024-08-05 14:34:31.026  INFO Camilla --- [  restartedMain] o.h.e.t.j.p.i.JtaPlatformInitiator       : HHH000490: Using JtaPlatform implementation: [org.hibernate.engine.transaction.jta.platform.internal.NoJtaPlatform]
2024-08-05 14:34:31.035  INFO Camilla --- [  restartedMain] j.LocalContainerEntityManagerFactoryBean : Initialized JPA EntityManagerFactory for persistence unit 'default'
2024-08-05 14:34:32.295  INFO Camilla --- [  restartedMain] o.s.s.w.DefaultSecurityFilterChain       : Will secure any request with [org.springframework.security.web.session.DisableEncodeUrlFilter@712064b5, org.springframework.security.web.context.request.async.WebAsyncManagerIntegrationFilter@76f5534f, org.springframework.security.web.context.SecurityContextPersistenceFilter@5e7ce526, org.springframework.security.web.header.HeaderWriterFilter@fa8bd09, org.springframework.web.filter.CorsFilter@21afd566, org.springframework.security.web.authentication.logout.LogoutFilter@7f735d56, com.istt.staff_notification_v2.security.securityv2.JwtAuthenticationFilter@710dc551, org.springframework.security.web.savedrequest.RequestCacheAwareFilter@788b6991, org.springframework.security.web.servletapi.SecurityContextHolderAwareRequestFilter@2a955579, org.springframework.security.web.authentication.AnonymousAuthenticationFilter@2421ae9f, org.springframework.security.web.session.SessionManagementFilter@472dfb11, org.springframework.security.web.access.ExceptionTranslationFilter@5f57dbe0, org.springframework.security.web.access.intercept.FilterSecurityInterceptor@28b44346]
2024-08-05 14:34:33.380  INFO Camilla --- [  restartedMain] o.s.b.d.a.OptionalLiveReloadServer       : LiveReload server is running on port 35729
2024-08-05 14:34:33.415  INFO Camilla --- [  restartedMain] o.a.c.h.Http11NioProtocol                : Starting ProtocolHandler ["http-nio-5050"]
2024-08-05 14:34:33.451  INFO Camilla --- [  restartedMain] o.s.b.w.e.t.TomcatWebServer              : Tomcat started on port(s): 5050 (http) with context path ''
2024-08-05 14:34:33.461  INFO Camilla --- [  restartedMain] c.i.s.StaffNotificationV2Application     : Started StaffNotificationV2Application in 7.019 seconds (JVM running for 8.028)
