2024-06-17 11:23:29.619  INFO DESKTOP-2B56038 --- [kground-preinit] o.h.v.i.u.Version                        : HV000001: Hibernate Validator 6.2.5.Final
2024-06-17 11:23:29.678  INFO DESKTOP-2B56038 --- [  restartedMain] c.i.s.StaffNotificationV2Application     : Starting StaffNotificationV2Application using Java 15.0.2 on DESKTOP-2B56038 with PID 19060 (F:\Workspace_java\staff-notification-v2\target\classes started by nthan in F:\Workspace_java\staff-notification-v2)
2024-06-17 11:23:29.678  INFO DESKTOP-2B56038 --- [  restartedMain] c.i.s.StaffNotificationV2Application     : Starting StaffNotificationV2Application using Java 15.0.2 on DESKTOP-2B56038 with PID 9740 (F:\Workspace_java\staff-notification-v2\target\classes started by nthan in F:\Workspace_java\staff-notification-v2)
2024-06-17 11:23:29.682  INFO DESKTOP-2B56038 --- [  restartedMain] c.i.s.StaffNotificationV2Application     : No active profile set, falling back to 1 default profile: "default"
2024-06-17 11:23:29.682  INFO DESKTOP-2B56038 --- [  restartedMain] c.i.s.StaffNotificationV2Application     : No active profile set, falling back to 1 default profile: "default"
2024-06-17 11:23:29.736  INFO DESKTOP-2B56038 --- [  restartedMain] .e.DevToolsPropertyDefaultsPostProcessor : Devtools property defaults active! Set 'spring.devtools.add-properties' to 'false' to disable
2024-06-17 11:23:29.737  INFO DESKTOP-2B56038 --- [  restartedMain] .e.DevToolsPropertyDefaultsPostProcessor : For additional web related logging consider setting the 'logging.level.web' property to 'DEBUG'
2024-06-17 11:23:29.737  INFO DESKTOP-2B56038 --- [  restartedMain] .e.DevToolsPropertyDefaultsPostProcessor : Devtools property defaults active! Set 'spring.devtools.add-properties' to 'false' to disable
2024-06-17 11:23:29.738  INFO DESKTOP-2B56038 --- [  restartedMain] .e.DevToolsPropertyDefaultsPostProcessor : For additional web related logging consider setting the 'logging.level.web' property to 'DEBUG'
2024-06-17 11:23:31.300  INFO DESKTOP-2B56038 --- [  restartedMain] .s.d.r.c.RepositoryConfigurationDelegate : Bootstrapping Spring Data JPA repositories in DEFAULT mode.
2024-06-17 11:23:31.300  INFO DESKTOP-2B56038 --- [  restartedMain] .s.d.r.c.RepositoryConfigurationDelegate : Bootstrapping Spring Data JPA repositories in DEFAULT mode.
2024-06-17 11:23:31.375  INFO DESKTOP-2B56038 --- [  restartedMain] .s.d.r.c.RepositoryConfigurationDelegate : Finished Spring Data repository scanning in 67 ms. Found 10 JPA repository interfaces.
2024-06-17 11:23:31.375  INFO DESKTOP-2B56038 --- [  restartedMain] .s.d.r.c.RepositoryConfigurationDelegate : Finished Spring Data repository scanning in 67 ms. Found 10 JPA repository interfaces.
2024-06-17 11:23:32.016  INFO DESKTOP-2B56038 --- [  restartedMain] o.s.b.w.e.t.TomcatWebServer              : Tomcat initialized with port(s): 8080 (http)
2024-06-17 11:23:32.027  INFO DESKTOP-2B56038 --- [  restartedMain] o.s.b.w.e.t.TomcatWebServer              : Tomcat initialized with port(s): 8080 (http)
2024-06-17 11:23:32.033  INFO DESKTOP-2B56038 --- [  restartedMain] o.a.c.h.Http11NioProtocol                : Initializing ProtocolHandler ["http-nio-8080"]
2024-06-17 11:23:32.035  INFO DESKTOP-2B56038 --- [  restartedMain] o.a.c.c.StandardService                  : Starting service [Tomcat]
2024-06-17 11:23:32.036  INFO DESKTOP-2B56038 --- [  restartedMain] o.a.c.c.StandardEngine                   : Starting Servlet engine: [Apache Tomcat/9.0.78]
2024-06-17 11:23:32.045  INFO DESKTOP-2B56038 --- [  restartedMain] o.a.c.h.Http11NioProtocol                : Initializing ProtocolHandler ["http-nio-8080"]
2024-06-17 11:23:32.047  INFO DESKTOP-2B56038 --- [  restartedMain] o.a.c.c.StandardService                  : Starting service [Tomcat]
2024-06-17 11:23:32.048  INFO DESKTOP-2B56038 --- [  restartedMain] o.a.c.c.StandardEngine                   : Starting Servlet engine: [Apache Tomcat/9.0.78]
2024-06-17 11:23:32.137  INFO DESKTOP-2B56038 --- [  restartedMain] o.a.c.c.C.[.[.[/]                        : Initializing Spring embedded WebApplicationContext
2024-06-17 11:23:32.137  INFO DESKTOP-2B56038 --- [  restartedMain] w.s.c.ServletWebServerApplicationContext : Root WebApplicationContext: initialization completed in 2398 ms
2024-06-17 11:23:32.159  INFO DESKTOP-2B56038 --- [  restartedMain] o.a.c.c.C.[.[.[/]                        : Initializing Spring embedded WebApplicationContext
2024-06-17 11:23:32.159  INFO DESKTOP-2B56038 --- [  restartedMain] w.s.c.ServletWebServerApplicationContext : Root WebApplicationContext: initialization completed in 2421 ms
2024-06-17 11:23:32.329  WARN DESKTOP-2B56038 --- [  restartedMain] JpaBaseConfiguration$JpaWebConfiguration : spring.jpa.open-in-view is enabled by default. Therefore, database queries may be performed during view rendering. Explicitly configure spring.jpa.open-in-view to disable this warning
2024-06-17 11:23:32.339  WARN DESKTOP-2B56038 --- [  restartedMain] JpaBaseConfiguration$JpaWebConfiguration : spring.jpa.open-in-view is enabled by default. Therefore, database queries may be performed during view rendering. Explicitly configure spring.jpa.open-in-view to disable this warning
2024-06-17 11:23:32.387  INFO DESKTOP-2B56038 --- [  restartedMain] c.z.h.HikariDataSource                   : HikariPool-1 - Starting...
2024-06-17 11:23:32.391  INFO DESKTOP-2B56038 --- [  restartedMain] c.z.h.HikariDataSource                   : HikariPool-1 - Starting...
2024-06-17 11:23:32.563  INFO DESKTOP-2B56038 --- [  restartedMain] c.z.h.HikariDataSource                   : HikariPool-1 - Start completed.
2024-06-17 11:23:32.564  INFO DESKTOP-2B56038 --- [  restartedMain] c.z.h.HikariDataSource                   : HikariPool-1 - Start completed.
2024-06-17 11:23:32.610  INFO DESKTOP-2B56038 --- [  restartedMain] o.h.j.i.u.LogHelper                      : HHH000204: Processing PersistenceUnitInfo [name: default]
2024-06-17 11:23:32.610  INFO DESKTOP-2B56038 --- [  restartedMain] o.h.j.i.u.LogHelper                      : HHH000204: Processing PersistenceUnitInfo [name: default]
2024-06-17 11:23:32.669  INFO DESKTOP-2B56038 --- [  restartedMain] o.h.Version                              : HHH000412: Hibernate ORM core version 5.6.15.Final
2024-06-17 11:23:32.670  INFO DESKTOP-2B56038 --- [  restartedMain] o.h.Version                              : HHH000412: Hibernate ORM core version 5.6.15.Final
2024-06-17 11:23:32.847  INFO DESKTOP-2B56038 --- [  restartedMain] o.h.a.c.Version                          : HCANN000001: Hibernate Commons Annotations {5.1.2.Final}
2024-06-17 11:23:32.847  INFO DESKTOP-2B56038 --- [  restartedMain] o.h.a.c.Version                          : HCANN000001: Hibernate Commons Annotations {5.1.2.Final}
2024-06-17 11:23:32.955  INFO DESKTOP-2B56038 --- [  restartedMain] o.h.d.Dialect                            : HHH000400: Using dialect: org.hibernate.dialect.MySQL8Dialect
2024-06-17 11:23:32.955  INFO DESKTOP-2B56038 --- [  restartedMain] o.h.d.Dialect                            : HHH000400: Using dialect: org.hibernate.dialect.MySQL8Dialect
2024-06-17 11:23:33.755  INFO DESKTOP-2B56038 --- [  restartedMain] o.h.e.t.j.p.i.JtaPlatformInitiator       : HHH000490: Using JtaPlatform implementation: [org.hibernate.engine.transaction.jta.platform.internal.NoJtaPlatform]
2024-06-17 11:23:33.757  INFO DESKTOP-2B56038 --- [  restartedMain] o.h.e.t.j.p.i.JtaPlatformInitiator       : HHH000490: Using JtaPlatform implementation: [org.hibernate.engine.transaction.jta.platform.internal.NoJtaPlatform]
2024-06-17 11:23:33.764  INFO DESKTOP-2B56038 --- [  restartedMain] j.LocalContainerEntityManagerFactoryBean : Initialized JPA EntityManagerFactory for persistence unit 'default'
2024-06-17 11:23:33.766  INFO DESKTOP-2B56038 --- [  restartedMain] j.LocalContainerEntityManagerFactoryBean : Initialized JPA EntityManagerFactory for persistence unit 'default'
2024-06-17 11:23:34.931  INFO DESKTOP-2B56038 --- [  restartedMain] o.s.s.w.DefaultSecurityFilterChain       : Will secure any request with [org.springframework.security.web.session.DisableEncodeUrlFilter@420a93e2, org.springframework.security.web.context.request.async.WebAsyncManagerIntegrationFilter@35fd1216, org.springframework.security.web.context.SecurityContextPersistenceFilter@78e029f9, org.springframework.security.web.header.HeaderWriterFilter@5804d84, org.springframework.web.filter.CorsFilter@4aeccf8f, org.springframework.security.web.authentication.logout.LogoutFilter@175c159c, com.istt.staff_notification_v2.security.securityv2.JwtAuthenticationFilter@9acf9d9, org.springframework.security.web.savedrequest.RequestCacheAwareFilter@6a7f18c3, org.springframework.security.web.servletapi.SecurityContextHolderAwareRequestFilter@48a003c7, org.springframework.security.web.authentication.AnonymousAuthenticationFilter@1c613d30, org.springframework.security.web.session.SessionManagementFilter@72b4569b, org.springframework.security.web.access.ExceptionTranslationFilter@14abdf1d, org.springframework.security.web.access.intercept.FilterSecurityInterceptor@3d750df1]
2024-06-17 11:23:34.933  INFO DESKTOP-2B56038 --- [  restartedMain] o.s.s.w.DefaultSecurityFilterChain       : Will secure any request with [org.springframework.security.web.session.DisableEncodeUrlFilter@1e804fe0, org.springframework.security.web.context.request.async.WebAsyncManagerIntegrationFilter@1b79e048, org.springframework.security.web.context.SecurityContextPersistenceFilter@62842dfa, org.springframework.security.web.header.HeaderWriterFilter@53433203, org.springframework.web.filter.CorsFilter@5b22c67d, org.springframework.security.web.authentication.logout.LogoutFilter@63ecbab9, com.istt.staff_notification_v2.security.securityv2.JwtAuthenticationFilter@144b9e12, org.springframework.security.web.savedrequest.RequestCacheAwareFilter@395fc76f, org.springframework.security.web.servletapi.SecurityContextHolderAwareRequestFilter@2c8dc01d, org.springframework.security.web.authentication.AnonymousAuthenticationFilter@3d750df1, org.springframework.security.web.session.SessionManagementFilter@642b966f, org.springframework.security.web.access.ExceptionTranslationFilter@2b4b6d18, org.springframework.security.web.access.intercept.FilterSecurityInterceptor@16a96bce]
2024-06-17 11:23:36.088  INFO DESKTOP-2B56038 --- [  restartedMain] o.s.b.d.a.OptionalLiveReloadServer       : LiveReload server is running on port 35729
2024-06-17 11:23:36.097  WARN DESKTOP-2B56038 --- [  restartedMain] o.s.b.d.a.OptionalLiveReloadServer       : Unable to start LiveReload server
2024-06-17 11:23:36.125  INFO DESKTOP-2B56038 --- [  restartedMain] o.a.c.h.Http11NioProtocol                : Starting ProtocolHandler ["http-nio-8080"]
2024-06-17 11:23:36.129  INFO DESKTOP-2B56038 --- [  restartedMain] o.a.c.h.Http11NioProtocol                : Starting ProtocolHandler ["http-nio-8080"]
2024-06-17 11:23:36.133  WARN DESKTOP-2B56038 --- [  restartedMain] ConfigServletWebServerApplicationContext : Exception encountered during context initialization - cancelling refresh attempt: org.springframework.context.ApplicationContextException: Failed to start bean 'webServerStartStop'; nested exception is org.springframework.boot.web.server.PortInUseException: Port 8080 is already in use
2024-06-17 11:23:36.141  INFO DESKTOP-2B56038 --- [  restartedMain] j.LocalContainerEntityManagerFactoryBean : Closing JPA EntityManagerFactory for persistence unit 'default'
2024-06-17 11:23:36.145  INFO DESKTOP-2B56038 --- [  restartedMain] c.z.h.HikariDataSource                   : HikariPool-1 - Shutdown initiated...
2024-06-17 11:23:36.151  INFO DESKTOP-2B56038 --- [  restartedMain] c.z.h.HikariDataSource                   : HikariPool-1 - Shutdown completed.
2024-06-17 11:23:36.154  INFO DESKTOP-2B56038 --- [  restartedMain] o.a.c.h.Http11NioProtocol                : Pausing ProtocolHandler ["http-nio-8080"]
2024-06-17 11:23:36.154  INFO DESKTOP-2B56038 --- [  restartedMain] o.a.c.c.StandardService                  : Stopping service [Tomcat]
2024-06-17 11:23:36.157  INFO DESKTOP-2B56038 --- [  restartedMain] o.s.b.w.e.t.TomcatWebServer              : Tomcat started on port(s): 8080 (http) with context path ''
2024-06-17 11:23:36.158  INFO DESKTOP-2B56038 --- [  restartedMain] o.a.c.h.Http11NioProtocol                : Stopping ProtocolHandler ["http-nio-8080"]
2024-06-17 11:23:36.158  INFO DESKTOP-2B56038 --- [  restartedMain] o.a.c.h.Http11NioProtocol                : Destroying ProtocolHandler ["http-nio-8080"]
2024-06-17 11:23:36.166  INFO DESKTOP-2B56038 --- [  restartedMain] ConditionEvaluationReportLoggingListener : 

Error starting ApplicationContext. To display the conditions report re-run your application with 'debug' enabled.
2024-06-17 11:23:36.167  INFO DESKTOP-2B56038 --- [  restartedMain] c.i.s.StaffNotificationV2Application     : Started StaffNotificationV2Application in 6.83 seconds (JVM running for 8.241)
2024-06-17 11:23:36.182 ERROR DESKTOP-2B56038 --- [  restartedMain] o.s.b.d.LoggingFailureAnalysisReporter   : 

***************************
APPLICATION FAILED TO START
***************************

Description:

Web server failed to start. Port 8080 was already in use.

Action:

Identify and stop the process that's listening on port 8080 or configure this application to listen on another port.

2024-06-17 11:23:55.251  INFO DESKTOP-2B56038 --- [nio-8080-exec-1] o.a.c.c.C.[.[.[/]                        : Initializing Spring DispatcherServlet 'dispatcherServlet'
2024-06-17 11:23:55.252  INFO DESKTOP-2B56038 --- [nio-8080-exec-1] o.s.w.s.DispatcherServlet                : Initializing Servlet 'dispatcherServlet'
2024-06-17 11:23:55.255  INFO DESKTOP-2B56038 --- [nio-8080-exec-1] o.s.w.s.DispatcherServlet                : Completed initialization in 2 ms
2024-06-17 12:04:35.496  INFO DESKTOP-2B56038 --- [io-8080-exec-10] o.s.a.AbstractOpenApiResource            : Init duration for springdoc-openapi is: 758 ms
2024-06-17 16:46:25.916  WARN DESKTOP-2B56038 --- [nio-8080-exec-5] .m.m.a.ExceptionHandlerExceptionResolver : Resolved [https://www.jhipster.tech/problem/problem-with-message{400, Bad request: missing data, message=error.missing, params=isttAttendance}]
2024-06-17 16:47:57.658  WARN DESKTOP-2B56038 --- [nio-8080-exec-6] .m.m.a.ExceptionHandlerExceptionResolver : Resolved [https://www.jhipster.tech/problem/problem-with-message{400, Employee update not found., message=error.Not found, params=isttAttendance}]
2024-06-17 17:44:30.770  INFO DESKTOP-2B56038 --- [on(4)-127.0.0.1] inMXBeanRegistrar$SpringApplicationAdmin : Application shutdown requested.
2024-06-17 17:44:30.770  INFO DESKTOP-2B56038 --- [on(2)-127.0.0.1] inMXBeanRegistrar$SpringApplicationAdmin : Application shutdown requested.
2024-06-17 17:44:30.802  INFO DESKTOP-2B56038 --- [on(2)-127.0.0.1] o.a.c.h.Http11NioProtocol                : Pausing ProtocolHandler ["http-nio-8080"]
2024-06-17 17:44:30.803  INFO DESKTOP-2B56038 --- [on(2)-127.0.0.1] o.a.c.c.StandardService                  : Stopping service [Tomcat]
2024-06-17 17:44:30.807  INFO DESKTOP-2B56038 --- [on(2)-127.0.0.1] o.a.c.c.C.[.[.[/]                        : Destroying Spring FrameworkServlet 'dispatcherServlet'
2024-06-17 17:44:30.816  WARN DESKTOP-2B56038 --- [on(2)-127.0.0.1] o.a.c.l.WebappClassLoaderBase            : The web application [ROOT] appears to have started a thread named [HikariPool-1 housekeeper] but has failed to stop it. This is very likely to create a memory leak. Stack trace of thread:
 java.base@15.0.2/jdk.internal.misc.Unsafe.park(Native Method)
 java.base@15.0.2/java.util.concurrent.locks.LockSupport.parkNanos(LockSupport.java:252)
 java.base@15.0.2/java.util.concurrent.locks.AbstractQueuedSynchronizer$ConditionObject.awaitNanos(AbstractQueuedSynchronizer.java:1661)
 java.base@15.0.2/java.util.concurrent.ScheduledThreadPoolExecutor$DelayedWorkQueue.take(ScheduledThreadPoolExecutor.java:1182)
 java.base@15.0.2/java.util.concurrent.ScheduledThreadPoolExecutor$DelayedWorkQueue.take(ScheduledThreadPoolExecutor.java:899)
 java.base@15.0.2/java.util.concurrent.ThreadPoolExecutor.getTask(ThreadPoolExecutor.java:1056)
 java.base@15.0.2/java.util.concurrent.ThreadPoolExecutor.runWorker(ThreadPoolExecutor.java:1116)
 java.base@15.0.2/java.util.concurrent.ThreadPoolExecutor$Worker.run(ThreadPoolExecutor.java:630)
 java.base@15.0.2/java.lang.Thread.run(Thread.java:832)
2024-06-17 17:44:30.818  INFO DESKTOP-2B56038 --- [on(2)-127.0.0.1] o.a.c.h.Http11NioProtocol                : Stopping ProtocolHandler ["http-nio-8080"]
2024-06-17 17:44:30.822  INFO DESKTOP-2B56038 --- [on(2)-127.0.0.1] o.a.c.h.Http11NioProtocol                : Destroying ProtocolHandler ["http-nio-8080"]
2024-06-17 17:44:30.834  INFO DESKTOP-2B56038 --- [on(2)-127.0.0.1] j.LocalContainerEntityManagerFactoryBean : Closing JPA EntityManagerFactory for persistence unit 'default'
2024-06-17 17:44:30.845  INFO DESKTOP-2B56038 --- [on(2)-127.0.0.1] c.z.h.HikariDataSource                   : HikariPool-1 - Shutdown initiated...
2024-06-17 17:44:30.852  INFO DESKTOP-2B56038 --- [on(2)-127.0.0.1] c.z.h.HikariDataSource                   : HikariPool-1 - Shutdown completed.
2024-06-17 22:16:08.939  INFO DESKTOP-2B56038 --- [kground-preinit] o.h.v.i.u.Version                        : HV000001: Hibernate Validator 6.2.5.Final
2024-06-17 22:16:08.979  INFO DESKTOP-2B56038 --- [  restartedMain] c.i.s.StaffNotificationV2Application     : Starting StaffNotificationV2Application using Java 15.0.2 on DESKTOP-2B56038 with PID 26520 (F:\Workspace_java\staff-notification-v2\target\classes started by nthan in F:\Workspace_java\staff-notification-v2)
2024-06-17 22:16:08.982  INFO DESKTOP-2B56038 --- [  restartedMain] c.i.s.StaffNotificationV2Application     : No active profile set, falling back to 1 default profile: "default"
2024-06-17 22:16:09.015  INFO DESKTOP-2B56038 --- [  restartedMain] .e.DevToolsPropertyDefaultsPostProcessor : Devtools property defaults active! Set 'spring.devtools.add-properties' to 'false' to disable
2024-06-17 22:16:09.016  INFO DESKTOP-2B56038 --- [  restartedMain] .e.DevToolsPropertyDefaultsPostProcessor : For additional web related logging consider setting the 'logging.level.web' property to 'DEBUG'
2024-06-17 22:16:10.382  INFO DESKTOP-2B56038 --- [  restartedMain] .s.d.r.c.RepositoryConfigurationDelegate : Bootstrapping Spring Data JPA repositories in DEFAULT mode.
2024-06-17 22:16:10.450  INFO DESKTOP-2B56038 --- [  restartedMain] .s.d.r.c.RepositoryConfigurationDelegate : Finished Spring Data repository scanning in 61 ms. Found 10 JPA repository interfaces.
2024-06-17 22:16:10.952  INFO DESKTOP-2B56038 --- [  restartedMain] o.s.b.w.e.t.TomcatWebServer              : Tomcat initialized with port(s): 8080 (http)
2024-06-17 22:16:10.965  INFO DESKTOP-2B56038 --- [  restartedMain] o.a.c.h.Http11NioProtocol                : Initializing ProtocolHandler ["http-nio-8080"]
2024-06-17 22:16:10.967  INFO DESKTOP-2B56038 --- [  restartedMain] o.a.c.c.StandardService                  : Starting service [Tomcat]
2024-06-17 22:16:10.967  INFO DESKTOP-2B56038 --- [  restartedMain] o.a.c.c.StandardEngine                   : Starting Servlet engine: [Apache Tomcat/9.0.78]
2024-06-17 22:16:11.045  INFO DESKTOP-2B56038 --- [  restartedMain] o.a.c.c.C.[.[.[/]                        : Initializing Spring embedded WebApplicationContext
2024-06-17 22:16:11.045  INFO DESKTOP-2B56038 --- [  restartedMain] w.s.c.ServletWebServerApplicationContext : Root WebApplicationContext: initialization completed in 2029 ms
2024-06-17 22:16:11.180  WARN DESKTOP-2B56038 --- [  restartedMain] JpaBaseConfiguration$JpaWebConfiguration : spring.jpa.open-in-view is enabled by default. Therefore, database queries may be performed during view rendering. Explicitly configure spring.jpa.open-in-view to disable this warning
2024-06-17 22:16:11.226  INFO DESKTOP-2B56038 --- [  restartedMain] c.z.h.HikariDataSource                   : HikariPool-1 - Starting...
2024-06-17 22:16:11.366  INFO DESKTOP-2B56038 --- [  restartedMain] c.z.h.HikariDataSource                   : HikariPool-1 - Start completed.
2024-06-17 22:16:11.402  INFO DESKTOP-2B56038 --- [  restartedMain] o.h.j.i.u.LogHelper                      : HHH000204: Processing PersistenceUnitInfo [name: default]
2024-06-17 22:16:11.446  INFO DESKTOP-2B56038 --- [  restartedMain] o.h.Version                              : HHH000412: Hibernate ORM core version 5.6.15.Final
2024-06-17 22:16:11.584  INFO DESKTOP-2B56038 --- [  restartedMain] o.h.a.c.Version                          : HCANN000001: Hibernate Commons Annotations {5.1.2.Final}
2024-06-17 22:16:11.675  INFO DESKTOP-2B56038 --- [  restartedMain] o.h.d.Dialect                            : HHH000400: Using dialect: org.hibernate.dialect.MySQL8Dialect
2024-06-17 22:16:12.348  INFO DESKTOP-2B56038 --- [  restartedMain] o.h.e.t.j.p.i.JtaPlatformInitiator       : HHH000490: Using JtaPlatform implementation: [org.hibernate.engine.transaction.jta.platform.internal.NoJtaPlatform]
2024-06-17 22:16:12.356  INFO DESKTOP-2B56038 --- [  restartedMain] j.LocalContainerEntityManagerFactoryBean : Initialized JPA EntityManagerFactory for persistence unit 'default'
2024-06-17 22:16:13.289  INFO DESKTOP-2B56038 --- [  restartedMain] o.s.s.w.DefaultSecurityFilterChain       : Will secure any request with [org.springframework.security.web.session.DisableEncodeUrlFilter@72ec67e4, org.springframework.security.web.context.request.async.WebAsyncManagerIntegrationFilter@40257177, org.springframework.security.web.context.SecurityContextPersistenceFilter@22219619, org.springframework.security.web.header.HeaderWriterFilter@5a24572b, org.springframework.web.filter.CorsFilter@5f2d0648, org.springframework.security.web.authentication.logout.LogoutFilter@654e2498, com.istt.staff_notification_v2.security.securityv2.JwtAuthenticationFilter@243606e1, org.springframework.security.web.savedrequest.RequestCacheAwareFilter@3fd2c9b2, org.springframework.security.web.servletapi.SecurityContextHolderAwareRequestFilter@7fa76fc, org.springframework.security.web.authentication.AnonymousAuthenticationFilter@29fc6502, org.springframework.security.web.session.SessionManagementFilter@6f978f2f, org.springframework.security.web.access.ExceptionTranslationFilter@5635c243, org.springframework.security.web.access.intercept.FilterSecurityInterceptor@420a93e2]
2024-06-17 22:16:14.069  INFO DESKTOP-2B56038 --- [  restartedMain] o.s.b.d.a.OptionalLiveReloadServer       : LiveReload server is running on port 35729
2024-06-17 22:16:14.088  INFO DESKTOP-2B56038 --- [  restartedMain] o.a.c.h.Http11NioProtocol                : Starting ProtocolHandler ["http-nio-8080"]
2024-06-17 22:16:14.116  INFO DESKTOP-2B56038 --- [  restartedMain] o.s.b.w.e.t.TomcatWebServer              : Tomcat started on port(s): 8080 (http) with context path ''
2024-06-17 22:16:14.125  INFO DESKTOP-2B56038 --- [  restartedMain] c.i.s.StaffNotificationV2Application     : Started StaffNotificationV2Application in 5.441 seconds (JVM running for 6.378)
2024-06-17 22:24:26.269  INFO DESKTOP-2B56038 --- [nio-8080-exec-1] o.a.c.c.C.[.[.[/]                        : Initializing Spring DispatcherServlet 'dispatcherServlet'
2024-06-17 22:24:26.269  INFO DESKTOP-2B56038 --- [nio-8080-exec-1] o.s.w.s.DispatcherServlet                : Initializing Servlet 'dispatcherServlet'
2024-06-17 22:24:26.270  INFO DESKTOP-2B56038 --- [nio-8080-exec-1] o.s.w.s.DispatcherServlet                : Completed initialization in 1 ms
2024-06-17 23:33:44.370  INFO DESKTOP-2B56038 --- [on(2)-127.0.0.1] inMXBeanRegistrar$SpringApplicationAdmin : Application shutdown requested.
2024-06-17 23:33:44.398  INFO DESKTOP-2B56038 --- [on(2)-127.0.0.1] o.a.c.h.Http11NioProtocol                : Pausing ProtocolHandler ["http-nio-8080"]
2024-06-17 23:33:44.399  INFO DESKTOP-2B56038 --- [on(2)-127.0.0.1] o.a.c.c.StandardService                  : Stopping service [Tomcat]
2024-06-17 23:33:44.400  INFO DESKTOP-2B56038 --- [on(2)-127.0.0.1] o.a.c.c.C.[.[.[/]                        : Destroying Spring FrameworkServlet 'dispatcherServlet'
2024-06-17 23:33:44.404  WARN DESKTOP-2B56038 --- [on(2)-127.0.0.1] o.a.c.l.WebappClassLoaderBase            : The web application [ROOT] appears to have started a thread named [HikariPool-1 housekeeper] but has failed to stop it. This is very likely to create a memory leak. Stack trace of thread:
 java.base@15.0.2/jdk.internal.misc.Unsafe.park(Native Method)
 java.base@15.0.2/java.util.concurrent.locks.LockSupport.parkNanos(LockSupport.java:252)
 java.base@15.0.2/java.util.concurrent.locks.AbstractQueuedSynchronizer$ConditionObject.awaitNanos(AbstractQueuedSynchronizer.java:1661)
 java.base@15.0.2/java.util.concurrent.ScheduledThreadPoolExecutor$DelayedWorkQueue.take(ScheduledThreadPoolExecutor.java:1182)
 java.base@15.0.2/java.util.concurrent.ScheduledThreadPoolExecutor$DelayedWorkQueue.take(ScheduledThreadPoolExecutor.java:899)
 java.base@15.0.2/java.util.concurrent.ThreadPoolExecutor.getTask(ThreadPoolExecutor.java:1056)
 java.base@15.0.2/java.util.concurrent.ThreadPoolExecutor.runWorker(ThreadPoolExecutor.java:1116)
 java.base@15.0.2/java.util.concurrent.ThreadPoolExecutor$Worker.run(ThreadPoolExecutor.java:630)
 java.base@15.0.2/java.lang.Thread.run(Thread.java:832)
2024-06-17 23:33:44.405  INFO DESKTOP-2B56038 --- [on(2)-127.0.0.1] o.a.c.h.Http11NioProtocol                : Stopping ProtocolHandler ["http-nio-8080"]
2024-06-17 23:33:44.407  INFO DESKTOP-2B56038 --- [on(2)-127.0.0.1] o.a.c.h.Http11NioProtocol                : Destroying ProtocolHandler ["http-nio-8080"]
2024-06-17 23:33:44.419  INFO DESKTOP-2B56038 --- [on(2)-127.0.0.1] j.LocalContainerEntityManagerFactoryBean : Closing JPA EntityManagerFactory for persistence unit 'default'
2024-06-17 23:33:44.423  INFO DESKTOP-2B56038 --- [on(2)-127.0.0.1] c.z.h.HikariDataSource                   : HikariPool-1 - Shutdown initiated...
2024-06-17 23:33:44.426  INFO DESKTOP-2B56038 --- [on(2)-127.0.0.1] c.z.h.HikariDataSource                   : HikariPool-1 - Shutdown completed.
